#
# There is insufficient memory for the Java Runtime Environment to continue.
# Native memory allocation (mmap) failed to map 205520896 bytes for committing reserved memory.
# Possible reasons:
#   The system is out of physical RAM or swap space
#   The process is running with CompressedOops enabled, and the Java Heap may be blocking the growth of the native heap
# Possible solutions:
#   Reduce memory load on the system
#   Increase physical memory or swap space
#   Check if swap backing store is full
#   Decrease Java heap size (-Xmx/-Xms)
#   Decrease number of Java threads
#   Decrease Java thread stack sizes (-Xss)
#   Set larger code cache with -XX:ReservedCodeCacheSize=
#   JVM is running with Unscaled Compressed Oops mode in which the Java heap is
#     placed in the first 4GB address space. The Java Heap base address is the
#     maximum limit for the native heap growth. Please use -XX:HeapBaseMinAddress
#     to set the Java Heap base and to place the Java Heap above 4GB virtual address.
# This output file may be truncated or incomplete.
#
#  Out of Memory Error (os_linux.cpp:2893), pid=7363, tid=7376
#
# JRE version: OpenJDK Runtime Environment (11.0.4+11) (build 11.0.4+11-post-Ubuntu-1ubuntu218.04.3)
# Java VM: OpenJDK 64-Bit Server VM (11.0.4+11-post-Ubuntu-1ubuntu218.04.3, mixed mode, sharing, tiered, compressed oops, g1 gc, linux-amd64)
# Core dump will be written. Default location: Core dumps may be processed with "/usr/share/apport/apport %p %s %c %d %P" (or dumping to /home/jl/Documents/spyyy/info/core.7363)
#

---------------  S U M M A R Y ------------

Command Line: -XX:TieredStopAtLevel=1 -Xverify:none -Dspring.output.ansi.enabled=always -Dcom.sun.management.jmxremote -Dspring.jmx.enabled=true -Dspring.liveBeansView.mbeanDomain -Dspring.application.admin.enabled=true -javaagent:/home/jl/Downloads/idea-IU-192.5728.98/lib/idea_rt.jar=37325:/home/jl/Downloads/idea-IU-192.5728.98/bin -Dfile.encoding=UTF-8 com.qo.InfoApplication

Host: Intel(R) Core(TM) i7-8550U CPU @ 1.80GHz, 8 cores, 7G, Ubuntu 18.04.3 LTS
Time: Mon Sep  2 14:32:39 2019 EAT elapsed time: 185 seconds (0d 0h 3m 5s)

---------------  T H R E A D  ---------------

Current thread (0x00007fcb58180800):  VMThread "VM Thread" [stack: 0x00007fcb314fc000,0x00007fcb315fc000] [id=7376]

Stack: [0x00007fcb314fc000,0x00007fcb315fc000],  sp=0x00007fcb315f9ff0,  free space=1015k
Native frames: (J=compiled Java code, A=aot compiled Java code, j=interpreted, Vv=VM code, C=native code)
V  [libjvm.so+0xde4547]
V  [libjvm.so+0xde519b]
V  [libjvm.so+0x6511a5]
V  [libjvm.so+0xbbed38]
V  [libjvm.so+0xbb5ebd]
V  [libjvm.so+0x76f53f]
V  [libjvm.so+0x76f7ae]
V  [libjvm.so+0x77b820]
V  [libjvm.so+0x7f6969]
V  [libjvm.so+0x7f75c2]
V  [libjvm.so+0x7f7a29]
V  [libjvm.so+0x72de6f]
V  [libjvm.so+0x732b6a]
V  [libjvm.so+0xdf01e1]
V  [libjvm.so+0xdeeda8]
V  [libjvm.so+0xdec5e6]
V  [libjvm.so+0xdecaf0]
V  [libjvm.so+0xdecf23]
V  [libjvm.so+0xd7aeea]
V  [libjvm.so+0xbc4a5e]

VM_Operation (0x00007fca9f7fd900): G1CollectForAllocation, mode: safepoint, requested by thread 0x00007fcad8fb7800


---------------  P R O C E S S  ---------------

Threads class SMR info:
_java_thread_list=0x00007fcab0006e70, length=25, elements={
0x00007fcb58015000, 0x00007fcb58183800, 0x00007fcb58185800, 0x00007fcb5818c000,
0x00007fcb5818e000, 0x00007fcb58190000, 0x00007fcb581c5800, 0x00007fcb584ca800,
0x00007fcb584cb000, 0x00007fcb585b4800, 0x00007fcb10001000, 0x00007fcb5879c000,
0x00007fcae4002800, 0x00007fcafc003800, 0x00007fcad0017000, 0x00007fcad001e000,
0x00007fcafc005800, 0x00007fcad8847800, 0x00007fcaa8001800, 0x00007fcad8857000,
0x00007fcad8888000, 0x00007fcad89ec000, 0x00007fcafc007000, 0x00007fcad8fb7800,
0x00007fcab000a800
}

Java Threads: ( => current thread )
  0x00007fcb58015000 JavaThread "main" [_thread_blocked, id=7364, stack(0x00007fcb61594000,0x00007fcb61695000)]
  0x00007fcb58183800 JavaThread "Reference Handler" daemon [_thread_blocked, id=7379, stack(0x00007fcb313f9000,0x00007fcb314fa000)]
  0x00007fcb58185800 JavaThread "Finalizer" daemon [_thread_blocked, id=7381, stack(0x00007fcb312f8000,0x00007fcb313f9000)]
  0x00007fcb5818c000 JavaThread "Signal Dispatcher" daemon [_thread_blocked, id=7383, stack(0x00007fcb30827000,0x00007fcb30928000)]
  0x00007fcb5818e000 JavaThread "C1 CompilerThread0" daemon [_thread_blocked, id=7385, stack(0x00007fcb30726000,0x00007fcb30827000)]
  0x00007fcb58190000 JavaThread "Sweeper thread" daemon [_thread_blocked, id=7387, stack(0x00007fcb30625000,0x00007fcb30726000)]
  0x00007fcb581c5800 JavaThread "Common-Cleaner" daemon [_thread_blocked, id=7393, stack(0x00007fcb30524000,0x00007fcb30625000)]
  0x00007fcb584ca800 JavaThread "Monitor Ctrl-Break" daemon [_thread_in_native, id=7397, stack(0x00007fcb07eff000,0x00007fcb08000000)]
  0x00007fcb584cb000 JavaThread "Service Thread" daemon [_thread_blocked, id=7398, stack(0x00007fcb07dfe000,0x00007fcb07eff000)]
  0x00007fcb585b4800 JavaThread "RMI TCP Accept-0" daemon [_thread_in_native, id=7399, stack(0x00007fcb076ef000,0x00007fcb077f0000)]
  0x00007fcb10001000 JavaThread "Attach Listener" daemon [_thread_blocked, id=7401, stack(0x00007fcb074ec000,0x00007fcb075ed000)]
  0x00007fcb5879c000 JavaThread "Thread-0" [_thread_blocked, id=7410, stack(0x00007fcb070e5000,0x00007fcb071e6000)]
  0x00007fcae4002800 JavaThread "restartedMain" [_thread_blocked, id=7411, stack(0x00007fcb06fe4000,0x00007fcb070e5000)]
  0x00007fcafc003800 JavaThread "RMI TCP Connection(7)-127.0.0.1" daemon [_thread_blocked, id=7415, stack(0x00007fcb06de2000,0x00007fcb06ee3000)]
  0x00007fcad0017000 JavaThread "RMI Scheduler(0)" daemon [_thread_blocked, id=7416, stack(0x00007fcb06ce1000,0x00007fcb06de2000)]
  0x00007fcad001e000 JavaThread "JMX server connection timeout 22" daemon [_thread_blocked, id=7418, stack(0x00007fcb06be0000,0x00007fcb06ce1000)]
  0x00007fcafc005800 JavaThread "RMI TCP Connection(2)-127.0.0.1" daemon [_thread_blocked, id=7442, stack(0x00007fcb061d5000,0x00007fcb062d6000)]
  0x00007fcad8847800 JavaThread "Catalina-utility-1" [_thread_blocked, id=7522, stack(0x00007fcb060d4000,0x00007fcb061d5000)]
  0x00007fcaa8001800 JavaThread "Catalina-utility-2" [_thread_blocked, id=7524, stack(0x00007fcb050d1000,0x00007fcb051d2000)]
  0x00007fcad8857000 JavaThread "container-0" [_thread_blocked, id=7529, stack(0x00007fcb04fd0000,0x00007fcb050d1000)]
  0x00007fcad8888000 JavaThread "mysql-cj-abandoned-connection-cleanup" daemon [_thread_blocked, id=7550, stack(0x00007fcb06ee3000,0x00007fcb06fe4000)]
  0x00007fcad89ec000 JavaThread "HikariPool-1 housekeeper" daemon [_thread_blocked, id=7575, stack(0x00007fcb04ccf000,0x00007fcb04dd0000)]
  0x00007fcafc007000 JavaThread "RMI TCP Connection(idle)" daemon [_thread_blocked, id=7638, stack(0x00007fcb040cd000,0x00007fcb041ce000)]
  0x00007fcad8fb7800 JavaThread "File Watcher" daemon [_thread_blocked, id=7660, stack(0x00007fca9f6ff000,0x00007fca9f800000)]
  0x00007fcab000a800 JavaThread "JMX server connection timeout 71" daemon [_thread_blocked, id=7674, stack(0x00007fcb04bce000,0x00007fcb04ccf000)]

Other Threads:
=>0x00007fcb58180800 VMThread "VM Thread" [stack: 0x00007fcb314fc000,0x00007fcb315fc000] [id=7376]
  0x00007fcb585bb000 WatcherThread [stack: 0x00007fcb075ef000,0x00007fcb076ef000] [id=7400]
  0x00007fcb5802b000 GCTaskThread "GC Thread#0" [stack: 0x00007fcb5d38e000,0x00007fcb5d48e000] [id=7367]
  0x00007fcb24001000 GCTaskThread "GC Thread#1" [stack: 0x00007fcb073ec000,0x00007fcb074ec000] [id=7407]
  0x00007fcb24002800 GCTaskThread "GC Thread#2" [stack: 0x00007fcb072ea000,0x00007fcb073ea000] [id=7408]
  0x00007fcb24005800 GCTaskThread "GC Thread#3" [stack: 0x00007fcb068e0000,0x00007fcb069e0000] [id=7427]
  0x00007fcb24007000 GCTaskThread "GC Thread#4" [stack: 0x00007fcb067de000,0x00007fcb068de000] [id=7428]
  0x00007fcb24008800 GCTaskThread "GC Thread#5" [stack: 0x00007fcb066dc000,0x00007fcb067dc000] [id=7429]
  0x00007fcb2400a000 GCTaskThread "GC Thread#6" [stack: 0x00007fcb065da000,0x00007fcb066da000] [id=7430]
  0x00007fcb2400c000 GCTaskThread "GC Thread#7" [stack: 0x00007fcb064d8000,0x00007fcb065d8000] [id=7431]
  0x00007fcb5805c800 ConcurrentGCThread "G1 Main Marker" [stack: 0x00007fcb5c2d6000,0x00007fcb5c3d6000] [id=7369]
  0x00007fcb5805e000 ConcurrentGCThread "G1 Conc#0" [stack: 0x00007fcb5c1d4000,0x00007fcb5c2d4000] [id=7371]
  0x00007fcb34001000 ConcurrentGCThread "G1 Conc#1" [stack: 0x00007fcb059d4000,0x00007fcb05ad4000] [id=7453]
  0x00007fcb580e6800 ConcurrentGCThread "G1 Refine#0" [stack: 0x00007fcb31f00000,0x00007fcb32000000] [id=7373]
  0x00007fcb28001000 ConcurrentGCThread "G1 Refine#1" [stack: 0x00007fcb071e8000,0x00007fcb072e8000] [id=7409]
  0x00007fcb580e8800 ConcurrentGCThread "G1 Young RemSet Sampling" [stack: 0x00007fcb31dfe000,0x00007fcb31efe000] [id=7374]

Threads with active compile tasks:
C1 CompilerThread06323       1       ch.qos.logback.classic.Logger::isInfoEnabled (77 bytes)

VM state:at safepoint (normal execution)

VM Mutex/Monitor currently owned by a thread:  ([mutex/lock_event])
[0x00007fcb58010d60] Threads_lock - owner thread: 0x00007fcb58180800
[0x00007fcb580114b0] Heap_lock - owner thread: 0x00007fcad8fb7800

Heap address: 0x0000000085200000, size: 1966 MB, Compressed Oops mode: 32-bit
Narrow klass base: 0x0000000800000000, Narrow klass shift: 3
Compressed class space size: 1073741824 Address: 0x0000000840000000

Heap:
 garbage-first heap   total 401408K, used 37496K [0x0000000085200000, 0x0000000100000000)
  region size 1024K, 2 young (2048K), 2 survivors (2048K)
 Metaspace       used 51756K, capacity 53483K, committed 53760K, reserved 1095680K
  class space    used 7176K, capacity 7841K, committed 7936K, reserved 1048576K
Heap Regions: E=young(eden), S=young(survivor), O=old, HS=humongous(starts), HC=humongous(continues), CS=collection set, F=free, A=archive, TAMS=top-at-mark-start (previous, next)
|   0|0x0000000085200000, 0x0000000085300000, 0x0000000085300000|100%|HS|  |TAMS 0x0000000085300000, 0x0000000085200000| Complete 
|   1|0x0000000085300000, 0x0000000085400000, 0x0000000085400000|100%| O|  |TAMS 0x0000000085400000, 0x0000000085300000| Untracked 
|   2|0x0000000085400000, 0x0000000085500000, 0x0000000085500000|100%| O|  |TAMS 0x0000000085500000, 0x0000000085400000| Untracked 
|   3|0x0000000085500000, 0x0000000085600000, 0x0000000085600000|100%| O|  |TAMS 0x0000000085600000, 0x0000000085500000| Untracked 
|   4|0x0000000085600000, 0x0000000085700000, 0x0000000085700000|100%| O|  |TAMS 0x0000000085700000, 0x0000000085600000| Untracked 
|   5|0x0000000085700000, 0x0000000085800000, 0x0000000085800000|100%| O|  |TAMS 0x0000000085800000, 0x0000000085700000| Untracked 
|   6|0x0000000085800000, 0x0000000085900000, 0x0000000085900000|100%| O|  |TAMS 0x0000000085900000, 0x0000000085800000| Untracked 
|   7|0x0000000085900000, 0x0000000085a00000, 0x0000000085a00000|100%| O|  |TAMS 0x0000000085a00000, 0x0000000085900000| Untracked 
|   8|0x0000000085a00000, 0x0000000085b00000, 0x0000000085b00000|100%| O|  |TAMS 0x0000000085b00000, 0x0000000085a00000| Untracked 
|   9|0x0000000085b00000, 0x0000000085c00000, 0x0000000085c00000|100%| O|  |TAMS 0x0000000085c00000, 0x0000000085b00000| Untracked 
|  10|0x0000000085c00000, 0x0000000085d00000, 0x0000000085d00000|100%| O|  |TAMS 0x0000000085d00000, 0x0000000085c00000| Untracked 
|  11|0x0000000085d00000, 0x0000000085e00000, 0x0000000085e00000|100%| O|  |TAMS 0x0000000085d67c00, 0x0000000085d00000| Untracked 
|  12|0x0000000085e00000, 0x0000000085f00000, 0x0000000085f00000|100%| O|  |TAMS 0x0000000085e00000, 0x0000000085e00000| Untracked 
|  13|0x0000000085f00000, 0x0000000086000000, 0x0000000086000000|100%| O|  |TAMS 0x0000000085f00000, 0x0000000085f00000| Untracked 
|  14|0x0000000086000000, 0x0000000086100000, 0x0000000086100000|100%| O|  |TAMS 0x0000000086000000, 0x0000000086000000| Untracked 
|  15|0x0000000086100000, 0x0000000086200000, 0x0000000086200000|100%| O|  |TAMS 0x0000000086100000, 0x0000000086100000| Untracked 
|  16|0x0000000086200000, 0x0000000086300000, 0x0000000086300000|100%| O|  |TAMS 0x0000000086200000, 0x0000000086200000| Untracked 
|  17|0x0000000086300000, 0x0000000086400000, 0x0000000086400000|100%| O|  |TAMS 0x0000000086300000, 0x0000000086300000| Untracked 
|  18|0x0000000086400000, 0x0000000086500000, 0x0000000086500000|100%| O|  |TAMS 0x0000000086400000, 0x0000000086400000| Untracked 
|  19|0x0000000086500000, 0x0000000086600000, 0x0000000086600000|100%| O|  |TAMS 0x0000000086500000, 0x0000000086500000| Untracked 
|  20|0x0000000086600000, 0x0000000086700000, 0x0000000086700000|100%| O|  |TAMS 0x0000000086600000, 0x0000000086600000| Untracked 
|  21|0x0000000086700000, 0x0000000086800000, 0x0000000086800000|100%| O|  |TAMS 0x0000000086700000, 0x0000000086700000| Untracked 
|  22|0x0000000086800000, 0x0000000086900000, 0x0000000086900000|100%| O|  |TAMS 0x0000000086800000, 0x0000000086800000| Untracked 
|  23|0x0000000086900000, 0x0000000086a00000, 0x0000000086a00000|100%| O|  |TAMS 0x0000000086900000, 0x0000000086900000| Untracked 
|  24|0x0000000086a00000, 0x0000000086b00000, 0x0000000086b00000|100%| O|  |TAMS 0x0000000086a00000, 0x0000000086a00000| Untracked 
|  25|0x0000000086b00000, 0x0000000086c00000, 0x0000000086c00000|100%| O|  |TAMS 0x0000000086b00000, 0x0000000086b00000| Untracked 
|  26|0x0000000086c00000, 0x0000000086d00000, 0x0000000086d00000|100%| O|  |TAMS 0x0000000086c00000, 0x0000000086c00000| Untracked 
|  27|0x0000000086d00000, 0x0000000086e00000, 0x0000000086e00000|100%| O|  |TAMS 0x0000000086d00000, 0x0000000086d00000| Untracked 
|  28|0x0000000086e00000, 0x0000000086f00000, 0x0000000086f00000|100%| O|  |TAMS 0x0000000086e00000, 0x0000000086e00000| Untracked 
|  29|0x0000000086f00000, 0x0000000087000000, 0x0000000087000000|100%| O|  |TAMS 0x0000000086f00000, 0x0000000086f00000| Untracked 
|  30|0x0000000087000000, 0x0000000087100000, 0x0000000087100000|100%| O|  |TAMS 0x0000000087000000, 0x0000000087000000| Untracked 
|  31|0x0000000087100000, 0x0000000087200000, 0x0000000087200000|100%| O|  |TAMS 0x0000000087100000, 0x0000000087100000| Untracked 
|  32|0x0000000087200000, 0x0000000087300000, 0x0000000087300000|100%| O|  |TAMS 0x0000000087200000, 0x0000000087200000| Untracked 
|  33|0x0000000087300000, 0x0000000087400000, 0x0000000087400000|100%| O|  |TAMS 0x0000000087300000, 0x0000000087300000| Untracked 
|  34|0x0000000087400000, 0x0000000087400000, 0x0000000087500000|  0%| F|  |TAMS 0x0000000087400000, 0x0000000087400000| Untracked 
|  35|0x0000000087500000, 0x0000000087500000, 0x0000000087600000|  0%| F|  |TAMS 0x0000000087500000, 0x0000000087500000| Untracked 
|  36|0x0000000087600000, 0x0000000087600000, 0x0000000087700000|  0%| F|  |TAMS 0x0000000087600000, 0x0000000087600000| Untracked 
|  37|0x0000000087700000, 0x0000000087700000, 0x0000000087800000|  0%| F|  |TAMS 0x0000000087700000, 0x0000000087700000| Untracked 
|  38|0x0000000087800000, 0x0000000087800000, 0x0000000087900000|  0%| F|  |TAMS 0x0000000087800000, 0x0000000087800000| Untracked 
|  39|0x0000000087900000, 0x0000000087900000, 0x0000000087a00000|  0%| F|  |TAMS 0x0000000087900000, 0x0000000087900000| Untracked 
|  40|0x0000000087a00000, 0x0000000087a00000, 0x0000000087b00000|  0%| F|  |TAMS 0x0000000087a00000, 0x0000000087a00000| Untracked 
|  41|0x0000000087b00000, 0x0000000087b00000, 0x0000000087c00000|  0%| F|  |TAMS 0x0000000087b00000, 0x0000000087b00000| Untracked 
|  42|0x0000000087c00000, 0x0000000087c00000, 0x0000000087d00000|  0%| F|  |TAMS 0x0000000087c00000, 0x0000000087c00000| Untracked 
|  43|0x0000000087d00000, 0x0000000087d00000, 0x0000000087e00000|  0%| F|  |TAMS 0x0000000087d00000, 0x0000000087d00000| Untracked 
|  44|0x0000000087e00000, 0x0000000087e00000, 0x0000000087f00000|  0%| F|  |TAMS 0x0000000087e00000, 0x0000000087e00000| Untracked 
|  45|0x0000000087f00000, 0x0000000087f00000, 0x0000000088000000|  0%| F|  |TAMS 0x0000000087f00000, 0x0000000087f00000| Untracked 
|  46|0x0000000088000000, 0x0000000088000000, 0x0000000088100000|  0%| F|  |TAMS 0x0000000088000000, 0x0000000088000000| Untracked 
|  47|0x0000000088100000, 0x0000000088100000, 0x0000000088200000|  0%| F|  |TAMS 0x0000000088100000, 0x0000000088100000| Untracked 
|  48|0x0000000088200000, 0x0000000088200000, 0x0000000088300000|  0%| F|  |TAMS 0x0000000088200000, 0x0000000088200000| Untracked 
|  49|0x0000000088300000, 0x0000000088300000, 0x0000000088400000|  0%| F|  |TAMS 0x0000000088300000, 0x0000000088300000| Untracked 
|  50|0x0000000088400000, 0x0000000088400000, 0x0000000088500000|  0%| F|  |TAMS 0x0000000088400000, 0x0000000088400000| Untracked 
|  51|0x0000000088500000, 0x0000000088500000, 0x0000000088600000|  0%| F|  |TAMS 0x0000000088500000, 0x0000000088500000| Untracked 
|  52|0x0000000088600000, 0x0000000088600000, 0x0000000088700000|  0%| F|  |TAMS 0x0000000088600000, 0x0000000088600000| Untracked 
|  53|0x0000000088700000, 0x0000000088700000, 0x0000000088800000|  0%| F|  |TAMS 0x0000000088700000, 0x0000000088700000| Untracked 
|  54|0x0000000088800000, 0x0000000088800000, 0x0000000088900000|  0%| F|  |TAMS 0x0000000088800000, 0x0000000088800000| Untracked 
|  55|0x0000000088900000, 0x0000000088900000, 0x0000000088a00000|  0%| F|  |TAMS 0x0000000088900000, 0x0000000088900000| Untracked 
|  56|0x0000000088a00000, 0x0000000088a00000, 0x0000000088b00000|  0%| F|  |TAMS 0x0000000088a00000, 0x0000000088a00000| Untracked 
|  57|0x0000000088b00000, 0x0000000088b00000, 0x0000000088c00000|  0%| F|  |TAMS 0x0000000088b00000, 0x0000000088b00000| Untracked 
|  58|0x0000000088c00000, 0x0000000088c00000, 0x0000000088d00000|  0%| F|  |TAMS 0x0000000088c00000, 0x0000000088c00000| Untracked 
|  59|0x0000000088d00000, 0x0000000088d00000, 0x0000000088e00000|  0%| F|  |TAMS 0x0000000088d00000, 0x0000000088d00000| Untracked 
|  60|0x0000000088e00000, 0x0000000088e00000, 0x0000000088f00000|  0%| F|  |TAMS 0x0000000088e00000, 0x0000000088e00000| Untracked 
|  61|0x0000000088f00000, 0x0000000088f00000, 0x0000000089000000|  0%| F|  |TAMS 0x0000000088f00000, 0x0000000088f00000| Untracked 
|  62|0x0000000089000000, 0x0000000089000000, 0x0000000089100000|  0%| F|  |TAMS 0x0000000089000000, 0x0000000089000000| Untracked 
|  63|0x0000000089100000, 0x0000000089100000, 0x0000000089200000|  0%| F|  |TAMS 0x0000000089100000, 0x0000000089100000| Untracked 
|  64|0x0000000089200000, 0x0000000089200000, 0x0000000089300000|  0%| F|  |TAMS 0x0000000089200000, 0x0000000089200000| Untracked 
|  65|0x0000000089300000, 0x0000000089300000, 0x0000000089400000|  0%| F|  |TAMS 0x0000000089300000, 0x0000000089300000| Untracked 
|  66|0x0000000089400000, 0x0000000089400000, 0x0000000089500000|  0%| F|  |TAMS 0x0000000089400000, 0x0000000089400000| Untracked 
|  67|0x0000000089500000, 0x0000000089500000, 0x0000000089600000|  0%| F|  |TAMS 0x0000000089500000, 0x0000000089500000| Untracked 
|  68|0x0000000089600000, 0x0000000089600000, 0x0000000089700000|  0%| F|  |TAMS 0x0000000089600000, 0x0000000089600000| Untracked 
|  69|0x0000000089700000, 0x0000000089700000, 0x0000000089800000|  0%| F|  |TAMS 0x0000000089700000, 0x0000000089700000| Untracked 
|  70|0x0000000089800000, 0x0000000089800000, 0x0000000089900000|  0%| F|  |TAMS 0x0000000089800000, 0x0000000089800000| Untracked 
|  71|0x0000000089900000, 0x0000000089900000, 0x0000000089a00000|  0%| F|  |TAMS 0x0000000089900000, 0x0000000089900000| Untracked 
|  72|0x0000000089a00000, 0x0000000089a00000, 0x0000000089b00000|  0%| F|  |TAMS 0x0000000089a00000, 0x0000000089a00000| Untracked 
|  73|0x0000000089b00000, 0x0000000089b00000, 0x0000000089c00000|  0%| F|  |TAMS 0x0000000089b00000, 0x0000000089b00000| Untracked 
|  74|0x0000000089c00000, 0x0000000089c00000, 0x0000000089d00000|  0%| F|  |TAMS 0x0000000089c00000, 0x0000000089c00000| Untracked 
|  75|0x0000000089d00000, 0x0000000089d00000, 0x0000000089e00000|  0%| F|  |TAMS 0x0000000089d00000, 0x0000000089d00000| Untracked 
|  76|0x0000000089e00000, 0x0000000089e00000, 0x0000000089f00000|  0%| F|  |TAMS 0x0000000089e00000, 0x0000000089e00000| Untracked 
|  77|0x0000000089f00000, 0x0000000089f00000, 0x000000008a000000|  0%| F|  |TAMS 0x0000000089f00000, 0x0000000089f00000| Untracked 
|  78|0x000000008a000000, 0x000000008a000000, 0x000000008a100000|  0%| F|  |TAMS 0x000000008a000000, 0x000000008a000000| Untracked 
|  79|0x000000008a100000, 0x000000008a100000, 0x000000008a200000|  0%| F|  |TAMS 0x000000008a100000, 0x000000008a100000| Untracked 
|  80|0x000000008a200000, 0x000000008a200000, 0x000000008a300000|  0%| F|  |TAMS 0x000000008a200000, 0x000000008a200000| Untracked 
|  81|0x000000008a300000, 0x000000008a300000, 0x000000008a400000|  0%| F|  |TAMS 0x000000008a300000, 0x000000008a300000| Untracked 
|  82|0x000000008a400000, 0x000000008a400000, 0x000000008a500000|  0%| F|  |TAMS 0x000000008a400000, 0x000000008a400000| Untracked 
|  83|0x000000008a500000, 0x000000008a500000, 0x000000008a600000|  0%| F|  |TAMS 0x000000008a500000, 0x000000008a500000| Untracked 
|  84|0x000000008a600000, 0x000000008a600000, 0x000000008a700000|  0%| F|  |TAMS 0x000000008a600000, 0x000000008a600000| Untracked 
|  85|0x000000008a700000, 0x000000008a700000, 0x000000008a800000|  0%| F|  |TAMS 0x000000008a700000, 0x000000008a700000| Untracked 
|  86|0x000000008a800000, 0x000000008a800000, 0x000000008a900000|  0%| F|  |TAMS 0x000000008a800000, 0x000000008a800000| Untracked 
|  87|0x000000008a900000, 0x000000008a900000, 0x000000008aa00000|  0%| F|  |TAMS 0x000000008a900000, 0x000000008a900000| Untracked 
|  88|0x000000008aa00000, 0x000000008aa00000, 0x000000008ab00000|  0%| F|  |TAMS 0x000000008aa00000, 0x000000008aa00000| Untracked 
|  89|0x000000008ab00000, 0x000000008ab00000, 0x000000008ac00000|  0%| F|  |TAMS 0x000000008ab00000, 0x000000008ab00000| Untracked 
|  90|0x000000008ac00000, 0x000000008ac00000, 0x000000008ad00000|  0%| F|  |TAMS 0x000000008ac00000, 0x000000008ac00000| Untracked 
|  91|0x000000008ad00000, 0x000000008ad00000, 0x000000008ae00000|  0%| F|  |TAMS 0x000000008ad00000, 0x000000008ad00000| Untracked 
|  92|0x000000008ae00000, 0x000000008ae00000, 0x000000008af00000|  0%| F|  |TAMS 0x000000008ae00000, 0x000000008ae00000| Untracked 
|  93|0x000000008af00000, 0x000000008af00000, 0x000000008b000000|  0%| F|  |TAMS 0x000000008af00000, 0x000000008af00000| Untracked 
|  94|0x000000008b000000, 0x000000008b000000, 0x000000008b100000|  0%| F|  |TAMS 0x000000008b000000, 0x000000008b000000| Untracked 
|  95|0x000000008b100000, 0x000000008b100000, 0x000000008b200000|  0%| F|  |TAMS 0x000000008b100000, 0x000000008b100000| Untracked 
|  96|0x000000008b200000, 0x000000008b200000, 0x000000008b300000|  0%| F|  |TAMS 0x000000008b200000, 0x000000008b200000| Untracked 
|  97|0x000000008b300000, 0x000000008b300000, 0x000000008b400000|  0%| F|  |TAMS 0x000000008b300000, 0x000000008b300000| Untracked 
|  98|0x000000008b400000, 0x000000008b400000, 0x000000008b500000|  0%| F|  |TAMS 0x000000008b400000, 0x000000008b400000| Untracked 
|  99|0x000000008b500000, 0x000000008b500000, 0x000000008b600000|  0%| F|  |TAMS 0x000000008b500000, 0x000000008b500000| Untracked 
| 100|0x000000008b600000, 0x000000008b600000, 0x000000008b700000|  0%| F|  |TAMS 0x000000008b600000, 0x000000008b600000| Untracked 
| 101|0x000000008b700000, 0x000000008b700000, 0x000000008b800000|  0%| F|  |TAMS 0x000000008b700000, 0x000000008b700000| Untracked 
| 102|0x000000008b800000, 0x000000008b800000, 0x000000008b900000|  0%| F|  |TAMS 0x000000008b800000, 0x000000008b800000| Untracked 
| 103|0x000000008b900000, 0x000000008b900000, 0x000000008ba00000|  0%| F|  |TAMS 0x000000008b900000, 0x000000008b900000| Untracked 
| 104|0x000000008ba00000, 0x000000008ba00000, 0x000000008bb00000|  0%| F|  |TAMS 0x000000008ba00000, 0x000000008ba00000| Untracked 
| 105|0x000000008bb00000, 0x000000008bb00000, 0x000000008bc00000|  0%| F|  |TAMS 0x000000008bb00000, 0x000000008bb00000| Untracked 
| 106|0x000000008bc00000, 0x000000008bc00000, 0x000000008bd00000|  0%| F|  |TAMS 0x000000008bc00000, 0x000000008bc00000| Untracked 
| 107|0x000000008bd00000, 0x000000008bd00000, 0x000000008be00000|  0%| F|  |TAMS 0x000000008bd00000, 0x000000008bd00000| Untracked 
| 108|0x000000008be00000, 0x000000008be00000, 0x000000008bf00000|  0%| F|  |TAMS 0x000000008be00000, 0x000000008be00000| Untracked 
| 109|0x000000008bf00000, 0x000000008bf00000, 0x000000008c000000|  0%| F|  |TAMS 0x000000008bf00000, 0x000000008bf00000| Untracked 
| 110|0x000000008c000000, 0x000000008c000000, 0x000000008c100000|  0%| F|  |TAMS 0x000000008c000000, 0x000000008c000000| Untracked 
| 111|0x000000008c100000, 0x000000008c100000, 0x000000008c200000|  0%| F|  |TAMS 0x000000008c100000, 0x000000008c100000| Untracked 
| 112|0x000000008c200000, 0x000000008c200000, 0x000000008c300000|  0%| F|  |TAMS 0x000000008c200000, 0x000000008c200000| Untracked 
| 113|0x000000008c300000, 0x000000008c300000, 0x000000008c400000|  0%| F|  |TAMS 0x000000008c300000, 0x000000008c300000| Untracked 
| 114|0x000000008c400000, 0x000000008c400000, 0x000000008c500000|  0%| F|  |TAMS 0x000000008c400000, 0x000000008c400000| Untracked 
| 115|0x000000008c500000, 0x000000008c500000, 0x000000008c600000|  0%| F|  |TAMS 0x000000008c500000, 0x000000008c500000| Untracked 
| 116|0x000000008c600000, 0x000000008c600000, 0x000000008c700000|  0%| F|  |TAMS 0x000000008c600000, 0x000000008c600000| Untracked 
| 117|0x000000008c700000, 0x000000008c700000, 0x000000008c800000|  0%| F|  |TAMS 0x000000008c700000, 0x000000008c700000| Untracked 
| 118|0x000000008c800000, 0x000000008c800000, 0x000000008c900000|  0%| F|  |TAMS 0x000000008c800000, 0x000000008c800000| Untracked 
| 119|0x000000008c900000, 0x000000008c900000, 0x000000008ca00000|  0%| F|  |TAMS 0x000000008c900000, 0x000000008c900000| Untracked 
| 120|0x000000008ca00000, 0x000000008ca00000, 0x000000008cb00000|  0%| F|  |TAMS 0x000000008ca00000, 0x000000008ca00000| Untracked 
| 121|0x000000008cb00000, 0x000000008cb00000, 0x000000008cc00000|  0%| F|  |TAMS 0x000000008cb00000, 0x000000008cb00000| Untracked 
| 122|0x000000008cc00000, 0x000000008cc00000, 0x000000008cd00000|  0%| F|  |TAMS 0x000000008cc00000, 0x000000008cc00000| Untracked 
| 123|0x000000008cd00000, 0x000000008cd00000, 0x000000008ce00000|  0%| F|  |TAMS 0x000000008cd00000, 0x000000008cd00000| Untracked 
| 124|0x000000008ce00000, 0x000000008ce00000, 0x000000008cf00000|  0%| F|  |TAMS 0x000000008ce00000, 0x000000008ce00000| Untracked 
| 125|0x000000008cf00000, 0x000000008cf00000, 0x000000008d000000|  0%| F|  |TAMS 0x000000008cf00000, 0x000000008cf00000| Untracked 
| 126|0x000000008d000000, 0x000000008d000000, 0x000000008d100000|  0%| F|  |TAMS 0x000000008d000000, 0x000000008d000000| Untracked 
| 127|0x000000008d100000, 0x000000008d100000, 0x000000008d200000|  0%| F|  |TAMS 0x000000008d100000, 0x000000008d100000| Untracked 
| 128|0x000000008d200000, 0x000000008d200000, 0x000000008d300000|  0%| F|  |TAMS 0x000000008d200000, 0x000000008d200000| Untracked 
| 129|0x000000008d300000, 0x000000008d300000, 0x000000008d400000|  0%| F|  |TAMS 0x000000008d300000, 0x000000008d300000| Untracked 
| 130|0x000000008d400000, 0x000000008d400000, 0x000000008d500000|  0%| F|  |TAMS 0x000000008d400000, 0x000000008d400000| Untracked 
| 131|0x000000008d500000, 0x000000008d500000, 0x000000008d600000|  0%| F|  |TAMS 0x000000008d500000, 0x000000008d500000| Untracked 
| 132|0x000000008d600000, 0x000000008d600000, 0x000000008d700000|  0%| F|  |TAMS 0x000000008d600000, 0x000000008d600000| Untracked 
| 133|0x000000008d700000, 0x000000008d700000, 0x000000008d800000|  0%| F|  |TAMS 0x000000008d700000, 0x000000008d700000| Untracked 
| 134|0x000000008d800000, 0x000000008d800000, 0x000000008d900000|  0%| F|  |TAMS 0x000000008d800000, 0x000000008d800000| Untracked 
| 135|0x000000008d900000, 0x000000008d900000, 0x000000008da00000|  0%| F|  |TAMS 0x000000008d900000, 0x000000008d900000| Untracked 
| 136|0x000000008da00000, 0x000000008da00000, 0x000000008db00000|  0%| F|  |TAMS 0x000000008da00000, 0x000000008da00000| Untracked 
| 137|0x000000008db00000, 0x000000008db00000, 0x000000008dc00000|  0%| F|  |TAMS 0x000000008db00000, 0x000000008db00000| Untracked 
| 138|0x000000008dc00000, 0x000000008dc00000, 0x000000008dd00000|  0%| F|  |TAMS 0x000000008dc00000, 0x000000008dc00000| Untracked 
| 139|0x000000008dd00000, 0x000000008dd00000, 0x000000008de00000|  0%| F|  |TAMS 0x000000008dd00000, 0x000000008dd00000| Untracked 
| 140|0x000000008de00000, 0x000000008de00000, 0x000000008df00000|  0%| F|  |TAMS 0x000000008de00000, 0x000000008de00000| Untracked 
| 141|0x000000008df00000, 0x000000008df00000, 0x000000008e000000|  0%| F|  |TAMS 0x000000008df00000, 0x000000008df00000| Untracked 
| 142|0x000000008e000000, 0x000000008e000000, 0x000000008e100000|  0%| F|  |TAMS 0x000000008e000000, 0x000000008e000000| Untracked 
| 143|0x000000008e100000, 0x000000008e100000, 0x000000008e200000|  0%| F|  |TAMS 0x000000008e100000, 0x000000008e100000| Untracked 
| 144|0x000000008e200000, 0x000000008e200000, 0x000000008e300000|  0%| F|  |TAMS 0x000000008e200000, 0x000000008e200000| Untracked 
| 145|0x000000008e300000, 0x000000008e300000, 0x000000008e400000|  0%| F|  |TAMS 0x000000008e300000, 0x000000008e300000| Untracked 
| 146|0x000000008e400000, 0x000000008e400000, 0x000000008e500000|  0%| F|  |TAMS 0x000000008e400000, 0x000000008e400000| Untracked 
| 147|0x000000008e500000, 0x000000008e500000, 0x000000008e600000|  0%| F|  |TAMS 0x000000008e500000, 0x000000008e500000| Untracked 
| 148|0x000000008e600000, 0x000000008e600000, 0x000000008e700000|  0%| F|  |TAMS 0x000000008e600000, 0x000000008e600000| Untracked 
| 149|0x000000008e700000, 0x000000008e700000, 0x000000008e800000|  0%| F|  |TAMS 0x000000008e700000, 0x000000008e700000| Untracked 
| 150|0x000000008e800000, 0x000000008e800000, 0x000000008e900000|  0%| F|  |TAMS 0x000000008e800000, 0x000000008e800000| Untracked 
| 151|0x000000008e900000, 0x000000008e900000, 0x000000008ea00000|  0%| F|  |TAMS 0x000000008e900000, 0x000000008e900000| Untracked 
| 152|0x000000008ea00000, 0x000000008ea00000, 0x000000008eb00000|  0%| F|  |TAMS 0x000000008ea00000, 0x000000008ea00000| Untracked 
| 153|0x000000008eb00000, 0x000000008eb00000, 0x000000008ec00000|  0%| F|  |TAMS 0x000000008eb00000, 0x000000008eb00000| Untracked 
| 154|0x000000008ec00000, 0x000000008ec00000, 0x000000008ed00000|  0%| F|  |TAMS 0x000000008ec00000, 0x000000008ec00000| Untracked 
| 155|0x000000008ed00000, 0x000000008ed00000, 0x000000008ee00000|  0%| F|  |TAMS 0x000000008ed00000, 0x000000008ed00000| Untracked 
| 156|0x000000008ee00000, 0x000000008ee00000, 0x000000008ef00000|  0%| F|  |TAMS 0x000000008ee00000, 0x000000008ee00000| Untracked 
| 157|0x000000008ef00000, 0x000000008ef00000, 0x000000008f000000|  0%| F|  |TAMS 0x000000008ef00000, 0x000000008ef00000| Untracked 
| 158|0x000000008f000000, 0x000000008f000000, 0x000000008f100000|  0%| F|  |TAMS 0x000000008f000000, 0x000000008f000000| Untracked 
| 159|0x000000008f100000, 0x000000008f100000, 0x000000008f200000|  0%| F|  |TAMS 0x000000008f100000, 0x000000008f100000| Untracked 
| 160|0x000000008f200000, 0x000000008f200000, 0x000000008f300000|  0%| F|  |TAMS 0x000000008f200000, 0x000000008f200000| Untracked 
| 161|0x000000008f300000, 0x000000008f300000, 0x000000008f400000|  0%| F|  |TAMS 0x000000008f300000, 0x000000008f300000| Untracked 
| 162|0x000000008f400000, 0x000000008f400000, 0x000000008f500000|  0%| F|  |TAMS 0x000000008f400000, 0x000000008f400000| Untracked 
| 163|0x000000008f500000, 0x000000008f500000, 0x000000008f600000|  0%| F|  |TAMS 0x000000008f500000, 0x000000008f500000| Untracked 
| 164|0x000000008f600000, 0x000000008f600000, 0x000000008f700000|  0%| F|  |TAMS 0x000000008f600000, 0x000000008f600000| Untracked 
| 165|0x000000008f700000, 0x000000008f700000, 0x000000008f800000|  0%| F|  |TAMS 0x000000008f700000, 0x000000008f700000| Untracked 
| 166|0x000000008f800000, 0x000000008f800000, 0x000000008f900000|  0%| F|  |TAMS 0x000000008f800000, 0x000000008f800000| Untracked 
| 167|0x000000008f900000, 0x000000008f900000, 0x000000008fa00000|  0%| F|  |TAMS 0x000000008f900000, 0x000000008f900000| Untracked 
| 168|0x000000008fa00000, 0x000000008fa00000, 0x000000008fb00000|  0%| F|  |TAMS 0x000000008fa00000, 0x000000008fa00000| Untracked 
| 169|0x000000008fb00000, 0x000000008fb00000, 0x000000008fc00000|  0%| F|  |TAMS 0x000000008fb00000, 0x000000008fb00000| Untracked 
| 170|0x000000008fc00000, 0x000000008fc00000, 0x000000008fd00000|  0%| F|  |TAMS 0x000000008fc00000, 0x000000008fc00000| Untracked 
| 171|0x000000008fd00000, 0x000000008fd00000, 0x000000008fe00000|  0%| F|  |TAMS 0x000000008fd00000, 0x000000008fd00000| Untracked 
| 172|0x000000008fe00000, 0x000000008fe00000, 0x000000008ff00000|  0%| F|  |TAMS 0x000000008fe00000, 0x000000008fe00000| Untracked 
| 173|0x000000008ff00000, 0x000000008ff00000, 0x0000000090000000|  0%| F|  |TAMS 0x000000008ff00000, 0x000000008ff00000| Untracked 
| 174|0x0000000090000000, 0x0000000090000000, 0x0000000090100000|  0%| F|  |TAMS 0x0000000090000000, 0x0000000090000000| Untracked 
| 175|0x0000000090100000, 0x0000000090100000, 0x0000000090200000|  0%| F|  |TAMS 0x0000000090100000, 0x0000000090100000| Untracked 
| 176|0x0000000090200000, 0x0000000090200000, 0x0000000090300000|  0%| F|  |TAMS 0x0000000090200000, 0x0000000090200000| Untracked 
| 177|0x0000000090300000, 0x0000000090300000, 0x0000000090400000|  0%| F|  |TAMS 0x0000000090300000, 0x0000000090300000| Untracked 
| 178|0x0000000090400000, 0x0000000090400000, 0x0000000090500000|  0%| F|  |TAMS 0x0000000090400000, 0x0000000090400000| Untracked 
| 179|0x0000000090500000, 0x0000000090500000, 0x0000000090600000|  0%| F|  |TAMS 0x0000000090500000, 0x0000000090500000| Untracked 
| 180|0x0000000090600000, 0x0000000090600000, 0x0000000090700000|  0%| F|  |TAMS 0x0000000090600000, 0x0000000090600000| Untracked 
| 181|0x0000000090700000, 0x0000000090700000, 0x0000000090800000|  0%| F|  |TAMS 0x0000000090700000, 0x0000000090700000| Untracked 
| 182|0x0000000090800000, 0x0000000090800000, 0x0000000090900000|  0%| F|  |TAMS 0x0000000090800000, 0x0000000090800000| Untracked 
| 183|0x0000000090900000, 0x0000000090a00000, 0x0000000090a00000|100%| S|CS|TAMS 0x0000000090900000, 0x0000000090900000| Complete 
| 184|0x0000000090a00000, 0x0000000090b00000, 0x0000000090b00000|100%| S|CS|TAMS 0x0000000090a00000, 0x0000000090a00000| Complete 
| 185|0x0000000090b00000, 0x0000000090b00000, 0x0000000090c00000|  0%| F|  |TAMS 0x0000000090b00000, 0x0000000090b00000| Untracked 
| 186|0x0000000090c00000, 0x0000000090c00000, 0x0000000090d00000|  0%| F|  |TAMS 0x0000000090c00000, 0x0000000090c00000| Untracked 
| 187|0x0000000090d00000, 0x0000000090d00000, 0x0000000090e00000|  0%| F|  |TAMS 0x0000000090d00000, 0x0000000090d00000| Untracked 
| 188|0x0000000090e00000, 0x0000000090e00000, 0x0000000090f00000|  0%| F|  |TAMS 0x0000000090e00000, 0x0000000090e00000| Untracked 
| 189|0x0000000090f00000, 0x0000000090f00000, 0x0000000091000000|  0%| F|  |TAMS 0x0000000090f00000, 0x0000000090f00000| Untracked 
| 190|0x0000000091000000, 0x0000000091000000, 0x0000000091100000|  0%| F|  |TAMS 0x0000000091000000, 0x0000000091000000| Untracked 
| 191|0x0000000091100000, 0x0000000091100000, 0x0000000091200000|  0%| F|  |TAMS 0x0000000091100000, 0x0000000091100000| Untracked 
| 192|0x0000000091200000, 0x0000000091200000, 0x0000000091300000|  0%| F|  |TAMS 0x0000000091200000, 0x0000000091200000| Untracked 
| 193|0x0000000091300000, 0x0000000091300000, 0x0000000091400000|  0%| F|  |TAMS 0x0000000091300000, 0x0000000091300000| Untracked 
|1964|0x00000000ffe00000, 0x00000000ffe34000, 0x00000000fff00000| 20%|OA|  |TAMS 0x00000000ffe34000, 0x00000000ffe00000| Untracked 
|1965|0x00000000fff00000, 0x00000000fff6a000, 0x0000000100000000| 41%|CA|  |TAMS 0x00000000fff6a000, 0x00000000fff00000| Untracked 

Card table byte_map: [0x00007fcb5c3d6000,0x00007fcb5c7ad000] _byte_map_base: 0x00007fcb5bfad000

Marking Bits (Prev, Next): (CMBitMap*) 0x00007fcb58053b88, (CMBitMap*) 0x00007fcb58053bc0
 Prev Bits: [0x00007fcb3a148000, 0x00007fcb3c000000)
 Next Bits: [0x00007fcb38290000, 0x00007fcb3a148000)

Polling page: 0x00007fcb616b8000

Metaspace:

Usage:
  Non-class:     44.57 MB capacity,    43.54 MB ( 98%) used,   869.95 KB (  2%) free+waste,   192.00 KB ( <1%) overhead. 
      Class:      7.66 MB capacity,     7.01 MB ( 92%) used,   569.90 KB (  7%) free+waste,    95.00 KB (  1%) overhead. 
       Both:     52.23 MB capacity,    50.54 MB ( 97%) used,     1.41 MB (  3%) free+waste,   287.00 KB ( <1%) overhead. 

Virtual space:
  Non-class space:       46.00 MB reserved,      44.75 MB ( 97%) committed 
      Class space:        1.00 GB reserved,       7.75 MB ( <1%) committed 
             Both:        1.04 GB reserved,      52.50 MB (  5%) committed 

Chunk freelists:
   Non-Class:  54.00 KB
       Class:  0 bytes
        Both:  54.00 KB

CodeHeap 'non-profiled nmethods': size=238384Kb used=10709Kb max_used=10709Kb free=227674Kb
 bounds [0x00007fcb4108a000, 0x00007fcb41b0a000, 0x00007fcb4f956000]
CodeHeap 'non-nmethods': size=7376Kb used=1238Kb max_used=1238Kb free=6137Kb
 bounds [0x00007fcb40956000, 0x00007fcb40bc6000, 0x00007fcb4108a000]
 total_blobs=6842 nmethods=6194 adapters=539
 compilation: enabled
              stopped_count=0, restarted_count=0
 full_count=0

Compilation events (10 events):
Event: 159.639 Thread 0x00007fcb5818e000 nmethod 6314 0x00007fcb41afe090 code [0x00007fcb41afe260, 0x00007fcb41afe488]
Event: 159.691 Thread 0x00007fcb5818e000 6315       1       java.io.File::compareTo (9 bytes)
Event: 160.242 Thread 0x00007fcb5818e000 nmethod 6315 0x00007fcb41afe590 code [0x00007fcb41afe740, 0x00007fcb41afe8a8]
Event: 160.347 Thread 0x00007fcb5818e000 6316       1       java.io.UnixFileSystem::compare (12 bytes)
Event: 161.599 Thread 0x00007fcb5818e000 nmethod 6316 0x00007fcb41afe990 code [0x00007fcb41afeb40, 0x00007fcb41afeca8]
Event: 173.143 Thread 0x00007fcb5818e000 6321       1       java.lang.Long::hashCode (8 bytes)
Event: 176.686 Thread 0x00007fcb5818e000 nmethod 6321 0x00007fcb41afed90 code [0x00007fcb41afef40, 0x00007fcb41aff090]
Event: 176.885 Thread 0x00007fcb5818e000 6322       1       javax.management.ObjectName::addProperty (80 bytes)
Event: 179.123 Thread 0x00007fcb5818e000 nmethod 6322 0x00007fcb41aff110 code [0x00007fcb41aff320, 0x00007fcb41aff8a8]
Event: 179.349 Thread 0x00007fcb5818e000 6323       1       ch.qos.logback.classic.Logger::isInfoEnabled (77 bytes)

GC Heap History (10 events):
Event: 69.726 GC heap after
{Heap after GC invocations=7 (full 0):
 garbage-first heap   total 200704K, used 19656K [0x0000000085200000, 0x0000000100000000)
  region size 1024K, 8 young (8192K), 8 survivors (8192K)
 Metaspace       used 28961K, capacity 30278K, committed 30336K, reserved 1075200K
  class space    used 3930K, capacity 4430K, committed 4480K, reserved 1048576K
}
Event: 100.430 GC heap before
{Heap before GC invocations=7 (full 0):
 garbage-first heap   total 200704K, used 52424K [0x0000000085200000, 0x0000000100000000)
  region size 1024K, 42 young (43008K), 8 survivors (8192K)
 Metaspace       used 34128K, capacity 35430K, committed 35584K, reserved 1079296K
  class space    used 4571K, capacity 5081K, committed 5120K, reserved 1048576K
}
Event: 100.454 GC heap after
{Heap after GC invocations=8 (full 0):
 garbage-first heap   total 200704K, used 22894K [0x0000000085200000, 0x0000000100000000)
  region size 1024K, 11 young (11264K), 11 survivors (11264K)
 Metaspace       used 34128K, capacity 35430K, committed 35584K, reserved 1079296K
  class space    used 4571K, capacity 5081K, committed 5120K, reserved 1048576K
}
Event: 108.145 GC heap before
{Heap before GC invocations=9 (full 0):
 garbage-first heap   total 200704K, used 131438K [0x0000000085200000, 0x0000000100000000)
  region size 1024K, 117 young (119808K), 11 survivors (11264K)
 Metaspace       used 46256K, capacity 47680K, committed 48000K, reserved 1089536K
  class space    used 6387K, capacity 6917K, committed 7040K, reserved 1048576K
}
Event: 108.243 GC heap after
{Heap after GC invocations=10 (full 0):
 garbage-first heap   total 200704K, used 25523K [0x0000000085200000, 0x0000000100000000)
  region size 1024K, 8 young (8192K), 8 survivors (8192K)
 Metaspace       used 46256K, capacity 47680K, committed 48000K, reserved 1089536K
  class space    used 6387K, capacity 6917K, committed 7040K, reserved 1048576K
}
Event: 162.426 GC heap before
{Heap before GC invocations=10 (full 0):
 garbage-first heap   total 200704K, used 137139K [0x0000000085200000, 0x0000000100000000)
  region size 1024K, 117 young (119808K), 8 survivors (8192K)
 Metaspace       used 51743K, capacity 53417K, committed 53760K, reserved 1095680K
  class space    used 7174K, capacity 7840K, committed 7936K, reserved 1048576K
}
Event: 165.182 GC heap after
{Heap after GC invocations=11 (full 0):
 garbage-first heap   total 200704K, used 34765K [0x0000000085200000, 0x0000000100000000)
  region size 1024K, 15 young (15360K), 15 survivors (15360K)
 Metaspace       used 51743K, capacity 53417K, committed 53760K, reserved 1095680K
  class space    used 7174K, capacity 7840K, committed 7936K, reserved 1048576K
}
Event: 166.429 GC heap before
{Heap before GC invocations=11 (full 0):
 garbage-first heap   total 200704K, used 35789K [0x0000000085200000, 0x0000000100000000)
  region size 1024K, 16 young (16384K), 15 survivors (15360K)
 Metaspace       used 51746K, capacity 53417K, committed 53760K, reserved 1095680K
  class space    used 7175K, capacity 7840K, committed 7936K, reserved 1048576K
}
Event: 172.026 GC heap after
{Heap after GC invocations=12 (full 0):
 garbage-first heap   total 200704K, used 36325K [0x0000000085200000, 0x0000000100000000)
  region size 1024K, 2 young (2048K), 2 survivors (2048K)
 Metaspace       used 51746K, capacity 53417K, committed 53760K, reserved 1095680K
  class space    used 7175K, capacity 7840K, committed 7936K, reserved 1048576K
}
Event: 183.690 GC heap before
{Heap before GC invocations=12 (full 0):
 garbage-first heap   total 200704K, used 43493K [0x0000000085200000, 0x0000000100000000)
  region size 1024K, 9 young (9216K), 2 survivors (2048K)
 Metaspace       used 51756K, capacity 53483K, committed 53760K, reserved 1095680K
  class space    used 7176K, capacity 7841K, committed 7936K, reserved 1048576K
}

Deoptimization events (4 events):
Event: 2.045 Thread 0x00007fcae4002800 DEOPT PACKING pc=0x00007fcb413bc99c sp=0x00007fcb070e1b40
Event: 2.045 Thread 0x00007fcae4002800 DEOPT UNPACKING pc=0x00007fcb4097e83a sp=0x00007fcb070e1068 mode 0
Event: 110.521 Thread 0x00007fcae4002800 DEOPT PACKING pc=0x00007fcb41331d1d sp=0x00007fcb070e1ce0
Event: 110.522 Thread 0x00007fcae4002800 DEOPT UNPACKING pc=0x00007fcb4097e83a sp=0x00007fcb070e1208 mode 3

Classes redefined (0 events):
No events

Internal exceptions (10 events):
Event: 111.799 Thread 0x00007fcae4002800 Exception <a 'java/lang/ClassNotFoundException'{0x000000008f29fb28}: org/springframework/context/annotation/ConfigurationClassEnhancer$EnhancedConfigurationCustomizer> (0x000000008f29fb28) thrown at [/build/openjdk-lts-7bqZff/openjdk-lts-11.0.4+11/src/hot
Event: 111.800 Thread 0x00007fcae4002800 Exception <a 'java/lang/ClassNotFoundException'{0x000000008f2ac500}: org/springframework/beans/factory/BeanFactoryAwareCustomizer> (0x000000008f2ac500) thrown at [/build/openjdk-lts-7bqZff/openjdk-lts-11.0.4+11/src/hotspot/share/classfile/systemDictionary
Event: 111.803 Thread 0x00007fcae4002800 Exception <a 'java/lang/ClassNotFoundException'{0x000000008f2b8cc0}: org/springframework/beans/factory/AwareCustomizer> (0x000000008f2b8cc0) thrown at [/build/openjdk-lts-7bqZff/openjdk-lts-11.0.4+11/src/hotspot/share/classfile/systemDictionary.cpp, line 
Event: 111.805 Thread 0x00007fcae4002800 Exception <a 'java/lang/ClassNotFoundException'{0x000000008f2c55f0}: org/springframework/context/annotation/ImportAwareCustomizer> (0x000000008f2c55f0) thrown at [/build/openjdk-lts-7bqZff/openjdk-lts-11.0.4+11/src/hotspot/share/classfile/systemDictionary
Event: 111.806 Thread 0x00007fcae4002800 Exception <a 'java/lang/ClassNotFoundException'{0x000000008f2d18a0}: org/springframework/beans/factory/AwareCustomizer> (0x000000008f2d18a0) thrown at [/build/openjdk-lts-7bqZff/openjdk-lts-11.0.4+11/src/hotspot/share/classfile/systemDictionary.cpp, line 
Event: 111.806 Thread 0x00007fcae4002800 Exception <a 'java/lang/ClassNotFoundException'{0x000000008f2de458}: org/springframework/beans/factory/BeanClassLoaderAwareCustomizer> (0x000000008f2de458) thrown at [/build/openjdk-lts-7bqZff/openjdk-lts-11.0.4+11/src/hotspot/share/classfile/systemDictio
Event: 111.806 Thread 0x00007fcae4002800 Exception <a 'java/lang/ClassNotFoundException'{0x000000008f2ea718}: org/springframework/beans/factory/AwareCustomizer> (0x000000008f2ea718) thrown at [/build/openjdk-lts-7bqZff/openjdk-lts-11.0.4+11/src/hotspot/share/classfile/systemDictionary.cpp, line 
Event: 112.698 Thread 0x00007fcae4002800 Exception <a 'java/lang/NoSuchMethodError'{0x000000008e50a048}: 'java.lang.Object java.lang.invoke.DirectMethodHandle$Holder.invokeInterface(java.lang.Object, java.lang.Object, java.lang.Object, java.lang.Object)'> (0x000000008e50a048) thrown at [/build/o
Event: 113.106 Thread 0x00007fcae4002800 Exception <a 'java/lang/NoSuchMethodError'{0x000000008d55c100}: 'void java.lang.invoke.DirectMethodHandle$Holder.invokeVirtual(java.lang.Object, java.lang.Object, int)'> (0x000000008d55c100) thrown at [/build/openjdk-lts-7bqZff/openjdk-lts-11.0.4+11/src/h
Event: 182.781 Thread 0x00007fcae4002800 Exception <a 'java/lang/NoSuchMethodError'{0x0000000091311340}: 'void java.lang.invoke.DirectMethodHandle$Holder.invokeSpecial(java.lang.Object, java.lang.Object)'> (0x0000000091311340) thrown at [/build/openjdk-lts-7bqZff/openjdk-lts-11.0.4+11/src/hotspo

Events (10 events):
Event: 172.394 Executing VM operation: G1CollectForAllocation done
Event: 174.577 loading class org/springframework/boot/devtools/livereload/Connection
Event: 174.593 loading class org/springframework/boot/devtools/livereload/Connection done
Event: 177.267 Executing VM operation: BulkRevokeBias
Event: 177.720 Executing VM operation: BulkRevokeBias done
Event: 177.828 Thread 0x00007fcab000a800 Thread exited: 0x00007fcab000a800
Event: 180.435 Thread 0x00007fcab000a800 Thread added: 0x00007fcab000a800
Event: 181.532 Executing VM operation: RevokeBias
Event: 181.635 Executing VM operation: RevokeBias done
Event: 183.469 Executing VM operation: G1CollectForAllocation


Dynamic libraries:
85200000-91400000 rw-p 00000000 00:00 0 
9d800000-ffe00000 ---p 00000000 00:00 0 
ffe00000-ffe34000 rw-p 01116000 08:02 14549132                           /usr/lib/jvm/java-11-openjdk-amd64/lib/server/classes.jsa
ffe34000-fff00000 rw-p 00000000 00:00 0 
fff00000-fff6a000 rw-p 010ac000 08:02 14549132                           /usr/lib/jvm/java-11-openjdk-amd64/lib/server/classes.jsa
fff6a000-100000000 rw-p 00000000 00:00 0 
800000000-800002000 rwxp 00001000 08:02 14549132                         /usr/lib/jvm/java-11-openjdk-amd64/lib/server/classes.jsa
800002000-8003bd000 rw-p 00003000 08:02 14549132                         /usr/lib/jvm/java-11-openjdk-amd64/lib/server/classes.jsa
8003bd000-800a98000 r--p 003be000 08:02 14549132                         /usr/lib/jvm/java-11-openjdk-amd64/lib/server/classes.jsa
800a98000-800a99000 rw-p 00a99000 08:02 14549132                         /usr/lib/jvm/java-11-openjdk-amd64/lib/server/classes.jsa
800a99000-8010ab000 r--p 00a9a000 08:02 14549132                         /usr/lib/jvm/java-11-openjdk-amd64/lib/server/classes.jsa
840000000-8407c0000 rw-p 00000000 00:00 0 
8407c0000-880000000 ---p 00000000 00:00 0 
565280719000-56528071a000 r-xp 00000000 08:02 10751011                   /usr/lib/jvm/java-11-openjdk-amd64/bin/java
56528091a000-56528091b000 r--p 00001000 08:02 10751011                   /usr/lib/jvm/java-11-openjdk-amd64/bin/java
56528091b000-56528091c000 rw-p 00002000 08:02 10751011                   /usr/lib/jvm/java-11-openjdk-amd64/bin/java
565282453000-565282474000 rw-p 00000000 00:00 0                          [heap]
7fca8c000000-7fca8c021000 rw-p 00000000 00:00 0 
7fca8c021000-7fca90000000 ---p 00000000 00:00 0 
7fca94000000-7fca94021000 rw-p 00000000 00:00 0 
7fca94021000-7fca98000000 ---p 00000000 00:00 0 
7fca98000000-7fca98021000 rw-p 00000000 00:00 0 
7fca98021000-7fca9c000000 ---p 00000000 00:00 0 
7fca9f6ff000-7fca9f703000 ---p 00000000 00:00 0 
7fca9f703000-7fca9f8c0000 rw-p 00000000 00:00 0 
7fca9f8c0000-7fca9fa00000 ---p 00000000 00:00 0 
7fca9fa00000-7fca9fc00000 rw-p 00000000 00:00 0 
7fca9fc00000-7fca9fe00000 rw-p 00000000 00:00 0 
7fca9fe00000-7fcaa0000000 rw-p 00000000 00:00 0 
7fcaa0000000-7fcaa0021000 rw-p 00000000 00:00 0 
7fcaa0021000-7fcaa4000000 ---p 00000000 00:00 0 
7fcaa4000000-7fcaa4021000 rw-p 00000000 00:00 0 
7fcaa4021000-7fcaa8000000 ---p 00000000 00:00 0 
7fcaa8000000-7fcaa8021000 rw-p 00000000 00:00 0 
7fcaa8021000-7fcaac000000 ---p 00000000 00:00 0 
7fcaac000000-7fcaac021000 rw-p 00000000 00:00 0 
7fcaac021000-7fcab0000000 ---p 00000000 00:00 0 
7fcab0000000-7fcab003d000 rw-p 00000000 00:00 0 
7fcab003d000-7fcab4000000 ---p 00000000 00:00 0 
7fcab4000000-7fcab4031000 rw-p 00000000 00:00 0 
7fcab4031000-7fcab8000000 ---p 00000000 00:00 0 
7fcab8000000-7fcab8021000 rw-p 00000000 00:00 0 
7fcab8021000-7fcabc000000 ---p 00000000 00:00 0 
7fcabc000000-7fcabc021000 rw-p 00000000 00:00 0 
7fcabc021000-7fcac0000000 ---p 00000000 00:00 0 
7fcac0000000-7fcac0021000 rw-p 00000000 00:00 0 
7fcac0021000-7fcac4000000 ---p 00000000 00:00 0 
7fcac4000000-7fcac4021000 rw-p 00000000 00:00 0 
7fcac4021000-7fcac8000000 ---p 00000000 00:00 0 
7fcac8000000-7fcac8021000 rw-p 00000000 00:00 0 
7fcac8021000-7fcacc000000 ---p 00000000 00:00 0 
7fcacc000000-7fcacc021000 rw-p 00000000 00:00 0 
7fcacc021000-7fcad0000000 ---p 00000000 00:00 0 
7fcad0000000-7fcad0040000 rw-p 00000000 00:00 0 
7fcad0040000-7fcad4000000 ---p 00000000 00:00 0 
7fcad4000000-7fcad4021000 rw-p 00000000 00:00 0 
7fcad4021000-7fcad8000000 ---p 00000000 00:00 0 
7fcad8000000-7fcad9123000 rw-p 00000000 00:00 0 
7fcad9123000-7fcadc000000 ---p 00000000 00:00 0 
7fcadc000000-7fcadc323000 rw-p 00000000 00:00 0 
7fcadc323000-7fcae0000000 ---p 00000000 00:00 0 
7fcae0000000-7fcae0021000 rw-p 00000000 00:00 0 
7fcae0021000-7fcae4000000 ---p 00000000 00:00 0 
7fcae4000000-7fcae4021000 rw-p 00000000 00:00 0 
7fcae4021000-7fcae8000000 ---p 00000000 00:00 0 
7fcae8000000-7fcae8021000 rw-p 00000000 00:00 0 
7fcae8021000-7fcaec000000 ---p 00000000 00:00 0 
7fcaec000000-7fcaec021000 rw-p 00000000 00:00 0 
7fcaec021000-7fcaf0000000 ---p 00000000 00:00 0 
7fcaf0000000-7fcaf0021000 rw-p 00000000 00:00 0 
7fcaf0021000-7fcaf4000000 ---p 00000000 00:00 0 
7fcaf4000000-7fcaf4026000 rw-p 00000000 00:00 0 
7fcaf4026000-7fcaf8000000 ---p 00000000 00:00 0 
7fcaf8000000-7fcaf8021000 rw-p 00000000 00:00 0 
7fcaf8021000-7fcafc000000 ---p 00000000 00:00 0 
7fcafc000000-7fcafc021000 rw-p 00000000 00:00 0 
7fcafc021000-7fcb00000000 ---p 00000000 00:00 0 
7fcb00000000-7fcb00021000 rw-p 00000000 00:00 0 
7fcb00021000-7fcb04000000 ---p 00000000 00:00 0 
7fcb040cd000-7fcb040d1000 ---p 00000000 00:00 0 
7fcb040d1000-7fcb043ce000 rw-p 00000000 00:00 0 
7fcb043ce000-7fcb045ce000 rw-p 00000000 00:00 0 
7fcb045ce000-7fcb047ce000 rw-p 00000000 00:00 0 
7fcb047ce000-7fcb049ce000 rw-p 00000000 00:00 0 
7fcb049ce000-7fcb04bce000 rw-p 00000000 00:00 0 
7fcb04bce000-7fcb04bd2000 ---p 00000000 00:00 0 
7fcb04bd2000-7fcb04ccf000 rw-p 00000000 00:00 0 
7fcb04ccf000-7fcb04cd3000 ---p 00000000 00:00 0 
7fcb04cd3000-7fcb04fd0000 rw-p 00000000 00:00 0 
7fcb04fd0000-7fcb04fd4000 ---p 00000000 00:00 0 
7fcb04fd4000-7fcb050d1000 rw-p 00000000 00:00 0 
7fcb050d1000-7fcb050d5000 ---p 00000000 00:00 0 
7fcb050d5000-7fcb053d2000 rw-p 00000000 00:00 0 
7fcb053d2000-7fcb055d2000 rw-p 00000000 00:00 0 
7fcb055d2000-7fcb057d2000 rw-p 00000000 00:00 0 
7fcb057d2000-7fcb059d2000 rw-p 00000000 00:00 0 
7fcb059d2000-7fcb059d3000 ---p 00000000 00:00 0 
7fcb059d3000-7fcb05cd4000 rw-p 00000000 00:00 0 
7fcb05cd4000-7fcb05ed4000 rw-p 00000000 00:00 0 
7fcb05ed4000-7fcb060d4000 rw-p 00000000 00:00 0 
7fcb060d4000-7fcb060d8000 ---p 00000000 00:00 0 
7fcb060d8000-7fcb061d5000 rw-p 00000000 00:00 0 
7fcb061d5000-7fcb061d9000 ---p 00000000 00:00 0 
7fcb061d9000-7fcb064d6000 rw-p 00000000 00:00 0 
7fcb064d6000-7fcb064d7000 ---p 00000000 00:00 0 
7fcb064d7000-7fcb065d8000 rw-p 00000000 00:00 0 
7fcb065d8000-7fcb065d9000 ---p 00000000 00:00 0 
7fcb065d9000-7fcb066da000 rw-p 00000000 00:00 0 
7fcb066da000-7fcb066db000 ---p 00000000 00:00 0 
7fcb066db000-7fcb067dc000 rw-p 00000000 00:00 0 
7fcb067dc000-7fcb067dd000 ---p 00000000 00:00 0 
7fcb067dd000-7fcb068de000 rw-p 00000000 00:00 0 
7fcb068de000-7fcb068df000 ---p 00000000 00:00 0 
7fcb068df000-7fcb06be0000 rw-p 00000000 00:00 0 
7fcb06be0000-7fcb06be4000 ---p 00000000 00:00 0 
7fcb06be4000-7fcb06ce1000 rw-p 00000000 00:00 0 
7fcb06ce1000-7fcb06ce5000 ---p 00000000 00:00 0 
7fcb06ce5000-7fcb06de2000 rw-p 00000000 00:00 0 
7fcb06de2000-7fcb06de6000 ---p 00000000 00:00 0 
7fcb06de6000-7fcb06ee3000 rw-p 00000000 00:00 0 
7fcb06ee3000-7fcb06ee7000 ---p 00000000 00:00 0 
7fcb06ee7000-7fcb06fe4000 rw-p 00000000 00:00 0 
7fcb06fe4000-7fcb06fe8000 ---p 00000000 00:00 0 
7fcb06fe8000-7fcb070e5000 rw-p 00000000 00:00 0 
7fcb070e5000-7fcb070e9000 ---p 00000000 00:00 0 
7fcb070e9000-7fcb071e6000 rw-p 00000000 00:00 0 
7fcb071e6000-7fcb071e7000 ---p 00000000 00:00 0 
7fcb071e7000-7fcb072e8000 rw-p 00000000 00:00 0 
7fcb072e8000-7fcb072e9000 ---p 00000000 00:00 0 
7fcb072e9000-7fcb073ea000 rw-p 00000000 00:00 0 
7fcb073ea000-7fcb073eb000 ---p 00000000 00:00 0 
7fcb073eb000-7fcb074ec000 rw-p 00000000 00:00 0 
7fcb074ec000-7fcb074f0000 ---p 00000000 00:00 0 
7fcb074f0000-7fcb075ed000 rw-p 00000000 00:00 0 
7fcb075ed000-7fcb075ee000 ---p 00000000 00:00 0 
7fcb075ee000-7fcb076ef000 rw-p 00000000 00:00 0 
7fcb076ef000-7fcb076f3000 ---p 00000000 00:00 0 
7fcb076f3000-7fcb077f0000 rw-p 00000000 00:00 0 
7fcb077f0000-7fcb077f5000 r-xp 00000000 08:02 14549094                   /usr/lib/jvm/java-11-openjdk-amd64/lib/libmanagement_ext.so
7fcb077f5000-7fcb079f4000 ---p 00005000 08:02 14549094                   /usr/lib/jvm/java-11-openjdk-amd64/lib/libmanagement_ext.so
7fcb079f4000-7fcb079f5000 r--p 00004000 08:02 14549094                   /usr/lib/jvm/java-11-openjdk-amd64/lib/libmanagement_ext.so
7fcb079f5000-7fcb079f6000 rw-p 00005000 08:02 14549094                   /usr/lib/jvm/java-11-openjdk-amd64/lib/libmanagement_ext.so
7fcb079f6000-7fcb079fa000 r-xp 00000000 08:02 14549092                   /usr/lib/jvm/java-11-openjdk-amd64/lib/libmanagement.so
7fcb079fa000-7fcb07bf9000 ---p 00004000 08:02 14549092                   /usr/lib/jvm/java-11-openjdk-amd64/lib/libmanagement.so
7fcb07bf9000-7fcb07bfa000 r--p 00003000 08:02 14549092                   /usr/lib/jvm/java-11-openjdk-amd64/lib/libmanagement.so
7fcb07bfa000-7fcb07bfb000 rw-p 00004000 08:02 14549092                   /usr/lib/jvm/java-11-openjdk-amd64/lib/libmanagement.so
7fcb07bfb000-7fcb07bfd000 r-xp 00000000 08:02 14549077                   /usr/lib/jvm/java-11-openjdk-amd64/lib/libextnet.so
7fcb07bfd000-7fcb07dfc000 ---p 00002000 08:02 14549077                   /usr/lib/jvm/java-11-openjdk-amd64/lib/libextnet.so
7fcb07dfc000-7fcb07dfd000 r--p 00001000 08:02 14549077                   /usr/lib/jvm/java-11-openjdk-amd64/lib/libextnet.so
7fcb07dfd000-7fcb07dfe000 rw-p 00002000 08:02 14549077                   /usr/lib/jvm/java-11-openjdk-amd64/lib/libextnet.so
7fcb07dfe000-7fcb07e02000 ---p 00000000 00:00 0 
7fcb07e02000-7fcb07eff000 rw-p 00000000 00:00 0 
7fcb07eff000-7fcb07f03000 ---p 00000000 00:00 0 
7fcb07f03000-7fcb08000000 rw-p 00000000 00:00 0 
7fcb08000000-7fcb08021000 rw-p 00000000 00:00 0 
7fcb08021000-7fcb0c000000 ---p 00000000 00:00 0 
7fcb0c000000-7fcb0c021000 rw-p 00000000 00:00 0 
7fcb0c021000-7fcb10000000 ---p 00000000 00:00 0 
7fcb10000000-7fcb10021000 rw-p 00000000 00:00 0 
7fcb10021000-7fcb14000000 ---p 00000000 00:00 0 
7fcb14000000-7fcb144f3000 rw-p 00000000 00:00 0 
7fcb144f3000-7fcb18000000 ---p 00000000 00:00 0 
7fcb18000000-7fcb18021000 rw-p 00000000 00:00 0 
7fcb18021000-7fcb1c000000 ---p 00000000 00:00 0 
7fcb1c000000-7fcb1c021000 rw-p 00000000 00:00 0 
7fcb1c021000-7fcb20000000 ---p 00000000 00:00 0 
7fcb20000000-7fcb20021000 rw-p 00000000 00:00 0 
7fcb20021000-7fcb24000000 ---p 00000000 00:00 0 
7fcb24000000-7fcb2417e000 rw-p 00000000 00:00 0 
7fcb2417e000-7fcb28000000 ---p 00000000 00:00 0 
7fcb28000000-7fcb28021000 rw-p 00000000 00:00 0 
7fcb28021000-7fcb2c000000 ---p 00000000 00:00 0 
7fcb2c000000-7fcb2c021000 rw-p 00000000 00:00 0 
7fcb2c021000-7fcb30000000 ---p 00000000 00:00 0 
7fcb300fc000-7fcb30112000 r-xp 00000000 08:02 14549096                   /usr/lib/jvm/java-11-openjdk-amd64/lib/libnet.so
7fcb30112000-7fcb30311000 ---p 00016000 08:02 14549096                   /usr/lib/jvm/java-11-openjdk-amd64/lib/libnet.so
7fcb30311000-7fcb30312000 r--p 00015000 08:02 14549096                   /usr/lib/jvm/java-11-openjdk-amd64/lib/libnet.so
7fcb30312000-7fcb30313000 rw-p 00016000 08:02 14549096                   /usr/lib/jvm/java-11-openjdk-amd64/lib/libnet.so
7fcb30313000-7fcb30323000 r-xp 00000000 08:02 14549097                   /usr/lib/jvm/java-11-openjdk-amd64/lib/libnio.so
7fcb30323000-7fcb30522000 ---p 00010000 08:02 14549097                   /usr/lib/jvm/java-11-openjdk-amd64/lib/libnio.so
7fcb30522000-7fcb30523000 r--p 0000f000 08:02 14549097                   /usr/lib/jvm/java-11-openjdk-amd64/lib/libnio.so
7fcb30523000-7fcb30524000 rw-p 00010000 08:02 14549097                   /usr/lib/jvm/java-11-openjdk-amd64/lib/libnio.so
7fcb30524000-7fcb30528000 ---p 00000000 00:00 0 
7fcb30528000-7fcb30625000 rw-p 00000000 00:00 0 
7fcb30625000-7fcb30629000 ---p 00000000 00:00 0 
7fcb30629000-7fcb30726000 rw-p 00000000 00:00 0 
7fcb30726000-7fcb3072a000 ---p 00000000 00:00 0 
7fcb3072a000-7fcb30827000 rw-p 00000000 00:00 0 
7fcb30827000-7fcb3082b000 ---p 00000000 00:00 0 
7fcb3082b000-7fcb30928000 rw-p 00000000 00:00 0 
7fcb30928000-7fcb312f8000 r--p 00000000 08:02 10754679                   /usr/lib/locale/locale-archive
7fcb312f8000-7fcb312fc000 ---p 00000000 00:00 0 
7fcb312fc000-7fcb313f9000 rw-p 00000000 00:00 0 
7fcb313f9000-7fcb313fd000 ---p 00000000 00:00 0 
7fcb313fd000-7fcb314fa000 rw-p 00000000 00:00 0 
7fcb314fa000-7fcb314fb000 ---p 00000000 00:00 0 
7fcb314fb000-7fcb31dfc000 rw-p 00000000 00:00 0 
7fcb31dfc000-7fcb31dfd000 ---p 00000000 00:00 0 
7fcb31dfd000-7fcb31efe000 rw-p 00000000 00:00 0 
7fcb31efe000-7fcb31eff000 ---p 00000000 00:00 0 
7fcb31eff000-7fcb34000000 rw-p 00000000 00:00 0 
7fcb34000000-7fcb34021000 rw-p 00000000 00:00 0 
7fcb34021000-7fcb38000000 ---p 00000000 00:00 0 
7fcb3800d000-7fcb38598000 rw-p 00000000 00:00 0 
7fcb38598000-7fcb3a140000 ---p 00000000 00:00 0 
7fcb3a140000-7fcb3a450000 rw-p 00000000 00:00 0 
7fcb3a450000-7fcb3bff8000 ---p 00000000 00:00 0 
7fcb3bff8000-7fcb3c000000 rw-p 00000000 00:00 0 
7fcb3c000000-7fcb3c021000 rw-p 00000000 00:00 0 
7fcb3c021000-7fcb40000000 ---p 00000000 00:00 0 
7fcb4007a000-7fcb405e0000 rw-p 00000000 00:00 0 
7fcb405e0000-7fcb40955000 ---p 00000000 00:00 0 
7fcb40955000-7fcb40956000 rw-p 00000000 00:00 0 
7fcb40956000-7fcb40bc6000 rwxp 00000000 00:00 0 
7fcb40bc6000-7fcb4108a000 ---p 00000000 00:00 0 
7fcb4108a000-7fcb41b0a000 rwxp 00000000 00:00 0 
7fcb41b0a000-7fcb4f956000 ---p 00000000 00:00 0 
7fcb4f956000-7fcb58000000 r--s 00000000 08:02 14549106                   /usr/lib/jvm/java-11-openjdk-amd64/lib/modules
7fcb58000000-7fcb587ab000 rw-p 00000000 00:00 0 
7fcb587ab000-7fcb5c000000 ---p 00000000 00:00 0 
7fcb5c076000-7fcb5c1d2000 rw-p 00000000 00:00 0 
7fcb5c1d2000-7fcb5c1d3000 ---p 00000000 00:00 0 
7fcb5c1d3000-7fcb5c2d4000 rw-p 00000000 00:00 0 
7fcb5c2d4000-7fcb5c2d5000 ---p 00000000 00:00 0 
7fcb5c2d5000-7fcb5c437000 rw-p 00000000 00:00 0 
7fcb5c437000-7fcb5c7ac000 ---p 00000000 00:00 0 
7fcb5c7ac000-7fcb5c80e000 rw-p 00000000 00:00 0 
7fcb5c80e000-7fcb5cb83000 ---p 00000000 00:00 0 
7fcb5cb83000-7fcb5d38c000 rw-p 00000000 00:00 0 
7fcb5d38c000-7fcb5d38d000 ---p 00000000 00:00 0 
7fcb5d38d000-7fcb5d4a3000 rw-p 00000000 00:00 0 
7fcb5d4a3000-7fcb5d660000 ---p 00000000 00:00 0 
7fcb5d660000-7fcb5d665000 r-xp 00000000 08:02 14549088                   /usr/lib/jvm/java-11-openjdk-amd64/lib/libjimage.so
7fcb5d665000-7fcb5d864000 ---p 00005000 08:02 14549088                   /usr/lib/jvm/java-11-openjdk-amd64/lib/libjimage.so
7fcb5d864000-7fcb5d865000 r--p 00004000 08:02 14549088                   /usr/lib/jvm/java-11-openjdk-amd64/lib/libjimage.so
7fcb5d865000-7fcb5d866000 rw-p 00005000 08:02 14549088                   /usr/lib/jvm/java-11-openjdk-amd64/lib/libjimage.so
7fcb5d866000-7fcb5d86d000 r-xp 00000000 08:02 14549105                   /usr/lib/jvm/java-11-openjdk-amd64/lib/libzip.so
7fcb5d86d000-7fcb5da6c000 ---p 00007000 08:02 14549105                   /usr/lib/jvm/java-11-openjdk-amd64/lib/libzip.so
7fcb5da6c000-7fcb5da6d000 r--p 00006000 08:02 14549105                   /usr/lib/jvm/java-11-openjdk-amd64/lib/libzip.so
7fcb5da6d000-7fcb5da6e000 rw-p 00007000 08:02 14549105                   /usr/lib/jvm/java-11-openjdk-amd64/lib/libzip.so
7fcb5da6e000-7fcb5da79000 r-xp 00000000 08:02 6558456                    /lib/x86_64-linux-gnu/libnss_files-2.27.so
7fcb5da79000-7fcb5dc78000 ---p 0000b000 08:02 6558456                    /lib/x86_64-linux-gnu/libnss_files-2.27.so
7fcb5dc78000-7fcb5dc79000 r--p 0000a000 08:02 6558456                    /lib/x86_64-linux-gnu/libnss_files-2.27.so
7fcb5dc79000-7fcb5dc7a000 rw-p 0000b000 08:02 6558456                    /lib/x86_64-linux-gnu/libnss_files-2.27.so
7fcb5dc7a000-7fcb5dc80000 rw-p 00000000 00:00 0 
7fcb5dc80000-7fcb5dc97000 r-xp 00000000 08:02 6558450                    /lib/x86_64-linux-gnu/libnsl-2.27.so
7fcb5dc97000-7fcb5de96000 ---p 00017000 08:02 6558450                    /lib/x86_64-linux-gnu/libnsl-2.27.so
7fcb5de96000-7fcb5de97000 r--p 00016000 08:02 6558450                    /lib/x86_64-linux-gnu/libnsl-2.27.so
7fcb5de97000-7fcb5de98000 rw-p 00017000 08:02 6558450                    /lib/x86_64-linux-gnu/libnsl-2.27.so
7fcb5de98000-7fcb5de9a000 rw-p 00000000 00:00 0 
7fcb5de9a000-7fcb5dea5000 r-xp 00000000 08:02 6558467                    /lib/x86_64-linux-gnu/libnss_nis-2.27.so
7fcb5dea5000-7fcb5e0a4000 ---p 0000b000 08:02 6558467                    /lib/x86_64-linux-gnu/libnss_nis-2.27.so
7fcb5e0a4000-7fcb5e0a5000 r--p 0000a000 08:02 6558467                    /lib/x86_64-linux-gnu/libnss_nis-2.27.so
7fcb5e0a5000-7fcb5e0a6000 rw-p 0000b000 08:02 6558467                    /lib/x86_64-linux-gnu/libnss_nis-2.27.so
7fcb5e0a6000-7fcb5e0ae000 r-xp 00000000 08:02 6558452                    /lib/x86_64-linux-gnu/libnss_compat-2.27.so
7fcb5e0ae000-7fcb5e2ae000 ---p 00008000 08:02 6558452                    /lib/x86_64-linux-gnu/libnss_compat-2.27.so
7fcb5e2ae000-7fcb5e2af000 r--p 00008000 08:02 6558452                    /lib/x86_64-linux-gnu/libnss_compat-2.27.so
7fcb5e2af000-7fcb5e2b0000 rw-p 00009000 08:02 6558452                    /lib/x86_64-linux-gnu/libnss_compat-2.27.so
7fcb5e2b0000-7fcb5e2ba000 r-xp 00000000 08:02 14549079                   /usr/lib/jvm/java-11-openjdk-amd64/lib/libinstrument.so
7fcb5e2ba000-7fcb5e4b9000 ---p 0000a000 08:02 14549079                   /usr/lib/jvm/java-11-openjdk-amd64/lib/libinstrument.so
7fcb5e4b9000-7fcb5e4ba000 r--p 00009000 08:02 14549079                   /usr/lib/jvm/java-11-openjdk-amd64/lib/libinstrument.so
7fcb5e4ba000-7fcb5e4bb000 rw-p 0000a000 08:02 14549079                   /usr/lib/jvm/java-11-openjdk-amd64/lib/libinstrument.so
7fcb5e4bb000-7fcb5e4e4000 r-xp 00000000 08:02 14549084                   /usr/lib/jvm/java-11-openjdk-amd64/lib/libjava.so
7fcb5e4e4000-7fcb5e6e3000 ---p 00029000 08:02 14549084                   /usr/lib/jvm/java-11-openjdk-amd64/lib/libjava.so
7fcb5e6e3000-7fcb5e6e4000 r--p 00028000 08:02 14549084                   /usr/lib/jvm/java-11-openjdk-amd64/lib/libjava.so
7fcb5e6e4000-7fcb5e6e6000 rw-p 00029000 08:02 14549084                   /usr/lib/jvm/java-11-openjdk-amd64/lib/libjava.so
7fcb5e6e6000-7fcb5e6f3000 r-xp 00000000 08:02 14549104                   /usr/lib/jvm/java-11-openjdk-amd64/lib/libverify.so
7fcb5e6f3000-7fcb5e8f2000 ---p 0000d000 08:02 14549104                   /usr/lib/jvm/java-11-openjdk-amd64/lib/libverify.so
7fcb5e8f2000-7fcb5e8f4000 r--p 0000c000 08:02 14549104                   /usr/lib/jvm/java-11-openjdk-amd64/lib/libverify.so
7fcb5e8f4000-7fcb5e8f5000 rw-p 0000e000 08:02 14549104                   /usr/lib/jvm/java-11-openjdk-amd64/lib/libverify.so
7fcb5e8f5000-7fcb5e8fc000 r-xp 00000000 08:02 6558507                    /lib/x86_64-linux-gnu/librt-2.27.so
7fcb5e8fc000-7fcb5eafb000 ---p 00007000 08:02 6558507                    /lib/x86_64-linux-gnu/librt-2.27.so
7fcb5eafb000-7fcb5eafc000 r--p 00006000 08:02 6558507                    /lib/x86_64-linux-gnu/librt-2.27.so
7fcb5eafc000-7fcb5eafd000 rw-p 00007000 08:02 6558507                    /lib/x86_64-linux-gnu/librt-2.27.so
7fcb5eafd000-7fcb5eb14000 r-xp 00000000 08:02 6555672                    /lib/x86_64-linux-gnu/libgcc_s.so.1
7fcb5eb14000-7fcb5ed13000 ---p 00017000 08:02 6555672                    /lib/x86_64-linux-gnu/libgcc_s.so.1
7fcb5ed13000-7fcb5ed14000 r--p 00016000 08:02 6555672                    /lib/x86_64-linux-gnu/libgcc_s.so.1
7fcb5ed14000-7fcb5ed15000 rw-p 00017000 08:02 6555672                    /lib/x86_64-linux-gnu/libgcc_s.so.1
7fcb5ed15000-7fcb5eeb2000 r-xp 00000000 08:02 6558429                    /lib/x86_64-linux-gnu/libm-2.27.so
7fcb5eeb2000-7fcb5f0b1000 ---p 0019d000 08:02 6558429                    /lib/x86_64-linux-gnu/libm-2.27.so
7fcb5f0b1000-7fcb5f0b2000 r--p 0019c000 08:02 6558429                    /lib/x86_64-linux-gnu/libm-2.27.so
7fcb5f0b2000-7fcb5f0b3000 rw-p 0019d000 08:02 6558429                    /lib/x86_64-linux-gnu/libm-2.27.so
7fcb5f0b3000-7fcb5f22c000 r-xp 00000000 08:02 10760711                   /usr/lib/x86_64-linux-gnu/libstdc++.so.6.0.25
7fcb5f22c000-7fcb5f42c000 ---p 00179000 08:02 10760711                   /usr/lib/x86_64-linux-gnu/libstdc++.so.6.0.25
7fcb5f42c000-7fcb5f436000 r--p 00179000 08:02 10760711                   /usr/lib/x86_64-linux-gnu/libstdc++.so.6.0.25
7fcb5f436000-7fcb5f438000 rw-p 00183000 08:02 10760711                   /usr/lib/x86_64-linux-gnu/libstdc++.so.6.0.25
7fcb5f438000-7fcb5f43c000 rw-p 00000000 00:00 0 
7fcb5f43c000-7fcb60508000 r-xp 00000000 08:02 14549109                   /usr/lib/jvm/java-11-openjdk-amd64/lib/server/libjvm.so
7fcb60508000-7fcb60707000 ---p 010cc000 08:02 14549109                   /usr/lib/jvm/java-11-openjdk-amd64/lib/server/libjvm.so
7fcb60707000-7fcb607c4000 r--p 010cb000 08:02 14549109                   /usr/lib/jvm/java-11-openjdk-amd64/lib/server/libjvm.so
7fcb607c4000-7fcb607fd000 rw-p 01188000 08:02 14549109                   /usr/lib/jvm/java-11-openjdk-amd64/lib/server/libjvm.so
7fcb607fd000-7fcb60853000 rw-p 00000000 00:00 0 
7fcb60853000-7fcb6086d000 r-xp 00000000 08:02 6558499                    /lib/x86_64-linux-gnu/libpthread-2.27.so
7fcb6086d000-7fcb60a6c000 ---p 0001a000 08:02 6558499                    /lib/x86_64-linux-gnu/libpthread-2.27.so
7fcb60a6c000-7fcb60a6d000 r--p 00019000 08:02 6558499                    /lib/x86_64-linux-gnu/libpthread-2.27.so
7fcb60a6d000-7fcb60a6e000 rw-p 0001a000 08:02 6558499                    /lib/x86_64-linux-gnu/libpthread-2.27.so
7fcb60a6e000-7fcb60a72000 rw-p 00000000 00:00 0 
7fcb60a72000-7fcb60a75000 r-xp 00000000 08:02 6558389                    /lib/x86_64-linux-gnu/libdl-2.27.so
7fcb60a75000-7fcb60c74000 ---p 00003000 08:02 6558389                    /lib/x86_64-linux-gnu/libdl-2.27.so
7fcb60c74000-7fcb60c75000 r--p 00002000 08:02 6558389                    /lib/x86_64-linux-gnu/libdl-2.27.so
7fcb60c75000-7fcb60c76000 rw-p 00003000 08:02 6558389                    /lib/x86_64-linux-gnu/libdl-2.27.so
7fcb60c76000-7fcb60c92000 r-xp 00000000 08:02 6558538                    /lib/x86_64-linux-gnu/libz.so.1.2.11
7fcb60c92000-7fcb60e91000 ---p 0001c000 08:02 6558538                    /lib/x86_64-linux-gnu/libz.so.1.2.11
7fcb60e91000-7fcb60e92000 r--p 0001b000 08:02 6558538                    /lib/x86_64-linux-gnu/libz.so.1.2.11
7fcb60e92000-7fcb60e93000 rw-p 0001c000 08:02 6558538                    /lib/x86_64-linux-gnu/libz.so.1.2.11
7fcb60e93000-7fcb6107a000 r-xp 00000000 08:02 6558366                    /lib/x86_64-linux-gnu/libc-2.27.so
7fcb6107a000-7fcb6127a000 ---p 001e7000 08:02 6558366                    /lib/x86_64-linux-gnu/libc-2.27.so
7fcb6127a000-7fcb6127e000 r--p 001e7000 08:02 6558366                    /lib/x86_64-linux-gnu/libc-2.27.so
7fcb6127e000-7fcb61280000 rw-p 001eb000 08:02 6558366                    /lib/x86_64-linux-gnu/libc-2.27.so
7fcb61280000-7fcb61284000 rw-p 00000000 00:00 0 
7fcb61284000-7fcb61294000 r-xp 00000000 08:02 14549068                   /usr/lib/jvm/java-11-openjdk-amd64/lib/jli/libjli.so
7fcb61294000-7fcb61493000 ---p 00010000 08:02 14549068                   /usr/lib/jvm/java-11-openjdk-amd64/lib/jli/libjli.so
7fcb61493000-7fcb61494000 r--p 0000f000 08:02 14549068                   /usr/lib/jvm/java-11-openjdk-amd64/lib/jli/libjli.so
7fcb61494000-7fcb61495000 rw-p 00010000 08:02 14549068                   /usr/lib/jvm/java-11-openjdk-amd64/lib/jli/libjli.so
7fcb61495000-7fcb614bc000 r-xp 00000000 08:02 6558338                    /lib/x86_64-linux-gnu/ld-2.27.so
7fcb61515000-7fcb61594000 rw-p 00000000 00:00 0 
7fcb61594000-7fcb61598000 ---p 00000000 00:00 0 
7fcb61598000-7fcb61697000 rw-p 00000000 00:00 0 
7fcb6169f000-7fcb616a4000 rw-p 00000000 00:00 0 
7fcb616a4000-7fcb616ae000 ---p 00000000 00:00 0 
7fcb616ae000-7fcb616b0000 r--s 00007000 08:02 11146480                   /usr/share/java/java-atk-wrapper.jar
7fcb616b0000-7fcb616b8000 rw-s 00000000 08:02 13369878                   /tmp/hsperfdata_jl/7363
7fcb616b8000-7fcb616b9000 ---p 00000000 00:00 0 
7fcb616b9000-7fcb616ba000 r--p 00000000 00:00 0 
7fcb616ba000-7fcb616bc000 rw-p 00000000 00:00 0 
7fcb616bc000-7fcb616bd000 r--p 00027000 08:02 6558338                    /lib/x86_64-linux-gnu/ld-2.27.so
7fcb616bd000-7fcb616be000 rw-p 00028000 08:02 6558338                    /lib/x86_64-linux-gnu/ld-2.27.so
7fcb616be000-7fcb616bf000 rw-p 00000000 00:00 0 
7fff97fe9000-7fff9800c000 rw-p 00000000 00:00 0                          [stack]
7fff98082000-7fff98085000 r--p 00000000 00:00 0                          [vvar]
7fff98085000-7fff98087000 r-xp 00000000 00:00 0                          [vdso]
ffffffffff600000-ffffffffff601000 r-xp 00000000 00:00 0                  [vsyscall]


VM Arguments:
jvm_args: -XX:TieredStopAtLevel=1 -Xverify:none -Dspring.output.ansi.enabled=always -Dcom.sun.management.jmxremote -Dspring.jmx.enabled=true -Dspring.liveBeansView.mbeanDomain -Dspring.application.admin.enabled=true -javaagent:/home/jl/Downloads/idea-IU-192.5728.98/lib/idea_rt.jar=37325:/home/jl/Downloads/idea-IU-192.5728.98/bin -Dfile.encoding=UTF-8 
java_command: com.qo.InfoApplication
java_class_path (initial): /home/jl/Documents/spyyy/info/target/classes:/home/jl/.m2/repository/org/springframework/boot/spring-boot-starter-tomcat/2.1.6.RELEASE/spring-boot-starter-tomcat-2.1.6.RELEASE.jar:/home/jl/.m2/repository/javax/annotation/javax.annotation-api/1.3.2/javax.annotation-api-1.3.2.jar:/home/jl/.m2/repository/org/apache/tomcat/embed/tomcat-embed-core/9.0.21/tomcat-embed-core-9.0.21.jar:/home/jl/.m2/repository/org/apache/tomcat/embed/tomcat-embed-el/9.0.21/tomcat-embed-el-9.0.21.jar:/home/jl/.m2/repository/org/apache/tomcat/embed/tomcat-embed-websocket/9.0.21/tomcat-embed-websocket-9.0.21.jar:/home/jl/.m2/repository/org/apache/commons/commons-lang3/3.8.1/commons-lang3-3.8.1.jar:/home/jl/.m2/repository/org/springframework/boot/spring-boot-devtools/2.1.6.RELEASE/spring-boot-devtools-2.1.6.RELEASE.jar:/home/jl/.m2/repository/org/springframework/boot/spring-boot/2.1.6.RELEASE/spring-boot-2.1.6.RELEASE.jar:/home/jl/.m2/repository/org/springframework/spring-context/5.1.8.RELEASE/spring-context-5.1.8.RELEASE.jar:/home/jl/.m2/repository/org/springframework/boot/spring-boot-autoconfigure/2.1.6.RELEASE/spring-boot-autoconfigure-2.1.6.RELEASE.jar:/home/jl/.m2/repository/org/springframework/boot/spring-boot-starter/2.1.6.RELEASE/spring-boot-starter-2.1.6.RELEASE.jar:/home/jl/.m2/repository/org/springframework/boot/spring-boot-starter-logging/2.1.6.RELEASE/spring-boot-starter-logging-2.1.6.RELEASE.jar:/home/jl/.m2/repository/ch/qos/logback/logback-classic/1.2.3/logback-classic-1.2.3.jar:/home/jl/.m2/repository/ch/qos/logback/logback-core/1.2.3/logback-core-1.2.3.jar:/home/jl/.m2/repository/org/apache/logging/log4j/log4j-to-slf4j/2.11.2/log4j-to-slf4j-2.11.2.jar:/home/jl/.m2/repository/org/apache/logging/log4j/log4j-api/2.11.2/log4j-api-2.11.2.jar:/home/jl/.m2/repository/org/slf4j/jul-to-slf4j/1.7.26/jul-to-slf4j-1.7.26.jar:/home/jl/.m2/repository/org/yaml/snakeyaml/1.23/snakeyaml-1.23.jar:/home/jl/.m2/repository/org/slf4j/slf4j-api/1.7.26/slf4j-api-1.7.26.jar
Launcher Type: SUN_STANDARD

[Global flags]
     bool BytecodeVerificationLocal                = false                                     {product} {command line}
     bool BytecodeVerificationRemote               = false                                     {product} {command line}
     intx CICompilerCount                          = 4                                         {product} {ergonomic}
     uint ConcGCThreads                            = 2                                         {product} {ergonomic}
     uint G1ConcRefinementThreads                  = 8                                         {product} {ergonomic}
   size_t G1HeapRegionSize                         = 1048576                                   {product} {ergonomic}
    uintx GCDrainStackTargetSize                   = 64                                        {product} {ergonomic}
   size_t InitialHeapSize                          = 130023424                                 {product} {ergonomic}
     bool ManagementServer                         = true                                      {product} {command line}
   size_t MarkStackSize                            = 4194304                                   {product} {ergonomic}
   size_t MaxHeapSize                              = 2061500416                                {product} {ergonomic}
   size_t MaxNewSize                               = 1236271104                                {product} {ergonomic}
   size_t MinHeapDeltaBytes                        = 1048576                                   {product} {ergonomic}
    uintx NonNMethodCodeHeapSize                   = 7549744                                {pd product} {ergonomic}
    uintx NonProfiledCodeHeapSize                  = 244108496                              {pd product} {ergonomic}
    uintx ProfiledCodeHeapSize                     = 0                                      {pd product} {ergonomic}
    uintx ReservedCodeCacheSize                    = 251658240                              {pd product} {ergonomic}
     bool SegmentedCodeCache                       = true                                      {product} {ergonomic}
     intx TieredStopAtLevel                        = 1                                         {product} {command line}
     bool UseCompressedClassPointers               = true                                 {lp64_product} {ergonomic}
     bool UseCompressedOops                        = true                                 {lp64_product} {ergonomic}
     bool UseG1GC                                  = true                                      {product} {ergonomic}

Logging:
Log output configuration:
 #0: stdout all=warning uptime,level,tags
 #1: stderr all=off uptime,level,tags

Environment Variables:
PATH=/home/jl/.local/bin:/usr/local/sbin:/usr/local/bin:/usr/sbin:/usr/bin:/sbin:/bin:/usr/games:/usr/local/games:/snap/bin
USERNAME=jl
SHELL=/bin/bash
DISPLAY=:0

Signal Handlers:
SIGSEGV: [libjvm.so+0xde5f50], sa_mask[0]=11111111011111111101111111111110, sa_flags=SA_RESTART|SA_SIGINFO
SIGBUS: [libjvm.so+0xde5f50], sa_mask[0]=11111111011111111101111111111110, sa_flags=SA_RESTART|SA_SIGINFO
SIGFPE: [libjvm.so+0xde5f50], sa_mask[0]=11111111011111111101111111111110, sa_flags=SA_RESTART|SA_SIGINFO
SIGPIPE: [libjvm.so+0xbba5b0], sa_mask[0]=11111111011111111101111111111110, sa_flags=SA_RESTART|SA_SIGINFO
SIGXFSZ: [libjvm.so+0xbba5b0], sa_mask[0]=11111111011111111101111111111110, sa_flags=SA_RESTART|SA_SIGINFO
SIGILL: [libjvm.so+0xde5f50], sa_mask[0]=11111111011111111101111111111110, sa_flags=SA_RESTART|SA_SIGINFO
SIGUSR2: [libjvm.so+0xbba450], sa_mask[0]=00100000000000000000000000000000, sa_flags=SA_RESTART|SA_SIGINFO
SIGHUP: [libjvm.so+0xbba7b0], sa_mask[0]=11111111011111111101111111111110, sa_flags=SA_RESTART|SA_SIGINFO
SIGINT: [libjvm.so+0xbba7b0], sa_mask[0]=11111111011111111101111111111110, sa_flags=SA_RESTART|SA_SIGINFO
SIGTERM: [libjvm.so+0xbba7b0], sa_mask[0]=11111111011111111101111111111110, sa_flags=SA_RESTART|SA_SIGINFO
SIGQUIT: [libjvm.so+0xbba7b0], sa_mask[0]=11111111011111111101111111111110, sa_flags=SA_RESTART|SA_SIGINFO


---------------  S Y S T E M  ---------------

OS:DISTRIB_ID=Ubuntu
DISTRIB_RELEASE=18.04
DISTRIB_CODENAME=bionic
DISTRIB_DESCRIPTION="Ubuntu 18.04.3 LTS"
uname:Linux 4.15.0-60-generic #67-Ubuntu SMP Thu Aug 22 16:55:30 UTC 2019 x86_64
libc:glibc 2.27 NPTL 2.27 
rlimit: STACK 8192k, CORE 0k, NPROC 30555, NOFILE 1048576, AS infinity, DATA infinity, FSIZE infinity
load average:38.31 29.09 24.03

/proc/meminfo:
MemTotal:        8051620 kB
MemFree:          106276 kB
MemAvailable:      63200 kB
Buffers:             504 kB
Cached:           782084 kB
SwapCached:           92 kB
Active:          6542244 kB
Inactive:         839656 kB
Active(anon):    6524924 kB
Inactive(anon):   815696 kB
Active(file):      17320 kB
Inactive(file):    23960 kB
Unevictable:         112 kB
Mlocked:             112 kB
SwapTotal:       2097148 kB
SwapFree:              0 kB
Dirty:                96 kB
Writeback:            12 kB
AnonPages:       6600108 kB
Mapped:            46380 kB
Shmem:            740572 kB
Slab:             271168 kB
SReclaimable:     152124 kB
SUnreclaim:       119044 kB
KernelStack:       33488 kB
PageTables:       137336 kB
NFS_Unstable:          0 kB
Bounce:                0 kB
WritebackTmp:          0 kB
CommitLimit:     6122956 kB
Committed_AS:   21959612 kB
VmallocTotal:   34359738367 kB
VmallocUsed:           0 kB
VmallocChunk:          0 kB
HardwareCorrupted:     0 kB
AnonHugePages:         0 kB
ShmemHugePages:        0 kB
ShmemPmdMapped:        0 kB
CmaTotal:              0 kB
CmaFree:               0 kB
HugePages_Total:       0
HugePages_Free:        0
HugePages_Rsvd:        0
HugePages_Surp:        0
Hugepagesize:       2048 kB
DirectMap4k:      531060 kB
DirectMap2M:     7741440 kB
DirectMap1G:           0 kB


/proc/sys/kernel/threads-max (system-wide limit on the number of threads):
61110


/proc/sys/vm/max_map_count (maximum number of memory map areas a process may have):
65530


/proc/sys/kernel/pid_max (system-wide limit on number of process identifiers):
32768



container (cgroup) information:
container_type: cgroupv1
cpu_cpuset_cpus: 0-7
cpu_memory_nodes: 0
active_processor_count: 8
cpu_quota: -1
cpu_period: 100000
cpu_shares: -1
memory_limit_in_bytes: -1
memory_and_swap_limit_in_bytes: -2
memory_soft_limit_in_bytes: -1
memory_usage_in_bytes: 7559020544
memory_max_usage_in_bytes: 75997184

Steal ticks since vm start: 0
Steal ticks percentage since vm start:  0.000

CPU:total 8 (initial active 8) (4 cores per cpu, 2 threads per core) family 6 model 142 stepping 10, cmov, cx8, fxsr, mmx, sse, sse2, sse3, ssse3, sse4.1, sse4.2, popcnt, avx, avx2, aes, clmul, erms, 3dnowpref, lzcnt, ht, tsc, tscinvbit, bmi1, bmi2, adx, fma
CPU Model and flags from /proc/cpuinfo:
model name	: Intel(R) Core(TM) i7-8550U CPU @ 1.80GHz
flags		: fpu vme de pse tsc msr pae mce cx8 apic sep mtrr pge mca cmov pat pse36 clflush dts acpi mmx fxsr sse sse2 ss ht tm pbe syscall nx pdpe1gb rdtscp lm constant_tsc art arch_perfmon pebs bts rep_good nopl xtopology nonstop_tsc cpuid aperfmperf tsc_known_freq pni pclmulqdq dtes64 monitor ds_cpl vmx est tm2 ssse3 sdbg fma cx16 xtpr pdcm pcid sse4_1 sse4_2 x2apic movbe popcnt tsc_deadline_timer aes xsave avx f16c rdrand lahf_lm abm 3dnowprefetch cpuid_fault epb invpcid_single pti ssbd ibrs ibpb stibp tpr_shadow vnmi flexpriority ept vpid fsgsbase tsc_adjust bmi1 avx2 smep bmi2 erms invpcid mpx rdseed adx smap clflushopt intel_pt xsaveopt xsavec xgetbv1 xsaves dtherm ida arat pln pts hwp hwp_notify hwp_act_window hwp_epp md_clear flush_l1d

Memory: 4k page, physical 8051620k(106596k free), swap 2097148k(0k free)

vm_info: OpenJDK 64-Bit Server VM (11.0.4+11-post-Ubuntu-1ubuntu218.04.3) for linux-amd64 JRE (11.0.4+11-post-Ubuntu-1ubuntu218.04.3), built on Jul 18 2019 18:21:46 by "buildd" with gcc 7.4.0

END.
