#
# There is insufficient memory for the Java Runtime Environment to continue.
# Native memory allocation (mmap) failed to map 283115520 bytes for committing reserved memory.
# Possible reasons:
#   The system is out of physical RAM or swap space
#   The process is running with CompressedOops enabled, and the Java Heap may be blocking the growth of the native heap
# Possible solutions:
#   Reduce memory load on the system
#   Increase physical memory or swap space
#   Check if swap backing store is full
#   Decrease Java heap size (-Xmx/-Xms)
#   Decrease number of Java threads
#   Decrease Java thread stack sizes (-Xss)
#   Set larger code cache with -XX:ReservedCodeCacheSize=
#   JVM is running with Unscaled Compressed Oops mode in which the Java heap is
#     placed in the first 4GB address space. The Java Heap base address is the
#     maximum limit for the native heap growth. Please use -XX:HeapBaseMinAddress
#     to set the Java Heap base and to place the Java Heap above 4GB virtual address.
# This output file may be truncated or incomplete.
#
#  Out of Memory Error (os_linux.cpp:2893), pid=1956, tid=1990
#
# JRE version: OpenJDK Runtime Environment (11.0.4+11) (build 11.0.4+11-post-Ubuntu-1ubuntu218.04.3)
# Java VM: OpenJDK 64-Bit Server VM (11.0.4+11-post-Ubuntu-1ubuntu218.04.3, mixed mode, sharing, tiered, compressed oops, g1 gc, linux-amd64)
# Core dump will be written. Default location: Core dumps may be processed with "/usr/share/apport/apport %p %s %c %d %P" (or dumping to /home/jl/Documents/spyyy/info/core.1956)
#

---------------  S U M M A R Y ------------

Command Line: -XX:TieredStopAtLevel=1 -Xverify:none -Dspring.output.ansi.enabled=always -Dcom.sun.management.jmxremote -Dspring.jmx.enabled=true -Dspring.liveBeansView.mbeanDomain -Dspring.application.admin.enabled=true -javaagent:/home/jl/Downloads/idea-IU-192.5728.98/lib/idea_rt.jar=44571:/home/jl/Downloads/idea-IU-192.5728.98/bin -Dfile.encoding=UTF-8 com.qo.InfoApplication

Host: Intel(R) Core(TM) i7-8550U CPU @ 1.80GHz, 8 cores, 7G, Ubuntu 18.04.3 LTS
Time: Mon Sep  2 14:22:10 2019 EAT elapsed time: 2211 seconds (0d 0h 36m 51s)

---------------  T H R E A D  ---------------

Current thread (0x00007f7de0180800):  VMThread "VM Thread" [stack: 0x00007f7db74fc000,0x00007f7db75fc000] [id=1990]

Stack: [0x00007f7db74fc000,0x00007f7db75fc000],  sp=0x00007f7db75f9ff0,  free space=1015k
Native frames: (J=compiled Java code, A=aot compiled Java code, j=interpreted, Vv=VM code, C=native code)
V  [libjvm.so+0xde4547]
V  [libjvm.so+0xde519b]
V  [libjvm.so+0x6511a5]
V  [libjvm.so+0xbbed38]
V  [libjvm.so+0xbb5ebd]
V  [libjvm.so+0x76f53f]
V  [libjvm.so+0x76f7ae]
V  [libjvm.so+0x77b820]
V  [libjvm.so+0x7f6969]
V  [libjvm.so+0x7f75c2]
V  [libjvm.so+0x7f7a29]
V  [libjvm.so+0x72de6f]
V  [libjvm.so+0x732b6a]
V  [libjvm.so+0xdf01e1]
V  [libjvm.so+0xdeeda8]
V  [libjvm.so+0xdec5e6]
V  [libjvm.so+0xdecaf0]
V  [libjvm.so+0xdecf23]
V  [libjvm.so+0xd7aeea]
V  [libjvm.so+0xbc4a5e]

VM_Operation (0x00007f7d3a9f8780): G1CollectForAllocation, mode: safepoint, requested by thread 0x00007f7d5d239000


---------------  P R O C E S S  ---------------

Threads class SMR info:
_java_thread_list=0x00007f7d68002700, length=35, elements={
0x00007f7de0183800, 0x00007f7de0185800, 0x00007f7de018c000, 0x00007f7de018e000,
0x00007f7de0190000, 0x00007f7de01bd800, 0x00007f7de04c1800, 0x00007f7de04c2800,
0x00007f7de057c000, 0x00007f7d94001000, 0x00007f7d78019800, 0x00007f7d78020800,
0x00007f7d5c853000, 0x00007f7d3402b000, 0x00007f7d5c857000, 0x00007f7d5c85f800,
0x00007f7d5c946800, 0x00007f7d5d239000, 0x00007f7d5d23f000, 0x00007f7d5d24b000,
0x00007f7d5d24d000, 0x00007f7d5d24e800, 0x00007f7d5d250800, 0x00007f7d5d252000,
0x00007f7d5d254000, 0x00007f7d5d256000, 0x00007f7d5d258000, 0x00007f7d5d25a000,
0x00007f7d5d25c000, 0x00007f7d5d25e000, 0x00007f7d5d266800, 0x00007f7d5d269000,
0x00007f7de0015000, 0x00007f7d7c003000, 0x00007f7d7c001800
}
_to_delete_list=0x00007f7d7c002b80, length=36, elements={
0x00007f7de0183800, 0x00007f7de0185800, 0x00007f7de018c000, 0x00007f7de018e000,
0x00007f7de0190000, 0x00007f7de01bd800, 0x00007f7de04c1800, 0x00007f7de04c2800,
0x00007f7de057c000, 0x00007f7d94001000, 0x00007f7d78019800, 0x00007f7d78020800,
0x00007f7d5c853000, 0x00007f7d3402b000, 0x00007f7d5c857000, 0x00007f7d5c85f800,
0x00007f7d5c946800, 0x00007f7d5d239000, 0x00007f7d5d23f000, 0x00007f7d5d24b000,
0x00007f7d5d24d000, 0x00007f7d5d24e800, 0x00007f7d5d250800, 0x00007f7d5d252000,
0x00007f7d5d254000, 0x00007f7d5d256000, 0x00007f7d5d258000, 0x00007f7d5d25a000,
0x00007f7d5d25c000, 0x00007f7d5d25e000, 0x00007f7d5d266800, 0x00007f7d5d269000,
0x00007f7de0015000, 0x00007f7d7c003000, 0x00007f7d7c001800, 0x00007f7d7c006000
}

Java Threads: ( => current thread )
  0x00007f7de0183800 JavaThread "Reference Handler" daemon [_thread_blocked, id=1994, stack(0x00007f7db73f9000,0x00007f7db74fa000)]
  0x00007f7de0185800 JavaThread "Finalizer" daemon [_thread_blocked, id=2002, stack(0x00007f7db72f8000,0x00007f7db73f9000)]
  0x00007f7de018c000 JavaThread "Signal Dispatcher" daemon [_thread_blocked, id=2021, stack(0x00007f7db6827000,0x00007f7db6928000)]
  0x00007f7de018e000 JavaThread "C1 CompilerThread0" daemon [_thread_blocked, id=2025, stack(0x00007f7db6726000,0x00007f7db6827000)]
  0x00007f7de0190000 JavaThread "Sweeper thread" daemon [_thread_blocked, id=2026, stack(0x00007f7db6625000,0x00007f7db6726000)]
  0x00007f7de01bd800 JavaThread "Common-Cleaner" daemon [_thread_blocked, id=2044, stack(0x00007f7db6524000,0x00007f7db6625000)]
  0x00007f7de04c1800 JavaThread "Monitor Ctrl-Break" daemon [_thread_in_native, id=2075, stack(0x00007f7db5ffb000,0x00007f7db60fc000)]
  0x00007f7de04c2800 JavaThread "Service Thread" daemon [_thread_blocked, id=2076, stack(0x00007f7db5efa000,0x00007f7db5ffb000)]
  0x00007f7de057c000 JavaThread "RMI TCP Accept-0" daemon [_thread_in_native, id=2087, stack(0x00007f7db57eb000,0x00007f7db58ec000)]
  0x00007f7d94001000 JavaThread "Attach Listener" daemon [_thread_blocked, id=2099, stack(0x00007f7db55e8000,0x00007f7db56e9000)]
  0x00007f7d78019800 JavaThread "RMI Scheduler(0)" daemon [_thread_blocked, id=2113, stack(0x00007f7db4ede000,0x00007f7db4fdf000)]
  0x00007f7d78020800 JavaThread "JMX server connection timeout 21" daemon [_thread_blocked, id=2128, stack(0x00007f7db4ddd000,0x00007f7db4ede000)]
  0x00007f7d5c853000 JavaThread "Catalina-utility-1" [_thread_blocked, id=2211, stack(0x00007f7db4cdc000,0x00007f7db4ddd000)]
  0x00007f7d3402b000 JavaThread "Catalina-utility-2" [_thread_blocked, id=2212, stack(0x00007f7db41d0000,0x00007f7db42d1000)]
  0x00007f7d5c857000 JavaThread "container-0" [_thread_blocked, id=2213, stack(0x00007f7db40cf000,0x00007f7db41d0000)]
  0x00007f7d5c85f800 JavaThread "mysql-cj-abandoned-connection-cleanup" daemon [_thread_blocked, id=2216, stack(0x00007f7d3affd000,0x00007f7d3b0fe000)]
  0x00007f7d5c946800 JavaThread "HikariPool-1 housekeeper" daemon [_thread_blocked, id=2258, stack(0x00007f7d3aefc000,0x00007f7d3affd000)]
  0x00007f7d5d239000 JavaThread "File Watcher" daemon [_thread_blocked, id=2322, stack(0x00007f7d3a8fa000,0x00007f7d3a9fb000)]
  0x00007f7d5d23f000 JavaThread "Live Reload Server" daemon [_thread_in_native, id=2326, stack(0x00007f7d396f8000,0x00007f7d397f9000)]
  0x00007f7d5d24b000 JavaThread "http-nio-8080-BlockPoller" daemon [_thread_blocked, id=2327, stack(0x00007f7d397f9000,0x00007f7d398fa000)]
  0x00007f7d5d24d000 JavaThread "http-nio-8080-exec-1" daemon [_thread_blocked, id=2329, stack(0x00007f7d395f7000,0x00007f7d396f8000)]
  0x00007f7d5d24e800 JavaThread "http-nio-8080-exec-2" daemon [_thread_blocked, id=2331, stack(0x00007f7d394f6000,0x00007f7d395f7000)]
  0x00007f7d5d250800 JavaThread "http-nio-8080-exec-3" daemon [_thread_blocked, id=2332, stack(0x00007f7d393f5000,0x00007f7d394f6000)]
  0x00007f7d5d252000 JavaThread "http-nio-8080-exec-4" daemon [_thread_blocked, id=2333, stack(0x00007f7d392f4000,0x00007f7d393f5000)]
  0x00007f7d5d254000 JavaThread "http-nio-8080-exec-5" daemon [_thread_blocked, id=2334, stack(0x00007f7d391f3000,0x00007f7d392f4000)]
  0x00007f7d5d256000 JavaThread "http-nio-8080-exec-6" daemon [_thread_blocked, id=2335, stack(0x00007f7d390f2000,0x00007f7d391f3000)]
  0x00007f7d5d258000 JavaThread "http-nio-8080-exec-7" daemon [_thread_blocked, id=2336, stack(0x00007f7d38ff1000,0x00007f7d390f2000)]
  0x00007f7d5d25a000 JavaThread "http-nio-8080-exec-8" daemon [_thread_blocked, id=2337, stack(0x00007f7d38ef0000,0x00007f7d38ff1000)]
  0x00007f7d5d25c000 JavaThread "http-nio-8080-exec-9" daemon [_thread_blocked, id=2338, stack(0x00007f7d38def000,0x00007f7d38ef0000)]
  0x00007f7d5d25e000 JavaThread "http-nio-8080-exec-10" daemon [_thread_blocked, id=2339, stack(0x00007f7d38cee000,0x00007f7d38def000)]
  0x00007f7d5d266800 JavaThread "http-nio-8080-ClientPoller" daemon [_thread_blocked, id=2342, stack(0x00007f7d38bed000,0x00007f7d38cee000)]
  0x00007f7d5d269000 JavaThread "http-nio-8080-Acceptor" daemon [_thread_in_native, id=2345, stack(0x00007f7d38aec000,0x00007f7d38bed000)]
  0x00007f7de0015000 JavaThread "DestroyJavaVM" [_thread_blocked, id=1957, stack(0x00007f7de7599000,0x00007f7de769a000)]
  0x00007f7d7c003000 JavaThread "RMI TCP Connection(idle)" daemon [_thread_blocked, id=3564, stack(0x00007f7db50e0000,0x00007f7db51e1000)]
  0x00007f7d7c001800 JavaThread "RMI TCP Connection(idle)" daemon [_thread_blocked, id=5989, stack(0x00007f7db54e7000,0x00007f7db55e8000)]

Other Threads:
=>0x00007f7de0180800 VMThread "VM Thread" [stack: 0x00007f7db74fc000,0x00007f7db75fc000] [id=1990]
  0x00007f7de0582800 WatcherThread [stack: 0x00007f7db56eb000,0x00007f7db57eb000] [id=2096]
  0x00007f7de002b000 GCTaskThread "GC Thread#0" [stack: 0x00007f7dc7c3e000,0x00007f7dc7d3e000] [id=1965]
  0x00007f7da8001000 GCTaskThread "GC Thread#1" [stack: 0x00007f7db53e7000,0x00007f7db54e7000] [id=2105]
  0x00007f7da8002800 GCTaskThread "GC Thread#2" [stack: 0x00007f7db52e5000,0x00007f7db53e5000] [id=2106]
  0x00007f7da8005800 GCTaskThread "GC Thread#3" [stack: 0x00007f7db4bdc000,0x00007f7db4cdc000] [id=2135]
  0x00007f7da8007000 GCTaskThread "GC Thread#4" [stack: 0x00007f7db4ada000,0x00007f7db4bda000] [id=2136]
  0x00007f7da8009000 GCTaskThread "GC Thread#5" [stack: 0x00007f7db49d8000,0x00007f7db4ad8000] [id=2137]
  0x00007f7da800a800 GCTaskThread "GC Thread#6" [stack: 0x00007f7db48d6000,0x00007f7db49d6000] [id=2138]
  0x00007f7da800c800 GCTaskThread "GC Thread#7" [stack: 0x00007f7db47d4000,0x00007f7db48d4000] [id=2139]
  0x00007f7de005c800 ConcurrentGCThread "G1 Main Marker" [stack: 0x00007f7dc48f7000,0x00007f7dc49f7000] [id=1968]
  0x00007f7de005e000 ConcurrentGCThread "G1 Conc#0" [stack: 0x00007f7dc47f5000,0x00007f7dc48f5000] [id=1976]
  0x00007f7db8001000 ConcurrentGCThread "G1 Conc#1" [stack: 0x00007f7d3b900000,0x00007f7d3ba00000] [id=2200]
  0x00007f7de00e6800 ConcurrentGCThread "G1 Refine#0" [stack: 0x00007f7db7f00000,0x00007f7db8000000] [id=1979]
  0x00007f7dac001000 ConcurrentGCThread "G1 Refine#1" [stack: 0x00007f7db51e3000,0x00007f7db52e3000] [id=2109]
  0x00007f7de00e8800 ConcurrentGCThread "G1 Young RemSet Sampling" [stack: 0x00007f7db7dfe000,0x00007f7db7efe000] [id=1980]

Threads with active compile tasks:

VM state:at safepoint (normal execution)

VM Mutex/Monitor currently owned by a thread:  ([mutex/lock_event])
[0x00007f7de0010d60] Threads_lock - owner thread: 0x00007f7de0180800
[0x00007f7de00114b0] Heap_lock - owner thread: 0x00007f7d5d239000

Heap address: 0x0000000085200000, size: 1966 MB, Compressed Oops mode: 32-bit
Narrow klass base: 0x0000000800000000, Narrow klass shift: 3
Compressed class space size: 1073741824 Address: 0x0000000840000000

Heap:
 garbage-first heap   total 552960K, used 42168K [0x0000000085200000, 0x0000000100000000)
  region size 1024K, 1 young (1024K), 1 survivors (1024K)
 Metaspace       used 63312K, capacity 65173K, committed 65572K, reserved 1105920K
  class space    used 8320K, capacity 9027K, committed 9088K, reserved 1048576K
Heap Regions: E=young(eden), S=young(survivor), O=old, HS=humongous(starts), HC=humongous(continues), CS=collection set, F=free, A=archive, TAMS=top-at-mark-start (previous, next)
|   0|0x0000000085200000, 0x0000000085300000, 0x0000000085300000|100%|HS|  |TAMS 0x0000000085300000, 0x0000000085200000| Complete 
|   1|0x0000000085300000, 0x0000000085400000, 0x0000000085400000|100%| O|  |TAMS 0x0000000085400000, 0x0000000085300000| Untracked 
|   2|0x0000000085400000, 0x0000000085500000, 0x0000000085500000|100%| O|  |TAMS 0x0000000085500000, 0x0000000085400000| Untracked 
|   3|0x0000000085500000, 0x0000000085600000, 0x0000000085600000|100%| O|  |TAMS 0x0000000085600000, 0x0000000085500000| Untracked 
|   4|0x0000000085600000, 0x0000000085700000, 0x0000000085700000|100%| O|  |TAMS 0x0000000085700000, 0x0000000085600000| Untracked 
|   5|0x0000000085700000, 0x0000000085800000, 0x0000000085800000|100%| O|  |TAMS 0x0000000085800000, 0x0000000085700000| Untracked 
|   6|0x0000000085800000, 0x0000000085900000, 0x0000000085900000|100%| O|  |TAMS 0x0000000085900000, 0x0000000085800000| Untracked 
|   7|0x0000000085900000, 0x0000000085a00000, 0x0000000085a00000|100%| O|  |TAMS 0x0000000085a00000, 0x0000000085900000| Untracked 
|   8|0x0000000085a00000, 0x0000000085b00000, 0x0000000085b00000|100%| O|  |TAMS 0x0000000085b00000, 0x0000000085a00000| Untracked 
|   9|0x0000000085b00000, 0x0000000085c00000, 0x0000000085c00000|100%| O|  |TAMS 0x0000000085c00000, 0x0000000085b00000| Untracked 
|  10|0x0000000085c00000, 0x0000000085d00000, 0x0000000085d00000|100%| O|  |TAMS 0x0000000085d00000, 0x0000000085c00000| Untracked 
|  11|0x0000000085d00000, 0x0000000085e00000, 0x0000000085e00000|100%| O|  |TAMS 0x0000000085e00000, 0x0000000085d00000| Untracked 
|  12|0x0000000085e00000, 0x0000000085f00000, 0x0000000085f00000|100%| O|  |TAMS 0x0000000085f00000, 0x0000000085e00000| Untracked 
|  13|0x0000000085f00000, 0x0000000086000000, 0x0000000086000000|100%| O|  |TAMS 0x0000000086000000, 0x0000000085f00000| Untracked 
|  14|0x0000000086000000, 0x0000000086100000, 0x0000000086100000|100%| O|  |TAMS 0x0000000086100000, 0x0000000086000000| Untracked 
|  15|0x0000000086100000, 0x0000000086200000, 0x0000000086200000|100%| O|  |TAMS 0x0000000086200000, 0x0000000086100000| Untracked 
|  16|0x0000000086200000, 0x0000000086300000, 0x0000000086300000|100%| O|  |TAMS 0x0000000086300000, 0x0000000086200000| Untracked 
|  17|0x0000000086300000, 0x0000000086400000, 0x0000000086400000|100%| O|  |TAMS 0x0000000086400000, 0x0000000086300000| Untracked 
|  18|0x0000000086400000, 0x0000000086500000, 0x0000000086500000|100%| O|  |TAMS 0x0000000086500000, 0x0000000086400000| Untracked 
|  19|0x0000000086500000, 0x0000000086600000, 0x0000000086600000|100%| O|  |TAMS 0x0000000086600000, 0x0000000086500000| Untracked 
|  20|0x0000000086600000, 0x0000000086700000, 0x0000000086700000|100%| O|  |TAMS 0x0000000086700000, 0x0000000086600000| Untracked 
|  21|0x0000000086700000, 0x0000000086800000, 0x0000000086800000|100%| O|  |TAMS 0x0000000086800000, 0x0000000086700000| Untracked 
|  22|0x0000000086800000, 0x0000000086900000, 0x0000000086900000|100%| O|  |TAMS 0x0000000086900000, 0x0000000086800000| Untracked 
|  23|0x0000000086900000, 0x0000000086a00000, 0x0000000086a00000|100%| O|  |TAMS 0x0000000086a00000, 0x0000000086900000| Untracked 
|  24|0x0000000086a00000, 0x0000000086b00000, 0x0000000086b00000|100%| O|  |TAMS 0x0000000086b00000, 0x0000000086a00000| Untracked 
|  25|0x0000000086b00000, 0x0000000086c00000, 0x0000000086c00000|100%| O|  |TAMS 0x0000000086c00000, 0x0000000086b00000| Untracked 
|  26|0x0000000086c00000, 0x0000000086d00000, 0x0000000086d00000|100%| O|  |TAMS 0x0000000086d00000, 0x0000000086c00000| Untracked 
|  27|0x0000000086d00000, 0x0000000086e00000, 0x0000000086e00000|100%| O|  |TAMS 0x0000000086e00000, 0x0000000086d00000| Untracked 
|  28|0x0000000086e00000, 0x0000000086f00000, 0x0000000086f00000|100%| O|  |TAMS 0x0000000086f00000, 0x0000000086e00000| Untracked 
|  29|0x0000000086f00000, 0x0000000087000000, 0x0000000087000000|100%| O|  |TAMS 0x0000000086f55e00, 0x0000000086f00000| Untracked 
|  30|0x0000000087000000, 0x0000000087100000, 0x0000000087100000|100%| O|  |TAMS 0x0000000087000000, 0x0000000087000000| Untracked 
|  31|0x0000000087100000, 0x0000000087200000, 0x0000000087200000|100%| O|  |TAMS 0x0000000087100000, 0x0000000087100000| Untracked 
|  32|0x0000000087200000, 0x0000000087300000, 0x0000000087300000|100%| O|  |TAMS 0x0000000087200000, 0x0000000087200000| Untracked 
|  33|0x0000000087300000, 0x0000000087400000, 0x0000000087400000|100%| O|  |TAMS 0x0000000087300000, 0x0000000087300000| Untracked 
|  34|0x0000000087400000, 0x0000000087500000, 0x0000000087500000|100%| O|  |TAMS 0x0000000087400000, 0x0000000087400000| Untracked 
|  35|0x0000000087500000, 0x0000000087600000, 0x0000000087600000|100%| O|  |TAMS 0x0000000087500000, 0x0000000087500000| Untracked 
|  36|0x0000000087600000, 0x0000000087700000, 0x0000000087700000|100%| O|  |TAMS 0x0000000087600000, 0x0000000087600000| Untracked 
|  37|0x0000000087700000, 0x0000000087800000, 0x0000000087800000|100%| O|  |TAMS 0x0000000087700000, 0x0000000087700000| Untracked 
|  38|0x0000000087800000, 0x0000000087900000, 0x0000000087900000|100%| O|  |TAMS 0x0000000087800000, 0x0000000087800000| Untracked 
|  39|0x0000000087900000, 0x0000000087990000, 0x0000000087a00000| 56%| O|  |TAMS 0x0000000087900000, 0x0000000087900000| Untracked 
|  40|0x0000000087a00000, 0x0000000087a00000, 0x0000000087b00000|  0%| F|  |TAMS 0x0000000087a00000, 0x0000000087a00000| Untracked 
|  41|0x0000000087b00000, 0x0000000087b00000, 0x0000000087c00000|  0%| F|  |TAMS 0x0000000087b00000, 0x0000000087b00000| Untracked 
|  42|0x0000000087c00000, 0x0000000087c00000, 0x0000000087d00000|  0%| F|  |TAMS 0x0000000087c00000, 0x0000000087c00000| Untracked 
|  43|0x0000000087d00000, 0x0000000087d00000, 0x0000000087e00000|  0%| F|  |TAMS 0x0000000087d00000, 0x0000000087d00000| Untracked 
|  44|0x0000000087e00000, 0x0000000087e00000, 0x0000000087f00000|  0%| F|  |TAMS 0x0000000087e00000, 0x0000000087e00000| Untracked 
|  45|0x0000000087f00000, 0x0000000087f00000, 0x0000000088000000|  0%| F|  |TAMS 0x0000000087f00000, 0x0000000087f00000| Untracked 
|  46|0x0000000088000000, 0x0000000088000000, 0x0000000088100000|  0%| F|  |TAMS 0x0000000088000000, 0x0000000088000000| Untracked 
|  47|0x0000000088100000, 0x0000000088100000, 0x0000000088200000|  0%| F|  |TAMS 0x0000000088100000, 0x0000000088100000| Untracked 
|  48|0x0000000088200000, 0x0000000088200000, 0x0000000088300000|  0%| F|  |TAMS 0x0000000088200000, 0x0000000088200000| Untracked 
|  49|0x0000000088300000, 0x0000000088300000, 0x0000000088400000|  0%| F|  |TAMS 0x0000000088300000, 0x0000000088300000| Untracked 
|  50|0x0000000088400000, 0x0000000088400000, 0x0000000088500000|  0%| F|  |TAMS 0x0000000088400000, 0x0000000088400000| Untracked 
|  51|0x0000000088500000, 0x0000000088500000, 0x0000000088600000|  0%| F|  |TAMS 0x0000000088500000, 0x0000000088500000| Untracked 
|  52|0x0000000088600000, 0x0000000088600000, 0x0000000088700000|  0%| F|  |TAMS 0x0000000088600000, 0x0000000088600000| Untracked 
|  53|0x0000000088700000, 0x0000000088700000, 0x0000000088800000|  0%| F|  |TAMS 0x0000000088700000, 0x0000000088700000| Untracked 
|  54|0x0000000088800000, 0x0000000088800000, 0x0000000088900000|  0%| F|  |TAMS 0x0000000088800000, 0x0000000088800000| Untracked 
|  55|0x0000000088900000, 0x0000000088900000, 0x0000000088a00000|  0%| F|  |TAMS 0x0000000088900000, 0x0000000088900000| Untracked 
|  56|0x0000000088a00000, 0x0000000088a00000, 0x0000000088b00000|  0%| F|  |TAMS 0x0000000088a00000, 0x0000000088a00000| Untracked 
|  57|0x0000000088b00000, 0x0000000088b00000, 0x0000000088c00000|  0%| F|  |TAMS 0x0000000088b00000, 0x0000000088b00000| Untracked 
|  58|0x0000000088c00000, 0x0000000088c00000, 0x0000000088d00000|  0%| F|  |TAMS 0x0000000088c00000, 0x0000000088c00000| Untracked 
|  59|0x0000000088d00000, 0x0000000088d00000, 0x0000000088e00000|  0%| F|  |TAMS 0x0000000088d00000, 0x0000000088d00000| Untracked 
|  60|0x0000000088e00000, 0x0000000088e00000, 0x0000000088f00000|  0%| F|  |TAMS 0x0000000088e00000, 0x0000000088e00000| Untracked 
|  61|0x0000000088f00000, 0x0000000088f00000, 0x0000000089000000|  0%| F|  |TAMS 0x0000000088f00000, 0x0000000088f00000| Untracked 
|  62|0x0000000089000000, 0x0000000089000000, 0x0000000089100000|  0%| F|  |TAMS 0x0000000089000000, 0x0000000089000000| Untracked 
|  63|0x0000000089100000, 0x0000000089100000, 0x0000000089200000|  0%| F|  |TAMS 0x0000000089100000, 0x0000000089100000| Untracked 
|  64|0x0000000089200000, 0x0000000089200000, 0x0000000089300000|  0%| F|  |TAMS 0x0000000089200000, 0x0000000089200000| Untracked 
|  65|0x0000000089300000, 0x0000000089300000, 0x0000000089400000|  0%| F|  |TAMS 0x0000000089300000, 0x0000000089300000| Untracked 
|  66|0x0000000089400000, 0x0000000089400000, 0x0000000089500000|  0%| F|  |TAMS 0x0000000089400000, 0x0000000089400000| Untracked 
|  67|0x0000000089500000, 0x0000000089500000, 0x0000000089600000|  0%| F|  |TAMS 0x0000000089500000, 0x0000000089500000| Untracked 
|  68|0x0000000089600000, 0x0000000089600000, 0x0000000089700000|  0%| F|  |TAMS 0x0000000089600000, 0x0000000089600000| Untracked 
|  69|0x0000000089700000, 0x0000000089700000, 0x0000000089800000|  0%| F|  |TAMS 0x0000000089700000, 0x0000000089700000| Untracked 
|  70|0x0000000089800000, 0x0000000089800000, 0x0000000089900000|  0%| F|  |TAMS 0x0000000089800000, 0x0000000089800000| Untracked 
|  71|0x0000000089900000, 0x0000000089900000, 0x0000000089a00000|  0%| F|  |TAMS 0x0000000089900000, 0x0000000089900000| Untracked 
|  72|0x0000000089a00000, 0x0000000089a00000, 0x0000000089b00000|  0%| F|  |TAMS 0x0000000089a00000, 0x0000000089a00000| Untracked 
|  73|0x0000000089b00000, 0x0000000089b00000, 0x0000000089c00000|  0%| F|  |TAMS 0x0000000089b00000, 0x0000000089b00000| Untracked 
|  74|0x0000000089c00000, 0x0000000089c00000, 0x0000000089d00000|  0%| F|  |TAMS 0x0000000089c00000, 0x0000000089c00000| Untracked 
|  75|0x0000000089d00000, 0x0000000089d00000, 0x0000000089e00000|  0%| F|  |TAMS 0x0000000089d00000, 0x0000000089d00000| Untracked 
|  76|0x0000000089e00000, 0x0000000089e00000, 0x0000000089f00000|  0%| F|  |TAMS 0x0000000089e00000, 0x0000000089e00000| Untracked 
|  77|0x0000000089f00000, 0x0000000089f00000, 0x000000008a000000|  0%| F|  |TAMS 0x0000000089f00000, 0x0000000089f00000| Untracked 
|  78|0x000000008a000000, 0x000000008a000000, 0x000000008a100000|  0%| F|  |TAMS 0x000000008a000000, 0x000000008a000000| Untracked 
|  79|0x000000008a100000, 0x000000008a100000, 0x000000008a200000|  0%| F|  |TAMS 0x000000008a100000, 0x000000008a100000| Untracked 
|  80|0x000000008a200000, 0x000000008a200000, 0x000000008a300000|  0%| F|  |TAMS 0x000000008a200000, 0x000000008a200000| Untracked 
|  81|0x000000008a300000, 0x000000008a300000, 0x000000008a400000|  0%| F|  |TAMS 0x000000008a300000, 0x000000008a300000| Untracked 
|  82|0x000000008a400000, 0x000000008a400000, 0x000000008a500000|  0%| F|  |TAMS 0x000000008a400000, 0x000000008a400000| Untracked 
|  83|0x000000008a500000, 0x000000008a500000, 0x000000008a600000|  0%| F|  |TAMS 0x000000008a500000, 0x000000008a500000| Untracked 
|  84|0x000000008a600000, 0x000000008a600000, 0x000000008a700000|  0%| F|  |TAMS 0x000000008a600000, 0x000000008a600000| Untracked 
|  85|0x000000008a700000, 0x000000008a700000, 0x000000008a800000|  0%| F|  |TAMS 0x000000008a700000, 0x000000008a700000| Untracked 
|  86|0x000000008a800000, 0x000000008a800000, 0x000000008a900000|  0%| F|  |TAMS 0x000000008a800000, 0x000000008a800000| Untracked 
|  87|0x000000008a900000, 0x000000008a900000, 0x000000008aa00000|  0%| F|  |TAMS 0x000000008a900000, 0x000000008a900000| Untracked 
|  88|0x000000008aa00000, 0x000000008aa00000, 0x000000008ab00000|  0%| F|  |TAMS 0x000000008aa00000, 0x000000008aa00000| Untracked 
|  89|0x000000008ab00000, 0x000000008ab00000, 0x000000008ac00000|  0%| F|  |TAMS 0x000000008ab00000, 0x000000008ab00000| Untracked 
|  90|0x000000008ac00000, 0x000000008ac00000, 0x000000008ad00000|  0%| F|  |TAMS 0x000000008ac00000, 0x000000008ac00000| Untracked 
|  91|0x000000008ad00000, 0x000000008ad00000, 0x000000008ae00000|  0%| F|  |TAMS 0x000000008ad00000, 0x000000008ad00000| Untracked 
|  92|0x000000008ae00000, 0x000000008ae00000, 0x000000008af00000|  0%| F|  |TAMS 0x000000008ae00000, 0x000000008ae00000| Untracked 
|  93|0x000000008af00000, 0x000000008af00000, 0x000000008b000000|  0%| F|  |TAMS 0x000000008af00000, 0x000000008af00000| Untracked 
|  94|0x000000008b000000, 0x000000008b000000, 0x000000008b100000|  0%| F|  |TAMS 0x000000008b000000, 0x000000008b000000| Untracked 
|  95|0x000000008b100000, 0x000000008b100000, 0x000000008b200000|  0%| F|  |TAMS 0x000000008b100000, 0x000000008b100000| Untracked 
|  96|0x000000008b200000, 0x000000008b200000, 0x000000008b300000|  0%| F|  |TAMS 0x000000008b200000, 0x000000008b200000| Untracked 
|  97|0x000000008b300000, 0x000000008b300000, 0x000000008b400000|  0%| F|  |TAMS 0x000000008b300000, 0x000000008b300000| Untracked 
|  98|0x000000008b400000, 0x000000008b400000, 0x000000008b500000|  0%| F|  |TAMS 0x000000008b400000, 0x000000008b400000| Untracked 
|  99|0x000000008b500000, 0x000000008b500000, 0x000000008b600000|  0%| F|  |TAMS 0x000000008b500000, 0x000000008b500000| Untracked 
| 100|0x000000008b600000, 0x000000008b600000, 0x000000008b700000|  0%| F|  |TAMS 0x000000008b600000, 0x000000008b600000| Untracked 
| 101|0x000000008b700000, 0x000000008b700000, 0x000000008b800000|  0%| F|  |TAMS 0x000000008b700000, 0x000000008b700000| Untracked 
| 102|0x000000008b800000, 0x000000008b800000, 0x000000008b900000|  0%| F|  |TAMS 0x000000008b800000, 0x000000008b800000| Untracked 
| 103|0x000000008b900000, 0x000000008b900000, 0x000000008ba00000|  0%| F|  |TAMS 0x000000008b900000, 0x000000008b900000| Untracked 
| 104|0x000000008ba00000, 0x000000008ba00000, 0x000000008bb00000|  0%| F|  |TAMS 0x000000008ba00000, 0x000000008ba00000| Untracked 
| 105|0x000000008bb00000, 0x000000008bb00000, 0x000000008bc00000|  0%| F|  |TAMS 0x000000008bb00000, 0x000000008bb00000| Untracked 
| 106|0x000000008bc00000, 0x000000008bc00000, 0x000000008bd00000|  0%| F|  |TAMS 0x000000008bc00000, 0x000000008bc00000| Untracked 
| 107|0x000000008bd00000, 0x000000008bd00000, 0x000000008be00000|  0%| F|  |TAMS 0x000000008bd00000, 0x000000008bd00000| Untracked 
| 108|0x000000008be00000, 0x000000008be00000, 0x000000008bf00000|  0%| F|  |TAMS 0x000000008be00000, 0x000000008be00000| Untracked 
| 109|0x000000008bf00000, 0x000000008bf00000, 0x000000008c000000|  0%| F|  |TAMS 0x000000008bf00000, 0x000000008bf00000| Untracked 
| 110|0x000000008c000000, 0x000000008c000000, 0x000000008c100000|  0%| F|  |TAMS 0x000000008c000000, 0x000000008c000000| Untracked 
| 111|0x000000008c100000, 0x000000008c100000, 0x000000008c200000|  0%| F|  |TAMS 0x000000008c100000, 0x000000008c100000| Untracked 
| 112|0x000000008c200000, 0x000000008c200000, 0x000000008c300000|  0%| F|  |TAMS 0x000000008c200000, 0x000000008c200000| Untracked 
| 113|0x000000008c300000, 0x000000008c300000, 0x000000008c400000|  0%| F|  |TAMS 0x000000008c300000, 0x000000008c300000| Untracked 
| 114|0x000000008c400000, 0x000000008c400000, 0x000000008c500000|  0%| F|  |TAMS 0x000000008c400000, 0x000000008c400000| Untracked 
| 115|0x000000008c500000, 0x000000008c500000, 0x000000008c600000|  0%| F|  |TAMS 0x000000008c500000, 0x000000008c500000| Untracked 
| 116|0x000000008c600000, 0x000000008c600000, 0x000000008c700000|  0%| F|  |TAMS 0x000000008c600000, 0x000000008c600000| Untracked 
| 117|0x000000008c700000, 0x000000008c700000, 0x000000008c800000|  0%| F|  |TAMS 0x000000008c700000, 0x000000008c700000| Untracked 
| 118|0x000000008c800000, 0x000000008c800000, 0x000000008c900000|  0%| F|  |TAMS 0x000000008c800000, 0x000000008c800000| Untracked 
| 119|0x000000008c900000, 0x000000008c900000, 0x000000008ca00000|  0%| F|  |TAMS 0x000000008c900000, 0x000000008c900000| Untracked 
| 120|0x000000008ca00000, 0x000000008ca00000, 0x000000008cb00000|  0%| F|  |TAMS 0x000000008ca00000, 0x000000008ca00000| Untracked 
| 121|0x000000008cb00000, 0x000000008cb00000, 0x000000008cc00000|  0%| F|  |TAMS 0x000000008cb00000, 0x000000008cb00000| Untracked 
| 122|0x000000008cc00000, 0x000000008cc00000, 0x000000008cd00000|  0%| F|  |TAMS 0x000000008cc00000, 0x000000008cc00000| Untracked 
| 123|0x000000008cd00000, 0x000000008cd00000, 0x000000008ce00000|  0%| F|  |TAMS 0x000000008cd00000, 0x000000008cd00000| Untracked 
| 124|0x000000008ce00000, 0x000000008ce00000, 0x000000008cf00000|  0%| F|  |TAMS 0x000000008ce00000, 0x000000008ce00000| Untracked 
| 125|0x000000008cf00000, 0x000000008cf00000, 0x000000008d000000|  0%| F|  |TAMS 0x000000008cf00000, 0x000000008cf00000| Untracked 
| 126|0x000000008d000000, 0x000000008d000000, 0x000000008d100000|  0%| F|  |TAMS 0x000000008d000000, 0x000000008d000000| Untracked 
| 127|0x000000008d100000, 0x000000008d100000, 0x000000008d200000|  0%| F|  |TAMS 0x000000008d100000, 0x000000008d100000| Untracked 
| 128|0x000000008d200000, 0x000000008d200000, 0x000000008d300000|  0%| F|  |TAMS 0x000000008d200000, 0x000000008d200000| Untracked 
| 129|0x000000008d300000, 0x000000008d300000, 0x000000008d400000|  0%| F|  |TAMS 0x000000008d300000, 0x000000008d300000| Untracked 
| 130|0x000000008d400000, 0x000000008d400000, 0x000000008d500000|  0%| F|  |TAMS 0x000000008d400000, 0x000000008d400000| Untracked 
| 131|0x000000008d500000, 0x000000008d500000, 0x000000008d600000|  0%| F|  |TAMS 0x000000008d500000, 0x000000008d500000| Untracked 
| 132|0x000000008d600000, 0x000000008d600000, 0x000000008d700000|  0%| F|  |TAMS 0x000000008d600000, 0x000000008d600000| Untracked 
| 133|0x000000008d700000, 0x000000008d700000, 0x000000008d800000|  0%| F|  |TAMS 0x000000008d700000, 0x000000008d700000| Untracked 
| 134|0x000000008d800000, 0x000000008d800000, 0x000000008d900000|  0%| F|  |TAMS 0x000000008d800000, 0x000000008d800000| Untracked 
| 135|0x000000008d900000, 0x000000008d900000, 0x000000008da00000|  0%| F|  |TAMS 0x000000008d900000, 0x000000008d900000| Untracked 
| 136|0x000000008da00000, 0x000000008da00000, 0x000000008db00000|  0%| F|  |TAMS 0x000000008da00000, 0x000000008da00000| Untracked 
| 137|0x000000008db00000, 0x000000008db00000, 0x000000008dc00000|  0%| F|  |TAMS 0x000000008db00000, 0x000000008db00000| Untracked 
| 138|0x000000008dc00000, 0x000000008dc00000, 0x000000008dd00000|  0%| F|  |TAMS 0x000000008dc00000, 0x000000008dc00000| Untracked 
| 139|0x000000008dd00000, 0x000000008dd00000, 0x000000008de00000|  0%| F|  |TAMS 0x000000008dd00000, 0x000000008dd00000| Untracked 
| 140|0x000000008de00000, 0x000000008de00000, 0x000000008df00000|  0%| F|  |TAMS 0x000000008de00000, 0x000000008de00000| Untracked 
| 141|0x000000008df00000, 0x000000008df00000, 0x000000008e000000|  0%| F|  |TAMS 0x000000008df00000, 0x000000008df00000| Untracked 
| 142|0x000000008e000000, 0x000000008e000000, 0x000000008e100000|  0%| F|  |TAMS 0x000000008e000000, 0x000000008e000000| Untracked 
| 143|0x000000008e100000, 0x000000008e100000, 0x000000008e200000|  0%| F|  |TAMS 0x000000008e100000, 0x000000008e100000| Untracked 
| 144|0x000000008e200000, 0x000000008e200000, 0x000000008e300000|  0%| F|  |TAMS 0x000000008e200000, 0x000000008e200000| Untracked 
| 145|0x000000008e300000, 0x000000008e300000, 0x000000008e400000|  0%| F|  |TAMS 0x000000008e300000, 0x000000008e300000| Untracked 
| 146|0x000000008e400000, 0x000000008e400000, 0x000000008e500000|  0%| F|  |TAMS 0x000000008e400000, 0x000000008e400000| Untracked 
| 147|0x000000008e500000, 0x000000008e500000, 0x000000008e600000|  0%| F|  |TAMS 0x000000008e500000, 0x000000008e500000| Untracked 
| 148|0x000000008e600000, 0x000000008e600000, 0x000000008e700000|  0%| F|  |TAMS 0x000000008e600000, 0x000000008e600000| Untracked 
| 149|0x000000008e700000, 0x000000008e700000, 0x000000008e800000|  0%| F|  |TAMS 0x000000008e700000, 0x000000008e700000| Untracked 
| 150|0x000000008e800000, 0x000000008e800000, 0x000000008e900000|  0%| F|  |TAMS 0x000000008e800000, 0x000000008e800000| Untracked 
| 151|0x000000008e900000, 0x000000008e900000, 0x000000008ea00000|  0%| F|  |TAMS 0x000000008e900000, 0x000000008e900000| Untracked 
| 152|0x000000008ea00000, 0x000000008ea00000, 0x000000008eb00000|  0%| F|  |TAMS 0x000000008ea00000, 0x000000008ea00000| Untracked 
| 153|0x000000008eb00000, 0x000000008eb00000, 0x000000008ec00000|  0%| F|  |TAMS 0x000000008eb00000, 0x000000008eb00000| Untracked 
| 154|0x000000008ec00000, 0x000000008ec00000, 0x000000008ed00000|  0%| F|  |TAMS 0x000000008ec00000, 0x000000008ec00000| Untracked 
| 155|0x000000008ed00000, 0x000000008ed00000, 0x000000008ee00000|  0%| F|  |TAMS 0x000000008ed00000, 0x000000008ed00000| Untracked 
| 156|0x000000008ee00000, 0x000000008ee00000, 0x000000008ef00000|  0%| F|  |TAMS 0x000000008ee00000, 0x000000008ee00000| Untracked 
| 157|0x000000008ef00000, 0x000000008ef00000, 0x000000008f000000|  0%| F|  |TAMS 0x000000008ef00000, 0x000000008ef00000| Untracked 
| 158|0x000000008f000000, 0x000000008f000000, 0x000000008f100000|  0%| F|  |TAMS 0x000000008f000000, 0x000000008f000000| Untracked 
| 159|0x000000008f100000, 0x000000008f100000, 0x000000008f200000|  0%| F|  |TAMS 0x000000008f100000, 0x000000008f100000| Untracked 
| 160|0x000000008f200000, 0x000000008f200000, 0x000000008f300000|  0%| F|  |TAMS 0x000000008f200000, 0x000000008f200000| Untracked 
| 161|0x000000008f300000, 0x000000008f300000, 0x000000008f400000|  0%| F|  |TAMS 0x000000008f300000, 0x000000008f300000| Untracked 
| 162|0x000000008f400000, 0x000000008f400000, 0x000000008f500000|  0%| F|  |TAMS 0x000000008f400000, 0x000000008f400000| Untracked 
| 163|0x000000008f500000, 0x000000008f500000, 0x000000008f600000|  0%| F|  |TAMS 0x000000008f500000, 0x000000008f500000| Untracked 
| 164|0x000000008f600000, 0x000000008f600000, 0x000000008f700000|  0%| F|  |TAMS 0x000000008f600000, 0x000000008f600000| Untracked 
| 165|0x000000008f700000, 0x000000008f700000, 0x000000008f800000|  0%| F|  |TAMS 0x000000008f700000, 0x000000008f700000| Untracked 
| 166|0x000000008f800000, 0x000000008f800000, 0x000000008f900000|  0%| F|  |TAMS 0x000000008f800000, 0x000000008f800000| Untracked 
| 167|0x000000008f900000, 0x000000008f900000, 0x000000008fa00000|  0%| F|  |TAMS 0x000000008f900000, 0x000000008f900000| Untracked 
| 168|0x000000008fa00000, 0x000000008fa00000, 0x000000008fb00000|  0%| F|  |TAMS 0x000000008fa00000, 0x000000008fa00000| Untracked 
| 169|0x000000008fb00000, 0x000000008fb00000, 0x000000008fc00000|  0%| F|  |TAMS 0x000000008fb00000, 0x000000008fb00000| Untracked 
| 170|0x000000008fc00000, 0x000000008fc00000, 0x000000008fd00000|  0%| F|  |TAMS 0x000000008fc00000, 0x000000008fc00000| Untracked 
| 171|0x000000008fd00000, 0x000000008fd00000, 0x000000008fe00000|  0%| F|  |TAMS 0x000000008fd00000, 0x000000008fd00000| Untracked 
| 172|0x000000008fe00000, 0x000000008fe00000, 0x000000008ff00000|  0%| F|  |TAMS 0x000000008fe00000, 0x000000008fe00000| Untracked 
| 173|0x000000008ff00000, 0x000000008ff00000, 0x0000000090000000|  0%| F|  |TAMS 0x000000008ff00000, 0x000000008ff00000| Untracked 
| 174|0x0000000090000000, 0x0000000090000000, 0x0000000090100000|  0%| F|  |TAMS 0x0000000090000000, 0x0000000090000000| Untracked 
| 175|0x0000000090100000, 0x0000000090100000, 0x0000000090200000|  0%| F|  |TAMS 0x0000000090100000, 0x0000000090100000| Untracked 
| 176|0x0000000090200000, 0x0000000090200000, 0x0000000090300000|  0%| F|  |TAMS 0x0000000090200000, 0x0000000090200000| Untracked 
| 177|0x0000000090300000, 0x0000000090300000, 0x0000000090400000|  0%| F|  |TAMS 0x0000000090300000, 0x0000000090300000| Untracked 
| 178|0x0000000090400000, 0x0000000090400000, 0x0000000090500000|  0%| F|  |TAMS 0x0000000090400000, 0x0000000090400000| Untracked 
| 179|0x0000000090500000, 0x0000000090500000, 0x0000000090600000|  0%| F|  |TAMS 0x0000000090500000, 0x0000000090500000| Untracked 
| 180|0x0000000090600000, 0x0000000090600000, 0x0000000090700000|  0%| F|  |TAMS 0x0000000090600000, 0x0000000090600000| Untracked 
| 181|0x0000000090700000, 0x0000000090700000, 0x0000000090800000|  0%| F|  |TAMS 0x0000000090700000, 0x0000000090700000| Untracked 
| 182|0x0000000090800000, 0x0000000090800000, 0x0000000090900000|  0%| F|  |TAMS 0x0000000090800000, 0x0000000090800000| Untracked 
| 183|0x0000000090900000, 0x0000000090900000, 0x0000000090a00000|  0%| F|  |TAMS 0x0000000090900000, 0x0000000090900000| Untracked 
| 184|0x0000000090a00000, 0x0000000090a00000, 0x0000000090b00000|  0%| F|  |TAMS 0x0000000090a00000, 0x0000000090a00000| Untracked 
| 185|0x0000000090b00000, 0x0000000090b00000, 0x0000000090c00000|  0%| F|  |TAMS 0x0000000090b00000, 0x0000000090b00000| Untracked 
| 186|0x0000000090c00000, 0x0000000090c00000, 0x0000000090d00000|  0%| F|  |TAMS 0x0000000090c00000, 0x0000000090c00000| Untracked 
| 187|0x0000000090d00000, 0x0000000090d00000, 0x0000000090e00000|  0%| F|  |TAMS 0x0000000090d00000, 0x0000000090d00000| Untracked 
| 188|0x0000000090e00000, 0x0000000090e00000, 0x0000000090f00000|  0%| F|  |TAMS 0x0000000090e00000, 0x0000000090e00000| Untracked 
| 189|0x0000000090f00000, 0x0000000090f00000, 0x0000000091000000|  0%| F|  |TAMS 0x0000000090f00000, 0x0000000090f00000| Untracked 
| 190|0x0000000091000000, 0x0000000091000000, 0x0000000091100000|  0%| F|  |TAMS 0x0000000091000000, 0x0000000091000000| Untracked 
| 191|0x0000000091100000, 0x0000000091100000, 0x0000000091200000|  0%| F|  |TAMS 0x0000000091100000, 0x0000000091100000| Untracked 
| 192|0x0000000091200000, 0x0000000091200000, 0x0000000091300000|  0%| F|  |TAMS 0x0000000091200000, 0x0000000091200000| Untracked 
| 193|0x0000000091300000, 0x0000000091300000, 0x0000000091400000|  0%| F|  |TAMS 0x0000000091300000, 0x0000000091300000| Untracked 
| 194|0x0000000091400000, 0x0000000091400000, 0x0000000091500000|  0%| F|  |TAMS 0x0000000091400000, 0x0000000091400000| Untracked 
| 195|0x0000000091500000, 0x0000000091500000, 0x0000000091600000|  0%| F|  |TAMS 0x0000000091500000, 0x0000000091500000| Untracked 
| 196|0x0000000091600000, 0x0000000091600000, 0x0000000091700000|  0%| F|  |TAMS 0x0000000091600000, 0x0000000091600000| Untracked 
| 197|0x0000000091700000, 0x0000000091700000, 0x0000000091800000|  0%| F|  |TAMS 0x0000000091700000, 0x0000000091700000| Untracked 
| 198|0x0000000091800000, 0x0000000091800000, 0x0000000091900000|  0%| F|  |TAMS 0x0000000091800000, 0x0000000091800000| Untracked 
| 199|0x0000000091900000, 0x0000000091900000, 0x0000000091a00000|  0%| F|  |TAMS 0x0000000091900000, 0x0000000091900000| Untracked 
| 200|0x0000000091a00000, 0x0000000091a00000, 0x0000000091b00000|  0%| F|  |TAMS 0x0000000091a00000, 0x0000000091a00000| Untracked 
| 201|0x0000000091b00000, 0x0000000091b00000, 0x0000000091c00000|  0%| F|  |TAMS 0x0000000091b00000, 0x0000000091b00000| Untracked 
| 202|0x0000000091c00000, 0x0000000091c00000, 0x0000000091d00000|  0%| F|  |TAMS 0x0000000091c00000, 0x0000000091c00000| Untracked 
| 203|0x0000000091d00000, 0x0000000091d00000, 0x0000000091e00000|  0%| F|  |TAMS 0x0000000091d00000, 0x0000000091d00000| Untracked 
| 204|0x0000000091e00000, 0x0000000091e00000, 0x0000000091f00000|  0%| F|  |TAMS 0x0000000091e00000, 0x0000000091e00000| Untracked 
| 205|0x0000000091f00000, 0x0000000091f00000, 0x0000000092000000|  0%| F|  |TAMS 0x0000000091f00000, 0x0000000091f00000| Untracked 
| 206|0x0000000092000000, 0x0000000092000000, 0x0000000092100000|  0%| F|  |TAMS 0x0000000092000000, 0x0000000092000000| Untracked 
| 207|0x0000000092100000, 0x0000000092100000, 0x0000000092200000|  0%| F|  |TAMS 0x0000000092100000, 0x0000000092100000| Untracked 
| 208|0x0000000092200000, 0x0000000092200000, 0x0000000092300000|  0%| F|  |TAMS 0x0000000092200000, 0x0000000092200000| Untracked 
| 209|0x0000000092300000, 0x0000000092300000, 0x0000000092400000|  0%| F|  |TAMS 0x0000000092300000, 0x0000000092300000| Untracked 
| 210|0x0000000092400000, 0x0000000092400000, 0x0000000092500000|  0%| F|  |TAMS 0x0000000092400000, 0x0000000092400000| Untracked 
| 211|0x0000000092500000, 0x0000000092500000, 0x0000000092600000|  0%| F|  |TAMS 0x0000000092500000, 0x0000000092500000| Untracked 
| 212|0x0000000092600000, 0x0000000092600000, 0x0000000092700000|  0%| F|  |TAMS 0x0000000092600000, 0x0000000092600000| Untracked 
| 213|0x0000000092700000, 0x0000000092700000, 0x0000000092800000|  0%| F|  |TAMS 0x0000000092700000, 0x0000000092700000| Untracked 
| 214|0x0000000092800000, 0x0000000092800000, 0x0000000092900000|  0%| F|  |TAMS 0x0000000092800000, 0x0000000092800000| Untracked 
| 215|0x0000000092900000, 0x0000000092900000, 0x0000000092a00000|  0%| F|  |TAMS 0x0000000092900000, 0x0000000092900000| Untracked 
| 216|0x0000000092a00000, 0x0000000092a00000, 0x0000000092b00000|  0%| F|  |TAMS 0x0000000092a00000, 0x0000000092a00000| Untracked 
| 217|0x0000000092b00000, 0x0000000092b00000, 0x0000000092c00000|  0%| F|  |TAMS 0x0000000092b00000, 0x0000000092b00000| Untracked 
| 218|0x0000000092c00000, 0x0000000092c00000, 0x0000000092d00000|  0%| F|  |TAMS 0x0000000092c00000, 0x0000000092c00000| Untracked 
| 219|0x0000000092d00000, 0x0000000092d00000, 0x0000000092e00000|  0%| F|  |TAMS 0x0000000092d00000, 0x0000000092d00000| Untracked 
| 220|0x0000000092e00000, 0x0000000092e00000, 0x0000000092f00000|  0%| F|  |TAMS 0x0000000092e00000, 0x0000000092e00000| Untracked 
| 221|0x0000000092f00000, 0x0000000092f00000, 0x0000000093000000|  0%| F|  |TAMS 0x0000000092f00000, 0x0000000092f00000| Untracked 
| 222|0x0000000093000000, 0x0000000093000000, 0x0000000093100000|  0%| F|  |TAMS 0x0000000093000000, 0x0000000093000000| Untracked 
| 223|0x0000000093100000, 0x0000000093100000, 0x0000000093200000|  0%| F|  |TAMS 0x0000000093100000, 0x0000000093100000| Untracked 
| 224|0x0000000093200000, 0x0000000093200000, 0x0000000093300000|  0%| F|  |TAMS 0x0000000093200000, 0x0000000093200000| Untracked 
| 225|0x0000000093300000, 0x0000000093300000, 0x0000000093400000|  0%| F|  |TAMS 0x0000000093300000, 0x0000000093300000| Untracked 
| 226|0x0000000093400000, 0x0000000093400000, 0x0000000093500000|  0%| F|  |TAMS 0x0000000093400000, 0x0000000093400000| Untracked 
| 227|0x0000000093500000, 0x0000000093500000, 0x0000000093600000|  0%| F|  |TAMS 0x0000000093500000, 0x0000000093500000| Untracked 
| 228|0x0000000093600000, 0x0000000093600000, 0x0000000093700000|  0%| F|  |TAMS 0x0000000093600000, 0x0000000093600000| Untracked 
| 229|0x0000000093700000, 0x0000000093700000, 0x0000000093800000|  0%| F|  |TAMS 0x0000000093700000, 0x0000000093700000| Untracked 
| 230|0x0000000093800000, 0x0000000093800000, 0x0000000093900000|  0%| F|  |TAMS 0x0000000093800000, 0x0000000093800000| Untracked 
| 231|0x0000000093900000, 0x0000000093900000, 0x0000000093a00000|  0%| F|  |TAMS 0x0000000093900000, 0x0000000093900000| Untracked 
| 232|0x0000000093a00000, 0x0000000093a00000, 0x0000000093b00000|  0%| F|  |TAMS 0x0000000093a00000, 0x0000000093a00000| Untracked 
| 233|0x0000000093b00000, 0x0000000093b00000, 0x0000000093c00000|  0%| F|  |TAMS 0x0000000093b00000, 0x0000000093b00000| Untracked 
| 234|0x0000000093c00000, 0x0000000093c00000, 0x0000000093d00000|  0%| F|  |TAMS 0x0000000093c00000, 0x0000000093c00000| Untracked 
| 235|0x0000000093d00000, 0x0000000093d00000, 0x0000000093e00000|  0%| F|  |TAMS 0x0000000093d00000, 0x0000000093d00000| Untracked 
| 236|0x0000000093e00000, 0x0000000093e00000, 0x0000000093f00000|  0%| F|  |TAMS 0x0000000093e00000, 0x0000000093e00000| Untracked 
| 237|0x0000000093f00000, 0x0000000093f00000, 0x0000000094000000|  0%| F|  |TAMS 0x0000000093f00000, 0x0000000093f00000| Untracked 
| 238|0x0000000094000000, 0x0000000094000000, 0x0000000094100000|  0%| F|  |TAMS 0x0000000094000000, 0x0000000094000000| Untracked 
| 239|0x0000000094100000, 0x0000000094100000, 0x0000000094200000|  0%| F|  |TAMS 0x0000000094100000, 0x0000000094100000| Untracked 
| 240|0x0000000094200000, 0x0000000094200000, 0x0000000094300000|  0%| F|  |TAMS 0x0000000094200000, 0x0000000094200000| Untracked 
| 241|0x0000000094300000, 0x0000000094300000, 0x0000000094400000|  0%| F|  |TAMS 0x0000000094300000, 0x0000000094300000| Untracked 
| 242|0x0000000094400000, 0x0000000094400000, 0x0000000094500000|  0%| F|  |TAMS 0x0000000094400000, 0x0000000094400000| Untracked 
| 243|0x0000000094500000, 0x0000000094500000, 0x0000000094600000|  0%| F|  |TAMS 0x0000000094500000, 0x0000000094500000| Untracked 
| 244|0x0000000094600000, 0x0000000094600000, 0x0000000094700000|  0%| F|  |TAMS 0x0000000094600000, 0x0000000094600000| Untracked 
| 245|0x0000000094700000, 0x0000000094700000, 0x0000000094800000|  0%| F|  |TAMS 0x0000000094700000, 0x0000000094700000| Untracked 
| 246|0x0000000094800000, 0x0000000094800000, 0x0000000094900000|  0%| F|  |TAMS 0x0000000094800000, 0x0000000094800000| Untracked 
| 247|0x0000000094900000, 0x0000000094900000, 0x0000000094a00000|  0%| F|  |TAMS 0x0000000094900000, 0x0000000094900000| Untracked 
| 248|0x0000000094a00000, 0x0000000094a00000, 0x0000000094b00000|  0%| F|  |TAMS 0x0000000094a00000, 0x0000000094a00000| Untracked 
| 249|0x0000000094b00000, 0x0000000094b00000, 0x0000000094c00000|  0%| F|  |TAMS 0x0000000094b00000, 0x0000000094b00000| Untracked 
| 250|0x0000000094c00000, 0x0000000094c00000, 0x0000000094d00000|  0%| F|  |TAMS 0x0000000094c00000, 0x0000000094c00000| Untracked 
| 251|0x0000000094d00000, 0x0000000094d00000, 0x0000000094e00000|  0%| F|  |TAMS 0x0000000094d00000, 0x0000000094d00000| Untracked 
| 252|0x0000000094e00000, 0x0000000094e00000, 0x0000000094f00000|  0%| F|  |TAMS 0x0000000094e00000, 0x0000000094e00000| Untracked 
| 253|0x0000000094f00000, 0x0000000094f00000, 0x0000000095000000|  0%| F|  |TAMS 0x0000000094f00000, 0x0000000094f00000| Untracked 
| 254|0x0000000095000000, 0x0000000095100000, 0x0000000095100000|100%| S|CS|TAMS 0x0000000095000000, 0x0000000095000000| Complete 
| 255|0x0000000095100000, 0x0000000095100000, 0x0000000095200000|  0%| F|  |TAMS 0x0000000095100000, 0x0000000095100000| Untracked 
| 256|0x0000000095200000, 0x0000000095200000, 0x0000000095300000|  0%| F|  |TAMS 0x0000000095200000, 0x0000000095200000| Untracked 
| 257|0x0000000095300000, 0x0000000095300000, 0x0000000095400000|  0%| F|  |TAMS 0x0000000095300000, 0x0000000095300000| Untracked 
| 258|0x0000000095400000, 0x0000000095400000, 0x0000000095500000|  0%| F|  |TAMS 0x0000000095400000, 0x0000000095400000| Untracked 
| 259|0x0000000095500000, 0x0000000095500000, 0x0000000095600000|  0%| F|  |TAMS 0x0000000095500000, 0x0000000095500000| Untracked 
| 260|0x0000000095600000, 0x0000000095600000, 0x0000000095700000|  0%| F|  |TAMS 0x0000000095600000, 0x0000000095600000| Untracked 
| 261|0x0000000095700000, 0x0000000095700000, 0x0000000095800000|  0%| F|  |TAMS 0x0000000095700000, 0x0000000095700000| Untracked 
| 262|0x0000000095800000, 0x0000000095800000, 0x0000000095900000|  0%| F|  |TAMS 0x0000000095800000, 0x0000000095800000| Untracked 
| 263|0x0000000095900000, 0x0000000095900000, 0x0000000095a00000|  0%| F|  |TAMS 0x0000000095900000, 0x0000000095900000| Untracked 
| 264|0x0000000095a00000, 0x0000000095a00000, 0x0000000095b00000|  0%| F|  |TAMS 0x0000000095a00000, 0x0000000095a00000| Untracked 
| 265|0x0000000095b00000, 0x0000000095b00000, 0x0000000095c00000|  0%| F|  |TAMS 0x0000000095b00000, 0x0000000095b00000| Untracked 
| 266|0x0000000095c00000, 0x0000000095c00000, 0x0000000095d00000|  0%| F|  |TAMS 0x0000000095c00000, 0x0000000095c00000| Untracked 
| 267|0x0000000095d00000, 0x0000000095d00000, 0x0000000095e00000|  0%| F|  |TAMS 0x0000000095d00000, 0x0000000095d00000| Untracked 
|1964|0x00000000ffe00000, 0x00000000ffe34000, 0x00000000fff00000| 20%|OA|  |TAMS 0x00000000ffe34000, 0x00000000ffe00000| Untracked 
|1965|0x00000000fff00000, 0x00000000fff6a000, 0x0000000100000000| 41%|CA|  |TAMS 0x00000000fff6a000, 0x00000000fff00000| Untracked 

Card table byte_map: [0x00007f7dc6c86000,0x00007f7dc705d000] _byte_map_base: 0x00007f7dc685d000

Marking Bits (Prev, Next): (CMBitMap*) 0x00007f7de0053b88, (CMBitMap*) 0x00007f7de0053bc0
 Prev Bits: [0x00007f7dc49f7000, 0x00007f7dc68af000)
 Next Bits: [0x00007f7dbe148000, 0x00007f7dc0000000)

Polling page: 0x00007f7de76bd000

Metaspace:

Usage:
  Non-class:     54.83 MB capacity,    53.70 MB ( 98%) used,   939.22 KB (  2%) free+waste,   214.38 KB ( <1%) overhead. 
      Class:      8.82 MB capacity,     8.13 MB ( 92%) used,   603.68 KB (  7%) free+waste,   103.19 KB (  1%) overhead. 
       Both:     63.65 MB capacity,    61.83 MB ( 97%) used,     1.51 MB (  2%) free+waste,   317.56 KB ( <1%) overhead. 

Virtual space:
  Non-class space:       56.00 MB reserved,      55.16 MB ( 99%) committed 
      Class space:        1.00 GB reserved,       8.88 MB ( <1%) committed 
             Both:        1.05 GB reserved,      64.04 MB (  6%) committed 

Chunk freelists:
   Non-Class:  146.00 KB
       Class:  0 bytes
        Both:  146.00 KB

CodeHeap 'non-profiled nmethods': size=238384Kb used=12910Kb max_used=12910Kb free=225474Kb
 bounds [0x00007f7dc8644000, 0x00007f7dc92e4000, 0x00007f7dd6f10000]
CodeHeap 'non-nmethods': size=7376Kb used=1270Kb max_used=1270Kb free=6105Kb
 bounds [0x00007f7dc7f10000, 0x00007f7dc8180000, 0x00007f7dc8644000]
 total_blobs=7955 nmethods=7258 adapters=588
 compilation: enabled
              stopped_count=0, restarted_count=0
 full_count=0

Compilation events (10 events):
Event: 1814.066 Thread 0x00007f7de018e000 7310       1       com.mysql.cj.ServerVersion::compareTo (57 bytes)
Event: 1815.298 Thread 0x00007f7de018e000 nmethod 7310 0x00007f7dc92ddf90 code [0x00007f7dc92de180, 0x00007f7dc92de610]
Event: 1815.521 Thread 0x00007f7de018e000 7311       1       com.mysql.cj.ServerVersion::getMajor (8 bytes)
Event: 1817.453 Thread 0x00007f7de018e000 nmethod 7311 0x00007f7dc92de990 code [0x00007f7dc92deb40, 0x00007f7dc92dec70]
Event: 1828.337 Thread 0x00007f7de018e000 7314       1       com.sun.jmx.mbeanserver.StandardMBeanIntrospector::invokeM2 (13 bytes)
Event: 1829.434 Thread 0x00007f7de018e000 nmethod 7314 0x00007f7dc92ded10 code [0x00007f7dc92deec0, 0x00007f7dc92df068]
Event: 1829.651 Thread 0x00007f7de018e000 7315       1       com.sun.jmx.mbeanserver.StandardMBeanIntrospector::invokeM2 (7 bytes)
Event: 1829.938 Thread 0x00007f7de018e000 nmethod 7315 0x00007f7dc92df110 code [0x00007f7dc92df2c0, 0x00007f7dc92df428]
Event: 1896.623 Thread 0x00007f7de018e000 7318       1       com.zaxxer.hikari.pool.HikariPool::access$400 (5 bytes)
Event: 1897.175 Thread 0x00007f7de018e000 nmethod 7318 0x00007f7dc92df490 code [0x00007f7dc92df640, 0x00007f7dc92df730]

GC Heap History (10 events):
Event: 1982.989 GC heap after
{Heap after GC invocations=90 (full 0):
 garbage-first heap   total 276480K, used 37418K [0x0000000085200000, 0x0000000100000000)
  region size 1024K, 2 young (2048K), 2 survivors (2048K)
 Metaspace       used 63312K, capacity 65173K, committed 65572K, reserved 1105920K
  class space    used 8320K, capacity 9027K, committed 9088K, reserved 1048576K
}
Event: 2019.692 GC heap before
{Heap before GC invocations=90 (full 0):
 garbage-first heap   total 276480K, used 48682K [0x0000000085200000, 0x0000000100000000)
  region size 1024K, 13 young (13312K), 2 survivors (2048K)
 Metaspace       used 63312K, capacity 65173K, committed 65572K, reserved 1105920K
  class space    used 8320K, capacity 9027K, committed 9088K, reserved 1048576K
}
Event: 2022.388 GC heap after
{Heap after GC invocations=91 (full 0):
 garbage-first heap   total 276480K, used 37907K [0x0000000085200000, 0x0000000100000000)
  region size 1024K, 2 young (2048K), 2 survivors (2048K)
 Metaspace       used 63312K, capacity 65173K, committed 65572K, reserved 1105920K
  class space    used 8320K, capacity 9027K, committed 9088K, reserved 1048576K
}
Event: 2056.629 GC heap before
{Heap before GC invocations=91 (full 0):
 garbage-first heap   total 276480K, used 49171K [0x0000000085200000, 0x0000000100000000)
  region size 1024K, 13 young (13312K), 2 survivors (2048K)
 Metaspace       used 63312K, capacity 65173K, committed 65572K, reserved 1105920K
  class space    used 8320K, capacity 9027K, committed 9088K, reserved 1048576K
}
Event: 2058.836 GC heap after
{Heap after GC invocations=92 (full 0):
 garbage-first heap   total 276480K, used 38213K [0x0000000085200000, 0x0000000100000000)
  region size 1024K, 2 young (2048K), 2 survivors (2048K)
 Metaspace       used 63312K, capacity 65173K, committed 65572K, reserved 1105920K
  class space    used 8320K, capacity 9027K, committed 9088K, reserved 1048576K
}
Event: 2091.832 GC heap before
{Heap before GC invocations=92 (full 0):
 garbage-first heap   total 276480K, used 49477K [0x0000000085200000, 0x0000000100000000)
  region size 1024K, 13 young (13312K), 2 survivors (2048K)
 Metaspace       used 63312K, capacity 65173K, committed 65572K, reserved 1105920K
  class space    used 8320K, capacity 9027K, committed 9088K, reserved 1048576K
}
Event: 2099.854 GC heap after
{Heap after GC invocations=93 (full 0):
 garbage-first heap   total 276480K, used 41070K [0x0000000085200000, 0x0000000100000000)
  region size 1024K, 2 young (2048K), 2 survivors (2048K)
 Metaspace       used 63312K, capacity 65173K, committed 65572K, reserved 1105920K
  class space    used 8320K, capacity 9027K, committed 9088K, reserved 1048576K
}
Event: 2155.391 GC heap before
{Heap before GC invocations=93 (full 0):
 garbage-first heap   total 276480K, used 52334K [0x0000000085200000, 0x0000000100000000)
  region size 1024K, 13 young (13312K), 2 survivors (2048K)
 Metaspace       used 63312K, capacity 65173K, committed 65572K, reserved 1105920K
  class space    used 8320K, capacity 9027K, committed 9088K, reserved 1048576K
}
Event: 2158.372 GC heap after
{Heap after GC invocations=94 (full 0):
 garbage-first heap   total 276480K, used 41811K [0x0000000085200000, 0x0000000100000000)
  region size 1024K, 1 young (1024K), 1 survivors (1024K)
 Metaspace       used 63312K, capacity 65173K, committed 65572K, reserved 1105920K
  class space    used 8320K, capacity 9027K, committed 9088K, reserved 1048576K
}
Event: 2209.804 GC heap before
{Heap before GC invocations=94 (full 0):
 garbage-first heap   total 276480K, used 53075K [0x0000000085200000, 0x0000000100000000)
  region size 1024K, 13 young (13312K), 1 survivors (1024K)
 Metaspace       used 63312K, capacity 65173K, committed 65572K, reserved 1105920K
  class space    used 8320K, capacity 9027K, committed 9088K, reserved 1048576K
}

Deoptimization events (6 events):
Event: 2.936 Thread 0x00007f7d68002800 DEOPT PACKING pc=0x00007f7dc8967f1c sp=0x00007f7db50dcb40
Event: 2.936 Thread 0x00007f7d68002800 DEOPT UNPACKING pc=0x00007f7dc7f3883a sp=0x00007f7db50dc068 mode 0
Event: 7.389 Thread 0x00007f7d68002800 DEOPT PACKING pc=0x00007f7dc88e639d sp=0x00007f7db50dcce0
Event: 7.389 Thread 0x00007f7d68002800 DEOPT UNPACKING pc=0x00007f7dc7f3883a sp=0x00007f7db50dc208 mode 3
Event: 9.547 Thread 0x00007f7d5d24e800 DEOPT PACKING pc=0x00007f7dc87b183c sp=0x00007f7d395f1f10
Event: 9.547 Thread 0x00007f7d5d24e800 DEOPT UNPACKING pc=0x00007f7dc7f3883a sp=0x00007f7d395f1448 mode 0

Classes redefined (0 events):
No events

Internal exceptions (10 events):
Event: 1974.830 Thread 0x00007f7d7c001800 Exception <a 'java/security/PrivilegedActionException'{0x000000009593ea98}> (0x000000009593ea98) thrown at [/build/openjdk-lts-7bqZff/openjdk-lts-11.0.4+11/src/hotspot/share/prims/jvm.cpp, line 1300]
Event: 1977.322 Thread 0x00007f7d7c001800 Exception <a 'java/security/PrivilegedActionException'{0x000000009577be08}> (0x000000009577be08) thrown at [/build/openjdk-lts-7bqZff/openjdk-lts-11.0.4+11/src/hotspot/share/prims/jvm.cpp, line 1300]
Event: 1986.330 Thread 0x00007f7d7c001800 Exception <a 'java/security/PrivilegedActionException'{0x0000000095b38760}> (0x0000000095b38760) thrown at [/build/openjdk-lts-7bqZff/openjdk-lts-11.0.4+11/src/hotspot/share/prims/jvm.cpp, line 1300]
Event: 1992.490 Thread 0x00007f7d7c001800 Exception <a 'java/security/PrivilegedActionException'{0x0000000095839268}> (0x0000000095839268) thrown at [/build/openjdk-lts-7bqZff/openjdk-lts-11.0.4+11/src/hotspot/share/prims/jvm.cpp, line 1300]
Event: 2025.948 Thread 0x00007f7d7c001800 Exception <a 'java/security/PrivilegedActionException'{0x0000000095d73f90}> (0x0000000095d73f90) thrown at [/build/openjdk-lts-7bqZff/openjdk-lts-11.0.4+11/src/hotspot/share/prims/jvm.cpp, line 1300]
Event: 2047.739 Thread 0x00007f7d7c001800 Exception <a 'java/security/PrivilegedActionException'{0x0000000095600a30}> (0x0000000095600a30) thrown at [/build/openjdk-lts-7bqZff/openjdk-lts-11.0.4+11/src/hotspot/share/prims/jvm.cpp, line 1300]
Event: 2066.738 Thread 0x00007f7d7c001800 Exception <a 'java/security/PrivilegedActionException'{0x0000000095b6fdb0}> (0x0000000095b6fdb0) thrown at [/build/openjdk-lts-7bqZff/openjdk-lts-11.0.4+11/src/hotspot/share/prims/jvm.cpp, line 1300]
Event: 2089.572 Thread 0x00007f7d7c001800 Exception <a 'java/security/PrivilegedActionException'{0x0000000095301590}> (0x0000000095301590) thrown at [/build/openjdk-lts-7bqZff/openjdk-lts-11.0.4+11/src/hotspot/share/prims/jvm.cpp, line 1300]
Event: 2126.071 Thread 0x00007f7d7c001800 Exception <a 'java/security/PrivilegedActionException'{0x000000009583aa30}> (0x000000009583aa30) thrown at [/build/openjdk-lts-7bqZff/openjdk-lts-11.0.4+11/src/hotspot/share/prims/jvm.cpp, line 1300]
Event: 2151.945 Thread 0x00007f7d7c001800 Exception <a 'java/security/PrivilegedActionException'{0x00000000953719d0}> (0x00000000953719d0) thrown at [/build/openjdk-lts-7bqZff/openjdk-lts-11.0.4+11/src/hotspot/share/prims/jvm.cpp, line 1300]

Events (10 events):
Event: 2108.716 Executing VM operation: RevokeBias done
Event: 2115.988 Thread 0x00007f7d7c006000 Thread added: 0x00007f7d7c006000
Event: 2116.848 Executing VM operation: RevokeBias
Event: 2118.785 Executing VM operation: RevokeBias done
Event: 2119.530 Executing VM operation: RevokeBias
Event: 2122.304 Executing VM operation: RevokeBias done
Event: 2154.209 Executing VM operation: G1CollectForAllocation
Event: 2158.477 Executing VM operation: G1CollectForAllocation done
Event: 2209.230 Thread 0x00007f7d7c006000 Thread exited: 0x00007f7d7c006000
Event: 2209.684 Executing VM operation: G1CollectForAllocation


Dynamic libraries:
85200000-95e00000 rw-p 00000000 00:00 0 
a6c00000-ffe00000 ---p 00000000 00:00 0 
ffe00000-ffe34000 rw-p 01116000 08:02 14549132                           /usr/lib/jvm/java-11-openjdk-amd64/lib/server/classes.jsa
ffe34000-fff00000 rw-p 00000000 00:00 0 
fff00000-fff6a000 rw-p 010ac000 08:02 14549132                           /usr/lib/jvm/java-11-openjdk-amd64/lib/server/classes.jsa
fff6a000-100000000 rw-p 00000000 00:00 0 
800000000-800002000 rwxp 00001000 08:02 14549132                         /usr/lib/jvm/java-11-openjdk-amd64/lib/server/classes.jsa
800002000-8003bd000 rw-p 00003000 08:02 14549132                         /usr/lib/jvm/java-11-openjdk-amd64/lib/server/classes.jsa
8003bd000-800a98000 r--p 003be000 08:02 14549132                         /usr/lib/jvm/java-11-openjdk-amd64/lib/server/classes.jsa
800a98000-800a99000 rw-p 00a99000 08:02 14549132                         /usr/lib/jvm/java-11-openjdk-amd64/lib/server/classes.jsa
800a99000-8010ab000 r--p 00a9a000 08:02 14549132                         /usr/lib/jvm/java-11-openjdk-amd64/lib/server/classes.jsa
840000000-8408e0000 rw-p 00000000 00:00 0 
8408e0000-880000000 ---p 00000000 00:00 0 
560dcdd3f000-560dcdd40000 r-xp 00000000 08:02 10751011                   /usr/lib/jvm/java-11-openjdk-amd64/bin/java
560dcdf40000-560dcdf41000 r--p 00001000 08:02 10751011                   /usr/lib/jvm/java-11-openjdk-amd64/bin/java
560dcdf41000-560dcdf42000 rw-p 00002000 08:02 10751011                   /usr/lib/jvm/java-11-openjdk-amd64/bin/java
560dcfe38000-560dcfe59000 rw-p 00000000 00:00 0                          [heap]
7f7cd8000000-7f7cd8021000 rw-p 00000000 00:00 0 
7f7cd8021000-7f7cdc000000 ---p 00000000 00:00 0 
7f7cdfe00000-7f7cdff40000 rw-p 00000000 00:00 0 
7f7cdff40000-7f7ce0000000 ---p 00000000 00:00 0 
7f7ce0000000-7f7ce0021000 rw-p 00000000 00:00 0 
7f7ce0021000-7f7ce4000000 ---p 00000000 00:00 0 
7f7ce4000000-7f7ce4021000 rw-p 00000000 00:00 0 
7f7ce4021000-7f7ce8000000 ---p 00000000 00:00 0 
7f7ce8000000-7f7ce8021000 rw-p 00000000 00:00 0 
7f7ce8021000-7f7cec000000 ---p 00000000 00:00 0 
7f7cec000000-7f7cec021000 rw-p 00000000 00:00 0 
7f7cec021000-7f7cf0000000 ---p 00000000 00:00 0 
7f7cf0000000-7f7cf0021000 rw-p 00000000 00:00 0 
7f7cf0021000-7f7cf4000000 ---p 00000000 00:00 0 
7f7cf4000000-7f7cf4021000 rw-p 00000000 00:00 0 
7f7cf4021000-7f7cf8000000 ---p 00000000 00:00 0 
7f7cf8000000-7f7cf8021000 rw-p 00000000 00:00 0 
7f7cf8021000-7f7cfc000000 ---p 00000000 00:00 0 
7f7cfc000000-7f7cfc021000 rw-p 00000000 00:00 0 
7f7cfc021000-7f7d00000000 ---p 00000000 00:00 0 
7f7d00000000-7f7d00021000 rw-p 00000000 00:00 0 
7f7d00021000-7f7d04000000 ---p 00000000 00:00 0 
7f7d04000000-7f7d04124000 rw-p 00000000 00:00 0 
7f7d04124000-7f7d08000000 ---p 00000000 00:00 0 
7f7d08000000-7f7d0802a000 rw-p 00000000 00:00 0 
7f7d0802a000-7f7d0c000000 ---p 00000000 00:00 0 
7f7d0c000000-7f7d0c021000 rw-p 00000000 00:00 0 
7f7d0c021000-7f7d10000000 ---p 00000000 00:00 0 
7f7d10000000-7f7d10021000 rw-p 00000000 00:00 0 
7f7d10021000-7f7d14000000 ---p 00000000 00:00 0 
7f7d14000000-7f7d14240000 rw-p 00000000 00:00 0 
7f7d14240000-7f7d18000000 ---p 00000000 00:00 0 
7f7d18000000-7f7d18021000 rw-p 00000000 00:00 0 
7f7d18021000-7f7d1c000000 ---p 00000000 00:00 0 
7f7d1c000000-7f7d1c021000 rw-p 00000000 00:00 0 
7f7d1c021000-7f7d20000000 ---p 00000000 00:00 0 
7f7d20000000-7f7d20021000 rw-p 00000000 00:00 0 
7f7d20021000-7f7d24000000 ---p 00000000 00:00 0 
7f7d24000000-7f7d24021000 rw-p 00000000 00:00 0 
7f7d24021000-7f7d28000000 ---p 00000000 00:00 0 
7f7d28000000-7f7d28021000 rw-p 00000000 00:00 0 
7f7d28021000-7f7d2c000000 ---p 00000000 00:00 0 
7f7d2c000000-7f7d2c021000 rw-p 00000000 00:00 0 
7f7d2c021000-7f7d30000000 ---p 00000000 00:00 0 
7f7d30000000-7f7d30021000 rw-p 00000000 00:00 0 
7f7d30021000-7f7d34000000 ---p 00000000 00:00 0 
7f7d34000000-7f7d34031000 rw-p 00000000 00:00 0 
7f7d34031000-7f7d38000000 ---p 00000000 00:00 0 
7f7d380ea000-7f7d382ea000 rw-p 00000000 00:00 0 
7f7d382ea000-7f7d384d3000 rw-p 00000000 00:00 0 
7f7d384d3000-7f7d384ea000 ---p 00000000 00:00 0 
7f7d384ea000-7f7d386ea000 rw-p 00000000 00:00 0 
7f7d386ea000-7f7d388ea000 rw-p 00000000 00:00 0 
7f7d388ea000-7f7d388ee000 ---p 00000000 00:00 0 
7f7d388ee000-7f7d389eb000 rw-p 00000000 00:00 0 
7f7d389eb000-7f7d389ef000 ---p 00000000 00:00 0 
7f7d389ef000-7f7d38aec000 rw-p 00000000 00:00 0 
7f7d38aec000-7f7d38af0000 ---p 00000000 00:00 0 
7f7d38af0000-7f7d38bed000 rw-p 00000000 00:00 0 
7f7d38bed000-7f7d38bf1000 ---p 00000000 00:00 0 
7f7d38bf1000-7f7d38cee000 rw-p 00000000 00:00 0 
7f7d38cee000-7f7d38cf2000 ---p 00000000 00:00 0 
7f7d38cf2000-7f7d38def000 rw-p 00000000 00:00 0 
7f7d38def000-7f7d38df3000 ---p 00000000 00:00 0 
7f7d38df3000-7f7d38ef0000 rw-p 00000000 00:00 0 
7f7d38ef0000-7f7d38ef4000 ---p 00000000 00:00 0 
7f7d38ef4000-7f7d38ff1000 rw-p 00000000 00:00 0 
7f7d38ff1000-7f7d38ff5000 ---p 00000000 00:00 0 
7f7d38ff5000-7f7d390f2000 rw-p 00000000 00:00 0 
7f7d390f2000-7f7d390f6000 ---p 00000000 00:00 0 
7f7d390f6000-7f7d391f3000 rw-p 00000000 00:00 0 
7f7d391f3000-7f7d391f7000 ---p 00000000 00:00 0 
7f7d391f7000-7f7d392f4000 rw-p 00000000 00:00 0 
7f7d392f4000-7f7d392f8000 ---p 00000000 00:00 0 
7f7d392f8000-7f7d393f5000 rw-p 00000000 00:00 0 
7f7d393f5000-7f7d393f9000 ---p 00000000 00:00 0 
7f7d393f9000-7f7d394f6000 rw-p 00000000 00:00 0 
7f7d394f6000-7f7d394fa000 ---p 00000000 00:00 0 
7f7d394fa000-7f7d395f7000 rw-p 00000000 00:00 0 
7f7d395f7000-7f7d395fb000 ---p 00000000 00:00 0 
7f7d395fb000-7f7d396f8000 rw-p 00000000 00:00 0 
7f7d396f8000-7f7d396fc000 ---p 00000000 00:00 0 
7f7d396fc000-7f7d397f9000 rw-p 00000000 00:00 0 
7f7d397f9000-7f7d397fd000 ---p 00000000 00:00 0 
7f7d397fd000-7f7d39afa000 rw-p 00000000 00:00 0 
7f7d39afa000-7f7d39cfa000 rw-p 00000000 00:00 0 
7f7d39cfa000-7f7d39efa000 rw-p 00000000 00:00 0 
7f7d39efa000-7f7d3a0fa000 rw-p 00000000 00:00 0 
7f7d3a0fa000-7f7d3a2fa000 rw-p 00000000 00:00 0 
7f7d3a2fa000-7f7d3a4fa000 rw-p 00000000 00:00 0 
7f7d3a4fa000-7f7d3a6fa000 rw-p 00000000 00:00 0 
7f7d3a6fa000-7f7d3a8fa000 rw-p 00000000 00:00 0 
7f7d3a8fa000-7f7d3a8fe000 ---p 00000000 00:00 0 
7f7d3a8fe000-7f7d3a9fb000 rw-p 00000000 00:00 0 
7f7d3a9fb000-7f7d3a9ff000 ---p 00000000 00:00 0 
7f7d3a9ff000-7f7d3acfc000 rw-p 00000000 00:00 0 
7f7d3acfc000-7f7d3aefc000 rw-p 00000000 00:00 0 
7f7d3aefc000-7f7d3af00000 ---p 00000000 00:00 0 
7f7d3af00000-7f7d3affd000 rw-p 00000000 00:00 0 
7f7d3affd000-7f7d3b001000 ---p 00000000 00:00 0 
7f7d3b001000-7f7d3b2fe000 rw-p 00000000 00:00 0 
7f7d3b2fe000-7f7d3b4fe000 rw-p 00000000 00:00 0 
7f7d3b4fe000-7f7d3b6fe000 rw-p 00000000 00:00 0 
7f7d3b6fe000-7f7d3b8fe000 rw-p 00000000 00:00 0 
7f7d3b8fe000-7f7d3b8ff000 ---p 00000000 00:00 0 
7f7d3b8ff000-7f7d3bc00000 rw-p 00000000 00:00 0 
7f7d3bc00000-7f7d3be00000 rw-p 00000000 00:00 0 
7f7d3be00000-7f7d3c000000 rw-p 00000000 00:00 0 
7f7d3c000000-7f7d3c021000 rw-p 00000000 00:00 0 
7f7d3c021000-7f7d40000000 ---p 00000000 00:00 0 
7f7d40000000-7f7d40021000 rw-p 00000000 00:00 0 
7f7d40021000-7f7d44000000 ---p 00000000 00:00 0 
7f7d44000000-7f7d44021000 rw-p 00000000 00:00 0 
7f7d44021000-7f7d48000000 ---p 00000000 00:00 0 
7f7d48000000-7f7d48021000 rw-p 00000000 00:00 0 
7f7d48021000-7f7d4c000000 ---p 00000000 00:00 0 
7f7d4c000000-7f7d4c021000 rw-p 00000000 00:00 0 
7f7d4c021000-7f7d50000000 ---p 00000000 00:00 0 
7f7d50000000-7f7d50021000 rw-p 00000000 00:00 0 
7f7d50021000-7f7d54000000 ---p 00000000 00:00 0 
7f7d54000000-7f7d54021000 rw-p 00000000 00:00 0 
7f7d54021000-7f7d58000000 ---p 00000000 00:00 0 
7f7d58000000-7f7d58375000 rw-p 00000000 00:00 0 
7f7d58375000-7f7d5c000000 ---p 00000000 00:00 0 
7f7d5c000000-7f7d5d277000 rw-p 00000000 00:00 0 
7f7d5d277000-7f7d60000000 ---p 00000000 00:00 0 
7f7d60000000-7f7d60021000 rw-p 00000000 00:00 0 
7f7d60021000-7f7d64000000 ---p 00000000 00:00 0 
7f7d64000000-7f7d64021000 rw-p 00000000 00:00 0 
7f7d64021000-7f7d68000000 ---p 00000000 00:00 0 
7f7d68000000-7f7d68021000 rw-p 00000000 00:00 0 
7f7d68021000-7f7d6c000000 ---p 00000000 00:00 0 
7f7d6c000000-7f7d6c021000 rw-p 00000000 00:00 0 
7f7d6c021000-7f7d70000000 ---p 00000000 00:00 0 
7f7d70000000-7f7d70021000 rw-p 00000000 00:00 0 
7f7d70021000-7f7d74000000 ---p 00000000 00:00 0 
7f7d74000000-7f7d7402a000 rw-p 00000000 00:00 0 
7f7d7402a000-7f7d78000000 ---p 00000000 00:00 0 
7f7d78000000-7f7d7809b000 rw-p 00000000 00:00 0 
7f7d7809b000-7f7d7c000000 ---p 00000000 00:00 0 
7f7d7c000000-7f7d7c021000 rw-p 00000000 00:00 0 
7f7d7c021000-7f7d80000000 ---p 00000000 00:00 0 
7f7d80000000-7f7d80021000 rw-p 00000000 00:00 0 
7f7d80021000-7f7d84000000 ---p 00000000 00:00 0 
7f7d84000000-7f7d84021000 rw-p 00000000 00:00 0 
7f7d84021000-7f7d88000000 ---p 00000000 00:00 0 
7f7d88000000-7f7d88021000 rw-p 00000000 00:00 0 
7f7d88021000-7f7d8c000000 ---p 00000000 00:00 0 
7f7d8c000000-7f7d8c021000 rw-p 00000000 00:00 0 
7f7d8c021000-7f7d90000000 ---p 00000000 00:00 0 
7f7d90000000-7f7d90021000 rw-p 00000000 00:00 0 
7f7d90021000-7f7d94000000 ---p 00000000 00:00 0 
7f7d94000000-7f7d94021000 rw-p 00000000 00:00 0 
7f7d94021000-7f7d98000000 ---p 00000000 00:00 0 
7f7d98000000-7f7d985c2000 rw-p 00000000 00:00 0 
7f7d985c2000-7f7d9c000000 ---p 00000000 00:00 0 
7f7d9c000000-7f7d9c021000 rw-p 00000000 00:00 0 
7f7d9c021000-7f7da0000000 ---p 00000000 00:00 0 
7f7da0000000-7f7da0021000 rw-p 00000000 00:00 0 
7f7da0021000-7f7da4000000 ---p 00000000 00:00 0 
7f7da4000000-7f7da4021000 rw-p 00000000 00:00 0 
7f7da4021000-7f7da8000000 ---p 00000000 00:00 0 
7f7da8000000-7f7da81e9000 rw-p 00000000 00:00 0 
7f7da81e9000-7f7dac000000 ---p 00000000 00:00 0 
7f7dac000000-7f7dac021000 rw-p 00000000 00:00 0 
7f7dac021000-7f7db0000000 ---p 00000000 00:00 0 
7f7db0000000-7f7db0021000 rw-p 00000000 00:00 0 
7f7db0021000-7f7db4000000 ---p 00000000 00:00 0 
7f7db40cf000-7f7db40d3000 ---p 00000000 00:00 0 
7f7db40d3000-7f7db41d0000 rw-p 00000000 00:00 0 
7f7db41d0000-7f7db41d4000 ---p 00000000 00:00 0 
7f7db41d4000-7f7db42d1000 rw-p 00000000 00:00 0 
7f7db42d1000-7f7db42d5000 ---p 00000000 00:00 0 
7f7db42d5000-7f7db45d2000 rw-p 00000000 00:00 0 
7f7db45d2000-7f7db47d2000 rw-p 00000000 00:00 0 
7f7db47d2000-7f7db47d3000 ---p 00000000 00:00 0 
7f7db47d3000-7f7db48d4000 rw-p 00000000 00:00 0 
7f7db48d4000-7f7db48d5000 ---p 00000000 00:00 0 
7f7db48d5000-7f7db49d6000 rw-p 00000000 00:00 0 
7f7db49d6000-7f7db49d7000 ---p 00000000 00:00 0 
7f7db49d7000-7f7db4ad8000 rw-p 00000000 00:00 0 
7f7db4ad8000-7f7db4ad9000 ---p 00000000 00:00 0 
7f7db4ad9000-7f7db4bda000 rw-p 00000000 00:00 0 
7f7db4bda000-7f7db4bdb000 ---p 00000000 00:00 0 
7f7db4bdb000-7f7db4cdc000 rw-p 00000000 00:00 0 
7f7db4cdc000-7f7db4ce0000 ---p 00000000 00:00 0 
7f7db4ce0000-7f7db4ddd000 rw-p 00000000 00:00 0 
7f7db4ddd000-7f7db4de1000 ---p 00000000 00:00 0 
7f7db4de1000-7f7db4ede000 rw-p 00000000 00:00 0 
7f7db4ede000-7f7db4ee2000 ---p 00000000 00:00 0 
7f7db4ee2000-7f7db4fdf000 rw-p 00000000 00:00 0 
7f7db4fdf000-7f7db4fe3000 ---p 00000000 00:00 0 
7f7db4fe3000-7f7db50e0000 rw-p 00000000 00:00 0 
7f7db50e0000-7f7db50e4000 ---p 00000000 00:00 0 
7f7db50e4000-7f7db51e1000 rw-p 00000000 00:00 0 
7f7db51e1000-7f7db51e2000 ---p 00000000 00:00 0 
7f7db51e2000-7f7db52e3000 rw-p 00000000 00:00 0 
7f7db52e3000-7f7db52e4000 ---p 00000000 00:00 0 
7f7db52e4000-7f7db53e5000 rw-p 00000000 00:00 0 
7f7db53e5000-7f7db53e6000 ---p 00000000 00:00 0 
7f7db53e6000-7f7db54e7000 rw-p 00000000 00:00 0 
7f7db54e7000-7f7db54eb000 ---p 00000000 00:00 0 
7f7db54eb000-7f7db55e8000 rw-p 00000000 00:00 0 
7f7db55e8000-7f7db55ec000 ---p 00000000 00:00 0 
7f7db55ec000-7f7db56e9000 rw-p 00000000 00:00 0 
7f7db56e9000-7f7db56ea000 ---p 00000000 00:00 0 
7f7db56ea000-7f7db57eb000 rw-p 00000000 00:00 0 
7f7db57eb000-7f7db57ef000 ---p 00000000 00:00 0 
7f7db57ef000-7f7db58ec000 rw-p 00000000 00:00 0 
7f7db58ec000-7f7db58f1000 r-xp 00000000 08:02 14549094                   /usr/lib/jvm/java-11-openjdk-amd64/lib/libmanagement_ext.so
7f7db58f1000-7f7db5af0000 ---p 00005000 08:02 14549094                   /usr/lib/jvm/java-11-openjdk-amd64/lib/libmanagement_ext.so
7f7db5af0000-7f7db5af1000 r--p 00004000 08:02 14549094                   /usr/lib/jvm/java-11-openjdk-amd64/lib/libmanagement_ext.so
7f7db5af1000-7f7db5af2000 rw-p 00005000 08:02 14549094                   /usr/lib/jvm/java-11-openjdk-amd64/lib/libmanagement_ext.so
7f7db5af2000-7f7db5af6000 r-xp 00000000 08:02 14549092                   /usr/lib/jvm/java-11-openjdk-amd64/lib/libmanagement.so
7f7db5af6000-7f7db5cf5000 ---p 00004000 08:02 14549092                   /usr/lib/jvm/java-11-openjdk-amd64/lib/libmanagement.so
7f7db5cf5000-7f7db5cf6000 r--p 00003000 08:02 14549092                   /usr/lib/jvm/java-11-openjdk-amd64/lib/libmanagement.so
7f7db5cf6000-7f7db5cf7000 rw-p 00004000 08:02 14549092                   /usr/lib/jvm/java-11-openjdk-amd64/lib/libmanagement.so
7f7db5cf7000-7f7db5cf9000 r-xp 00000000 08:02 14549077                   /usr/lib/jvm/java-11-openjdk-amd64/lib/libextnet.so
7f7db5cf9000-7f7db5ef8000 ---p 00002000 08:02 14549077                   /usr/lib/jvm/java-11-openjdk-amd64/lib/libextnet.so
7f7db5ef8000-7f7db5ef9000 r--p 00001000 08:02 14549077                   /usr/lib/jvm/java-11-openjdk-amd64/lib/libextnet.so
7f7db5ef9000-7f7db5efa000 rw-p 00002000 08:02 14549077                   /usr/lib/jvm/java-11-openjdk-amd64/lib/libextnet.so
7f7db5efa000-7f7db5efe000 ---p 00000000 00:00 0 
7f7db5efe000-7f7db5ffb000 rw-p 00000000 00:00 0 
7f7db5ffb000-7f7db5fff000 ---p 00000000 00:00 0 
7f7db5fff000-7f7db60fc000 rw-p 00000000 00:00 0 
7f7db60fc000-7f7db6112000 r-xp 00000000 08:02 14549096                   /usr/lib/jvm/java-11-openjdk-amd64/lib/libnet.so
7f7db6112000-7f7db6311000 ---p 00016000 08:02 14549096                   /usr/lib/jvm/java-11-openjdk-amd64/lib/libnet.so
7f7db6311000-7f7db6312000 r--p 00015000 08:02 14549096                   /usr/lib/jvm/java-11-openjdk-amd64/lib/libnet.so
7f7db6312000-7f7db6313000 rw-p 00016000 08:02 14549096                   /usr/lib/jvm/java-11-openjdk-amd64/lib/libnet.so
7f7db6313000-7f7db6323000 r-xp 00000000 08:02 14549097                   /usr/lib/jvm/java-11-openjdk-amd64/lib/libnio.so
7f7db6323000-7f7db6522000 ---p 00010000 08:02 14549097                   /usr/lib/jvm/java-11-openjdk-amd64/lib/libnio.so
7f7db6522000-7f7db6523000 r--p 0000f000 08:02 14549097                   /usr/lib/jvm/java-11-openjdk-amd64/lib/libnio.so
7f7db6523000-7f7db6524000 rw-p 00010000 08:02 14549097                   /usr/lib/jvm/java-11-openjdk-amd64/lib/libnio.so
7f7db6524000-7f7db6528000 ---p 00000000 00:00 0 
7f7db6528000-7f7db6625000 rw-p 00000000 00:00 0 
7f7db6625000-7f7db6629000 ---p 00000000 00:00 0 
7f7db6629000-7f7db6726000 rw-p 00000000 00:00 0 
7f7db6726000-7f7db672a000 ---p 00000000 00:00 0 
7f7db672a000-7f7db6827000 rw-p 00000000 00:00 0 
7f7db6827000-7f7db682b000 ---p 00000000 00:00 0 
7f7db682b000-7f7db6928000 rw-p 00000000 00:00 0 
7f7db6928000-7f7db72f8000 r--p 00000000 08:02 10754679                   /usr/lib/locale/locale-archive
7f7db72f8000-7f7db72fc000 ---p 00000000 00:00 0 
7f7db72fc000-7f7db73f9000 rw-p 00000000 00:00 0 
7f7db73f9000-7f7db73fd000 ---p 00000000 00:00 0 
7f7db73fd000-7f7db74fa000 rw-p 00000000 00:00 0 
7f7db74fa000-7f7db74fb000 ---p 00000000 00:00 0 
7f7db74fb000-7f7db7dfc000 rw-p 00000000 00:00 0 
7f7db7dfc000-7f7db7dfd000 ---p 00000000 00:00 0 
7f7db7dfd000-7f7db7efe000 rw-p 00000000 00:00 0 
7f7db7efe000-7f7db7eff000 ---p 00000000 00:00 0 
7f7db7eff000-7f7db8000000 rw-p 00000000 00:00 0 
7f7db8000000-7f7db8021000 rw-p 00000000 00:00 0 
7f7db8021000-7f7dbc000000 ---p 00000000 00:00 0 
7f7dbc047000-7f7dbe578000 rw-p 00000000 00:00 0 
7f7dbe578000-7f7dbfff8000 ---p 00000000 00:00 0 
7f7dbfff8000-7f7dc0000000 rw-p 00000000 00:00 0 
7f7dc0000000-7f7dc0021000 rw-p 00000000 00:00 0 
7f7dc0021000-7f7dc4000000 ---p 00000000 00:00 0 
7f7dc406b000-7f7dc47f3000 rw-p 00000000 00:00 0 
7f7dc47f3000-7f7dc47f4000 ---p 00000000 00:00 0 
7f7dc47f4000-7f7dc48f5000 rw-p 00000000 00:00 0 
7f7dc48f5000-7f7dc48f6000 ---p 00000000 00:00 0 
7f7dc48f6000-7f7dc4e27000 rw-p 00000000 00:00 0 
7f7dc4e27000-7f7dc68a7000 ---p 00000000 00:00 0 
7f7dc68a7000-7f7dc6935000 rw-p 00000000 00:00 0 
7f7dc6935000-7f7dc6c85000 ---p 00000000 00:00 0 
7f7dc6c85000-7f7dc6d0c000 rw-p 00000000 00:00 0 
7f7dc6d0c000-7f7dc705c000 ---p 00000000 00:00 0 
7f7dc705c000-7f7dc70e3000 rw-p 00000000 00:00 0 
7f7dc70e3000-7f7dc7433000 ---p 00000000 00:00 0 
7f7dc7433000-7f7dc7c3c000 rw-p 00000000 00:00 0 
7f7dc7c3c000-7f7dc7c3d000 ---p 00000000 00:00 0 
7f7dc7c3d000-7f7dc7d58000 rw-p 00000000 00:00 0 
7f7dc7d58000-7f7dc7f10000 ---p 00000000 00:00 0 
7f7dc7f10000-7f7dc8180000 rwxp 00000000 00:00 0 
7f7dc8180000-7f7dc8644000 ---p 00000000 00:00 0 
7f7dc8644000-7f7dc92e4000 rwxp 00000000 00:00 0 
7f7dc92e4000-7f7dd6f10000 ---p 00000000 00:00 0 
7f7dd6f10000-7f7ddf5ba000 r--s 00000000 08:02 14549106                   /usr/lib/jvm/java-11-openjdk-amd64/lib/modules
7f7ddf5ba000-7f7ddf5bf000 r-xp 00000000 08:02 14549088                   /usr/lib/jvm/java-11-openjdk-amd64/lib/libjimage.so
7f7ddf5bf000-7f7ddf7be000 ---p 00005000 08:02 14549088                   /usr/lib/jvm/java-11-openjdk-amd64/lib/libjimage.so
7f7ddf7be000-7f7ddf7bf000 r--p 00004000 08:02 14549088                   /usr/lib/jvm/java-11-openjdk-amd64/lib/libjimage.so
7f7ddf7bf000-7f7ddf7c0000 rw-p 00005000 08:02 14549088                   /usr/lib/jvm/java-11-openjdk-amd64/lib/libjimage.so
7f7ddf7c0000-7f7ddf7c7000 r-xp 00000000 08:02 14549105                   /usr/lib/jvm/java-11-openjdk-amd64/lib/libzip.so
7f7ddf7c7000-7f7ddf9c6000 ---p 00007000 08:02 14549105                   /usr/lib/jvm/java-11-openjdk-amd64/lib/libzip.so
7f7ddf9c6000-7f7ddf9c7000 r--p 00006000 08:02 14549105                   /usr/lib/jvm/java-11-openjdk-amd64/lib/libzip.so
7f7ddf9c7000-7f7ddf9c8000 rw-p 00007000 08:02 14549105                   /usr/lib/jvm/java-11-openjdk-amd64/lib/libzip.so
7f7ddf9c8000-7f7ddf9d3000 r-xp 00000000 08:02 6558456                    /lib/x86_64-linux-gnu/libnss_files-2.27.so
7f7ddf9d3000-7f7ddfbd2000 ---p 0000b000 08:02 6558456                    /lib/x86_64-linux-gnu/libnss_files-2.27.so
7f7ddfbd2000-7f7ddfbd3000 r--p 0000a000 08:02 6558456                    /lib/x86_64-linux-gnu/libnss_files-2.27.so
7f7ddfbd3000-7f7ddfbd4000 rw-p 0000b000 08:02 6558456                    /lib/x86_64-linux-gnu/libnss_files-2.27.so
7f7ddfbd4000-7f7ddfbda000 rw-p 00000000 00:00 0 
7f7ddfbda000-7f7ddfbf1000 r-xp 00000000 08:02 6558450                    /lib/x86_64-linux-gnu/libnsl-2.27.so
7f7ddfbf1000-7f7ddfdf0000 ---p 00017000 08:02 6558450                    /lib/x86_64-linux-gnu/libnsl-2.27.so
7f7ddfdf0000-7f7ddfdf1000 r--p 00016000 08:02 6558450                    /lib/x86_64-linux-gnu/libnsl-2.27.so
7f7ddfdf1000-7f7ddfdf2000 rw-p 00017000 08:02 6558450                    /lib/x86_64-linux-gnu/libnsl-2.27.so
7f7ddfdf2000-7f7ddfdf4000 rw-p 00000000 00:00 0 
7f7ddfdf4000-7f7ddfdff000 r-xp 00000000 08:02 6558467                    /lib/x86_64-linux-gnu/libnss_nis-2.27.so
7f7ddfdff000-7f7ddfffe000 ---p 0000b000 08:02 6558467                    /lib/x86_64-linux-gnu/libnss_nis-2.27.so
7f7ddfffe000-7f7ddffff000 r--p 0000a000 08:02 6558467                    /lib/x86_64-linux-gnu/libnss_nis-2.27.so
7f7ddffff000-7f7de0000000 rw-p 0000b000 08:02 6558467                    /lib/x86_64-linux-gnu/libnss_nis-2.27.so
7f7de0000000-7f7de0759000 rw-p 00000000 00:00 0 
7f7de0759000-7f7de4000000 ---p 00000000 00:00 0 
7f7de4050000-7f7de40ab000 rw-p 00000000 00:00 0 
7f7de40ab000-7f7de40b3000 r-xp 00000000 08:02 6558452                    /lib/x86_64-linux-gnu/libnss_compat-2.27.so
7f7de40b3000-7f7de42b3000 ---p 00008000 08:02 6558452                    /lib/x86_64-linux-gnu/libnss_compat-2.27.so
7f7de42b3000-7f7de42b4000 r--p 00008000 08:02 6558452                    /lib/x86_64-linux-gnu/libnss_compat-2.27.so
7f7de42b4000-7f7de42b5000 rw-p 00009000 08:02 6558452                    /lib/x86_64-linux-gnu/libnss_compat-2.27.so
7f7de42b5000-7f7de42bf000 r-xp 00000000 08:02 14549079                   /usr/lib/jvm/java-11-openjdk-amd64/lib/libinstrument.so
7f7de42bf000-7f7de44be000 ---p 0000a000 08:02 14549079                   /usr/lib/jvm/java-11-openjdk-amd64/lib/libinstrument.so
7f7de44be000-7f7de44bf000 r--p 00009000 08:02 14549079                   /usr/lib/jvm/java-11-openjdk-amd64/lib/libinstrument.so
7f7de44bf000-7f7de44c0000 rw-p 0000a000 08:02 14549079                   /usr/lib/jvm/java-11-openjdk-amd64/lib/libinstrument.so
7f7de44c0000-7f7de44e9000 r-xp 00000000 08:02 14549084                   /usr/lib/jvm/java-11-openjdk-amd64/lib/libjava.so
7f7de44e9000-7f7de46e8000 ---p 00029000 08:02 14549084                   /usr/lib/jvm/java-11-openjdk-amd64/lib/libjava.so
7f7de46e8000-7f7de46e9000 r--p 00028000 08:02 14549084                   /usr/lib/jvm/java-11-openjdk-amd64/lib/libjava.so
7f7de46e9000-7f7de46eb000 rw-p 00029000 08:02 14549084                   /usr/lib/jvm/java-11-openjdk-amd64/lib/libjava.so
7f7de46eb000-7f7de46f8000 r-xp 00000000 08:02 14549104                   /usr/lib/jvm/java-11-openjdk-amd64/lib/libverify.so
7f7de46f8000-7f7de48f7000 ---p 0000d000 08:02 14549104                   /usr/lib/jvm/java-11-openjdk-amd64/lib/libverify.so
7f7de48f7000-7f7de48f9000 r--p 0000c000 08:02 14549104                   /usr/lib/jvm/java-11-openjdk-amd64/lib/libverify.so
7f7de48f9000-7f7de48fa000 rw-p 0000e000 08:02 14549104                   /usr/lib/jvm/java-11-openjdk-amd64/lib/libverify.so
7f7de48fa000-7f7de4901000 r-xp 00000000 08:02 6558507                    /lib/x86_64-linux-gnu/librt-2.27.so
7f7de4901000-7f7de4b00000 ---p 00007000 08:02 6558507                    /lib/x86_64-linux-gnu/librt-2.27.so
7f7de4b00000-7f7de4b01000 r--p 00006000 08:02 6558507                    /lib/x86_64-linux-gnu/librt-2.27.so
7f7de4b01000-7f7de4b02000 rw-p 00007000 08:02 6558507                    /lib/x86_64-linux-gnu/librt-2.27.so
7f7de4b02000-7f7de4b19000 r-xp 00000000 08:02 6555672                    /lib/x86_64-linux-gnu/libgcc_s.so.1
7f7de4b19000-7f7de4d18000 ---p 00017000 08:02 6555672                    /lib/x86_64-linux-gnu/libgcc_s.so.1
7f7de4d18000-7f7de4d19000 r--p 00016000 08:02 6555672                    /lib/x86_64-linux-gnu/libgcc_s.so.1
7f7de4d19000-7f7de4d1a000 rw-p 00017000 08:02 6555672                    /lib/x86_64-linux-gnu/libgcc_s.so.1
7f7de4d1a000-7f7de4eb7000 r-xp 00000000 08:02 6558429                    /lib/x86_64-linux-gnu/libm-2.27.so
7f7de4eb7000-7f7de50b6000 ---p 0019d000 08:02 6558429                    /lib/x86_64-linux-gnu/libm-2.27.so
7f7de50b6000-7f7de50b7000 r--p 0019c000 08:02 6558429                    /lib/x86_64-linux-gnu/libm-2.27.so
7f7de50b7000-7f7de50b8000 rw-p 0019d000 08:02 6558429                    /lib/x86_64-linux-gnu/libm-2.27.so
7f7de50b8000-7f7de5231000 r-xp 00000000 08:02 10760711                   /usr/lib/x86_64-linux-gnu/libstdc++.so.6.0.25
7f7de5231000-7f7de5431000 ---p 00179000 08:02 10760711                   /usr/lib/x86_64-linux-gnu/libstdc++.so.6.0.25
7f7de5431000-7f7de543b000 r--p 00179000 08:02 10760711                   /usr/lib/x86_64-linux-gnu/libstdc++.so.6.0.25
7f7de543b000-7f7de543d000 rw-p 00183000 08:02 10760711                   /usr/lib/x86_64-linux-gnu/libstdc++.so.6.0.25
7f7de543d000-7f7de5441000 rw-p 00000000 00:00 0 
7f7de5441000-7f7de650d000 r-xp 00000000 08:02 14549109                   /usr/lib/jvm/java-11-openjdk-amd64/lib/server/libjvm.so
7f7de650d000-7f7de670c000 ---p 010cc000 08:02 14549109                   /usr/lib/jvm/java-11-openjdk-amd64/lib/server/libjvm.so
7f7de670c000-7f7de67c9000 r--p 010cb000 08:02 14549109                   /usr/lib/jvm/java-11-openjdk-amd64/lib/server/libjvm.so
7f7de67c9000-7f7de6802000 rw-p 01188000 08:02 14549109                   /usr/lib/jvm/java-11-openjdk-amd64/lib/server/libjvm.so
7f7de6802000-7f7de6858000 rw-p 00000000 00:00 0 
7f7de6858000-7f7de6872000 r-xp 00000000 08:02 6558499                    /lib/x86_64-linux-gnu/libpthread-2.27.so
7f7de6872000-7f7de6a71000 ---p 0001a000 08:02 6558499                    /lib/x86_64-linux-gnu/libpthread-2.27.so
7f7de6a71000-7f7de6a72000 r--p 00019000 08:02 6558499                    /lib/x86_64-linux-gnu/libpthread-2.27.so
7f7de6a72000-7f7de6a73000 rw-p 0001a000 08:02 6558499                    /lib/x86_64-linux-gnu/libpthread-2.27.so
7f7de6a73000-7f7de6a77000 rw-p 00000000 00:00 0 
7f7de6a77000-7f7de6a7a000 r-xp 00000000 08:02 6558389                    /lib/x86_64-linux-gnu/libdl-2.27.so
7f7de6a7a000-7f7de6c79000 ---p 00003000 08:02 6558389                    /lib/x86_64-linux-gnu/libdl-2.27.so
7f7de6c79000-7f7de6c7a000 r--p 00002000 08:02 6558389                    /lib/x86_64-linux-gnu/libdl-2.27.so
7f7de6c7a000-7f7de6c7b000 rw-p 00003000 08:02 6558389                    /lib/x86_64-linux-gnu/libdl-2.27.so
7f7de6c7b000-7f7de6c97000 r-xp 00000000 08:02 6558538                    /lib/x86_64-linux-gnu/libz.so.1.2.11
7f7de6c97000-7f7de6e96000 ---p 0001c000 08:02 6558538                    /lib/x86_64-linux-gnu/libz.so.1.2.11
7f7de6e96000-7f7de6e97000 r--p 0001b000 08:02 6558538                    /lib/x86_64-linux-gnu/libz.so.1.2.11
7f7de6e97000-7f7de6e98000 rw-p 0001c000 08:02 6558538                    /lib/x86_64-linux-gnu/libz.so.1.2.11
7f7de6e98000-7f7de707f000 r-xp 00000000 08:02 6558366                    /lib/x86_64-linux-gnu/libc-2.27.so
7f7de707f000-7f7de727f000 ---p 001e7000 08:02 6558366                    /lib/x86_64-linux-gnu/libc-2.27.so
7f7de727f000-7f7de7283000 r--p 001e7000 08:02 6558366                    /lib/x86_64-linux-gnu/libc-2.27.so
7f7de7283000-7f7de7285000 rw-p 001eb000 08:02 6558366                    /lib/x86_64-linux-gnu/libc-2.27.so
7f7de7285000-7f7de7289000 rw-p 00000000 00:00 0 
7f7de7289000-7f7de7299000 r-xp 00000000 08:02 14549068                   /usr/lib/jvm/java-11-openjdk-amd64/lib/jli/libjli.so
7f7de7299000-7f7de7498000 ---p 00010000 08:02 14549068                   /usr/lib/jvm/java-11-openjdk-amd64/lib/jli/libjli.so
7f7de7498000-7f7de7499000 r--p 0000f000 08:02 14549068                   /usr/lib/jvm/java-11-openjdk-amd64/lib/jli/libjli.so
7f7de7499000-7f7de749a000 rw-p 00010000 08:02 14549068                   /usr/lib/jvm/java-11-openjdk-amd64/lib/jli/libjli.so
7f7de749a000-7f7de74c1000 r-xp 00000000 08:02 6558338                    /lib/x86_64-linux-gnu/ld-2.27.so
7f7de751a000-7f7de7599000 rw-p 00000000 00:00 0 
7f7de7599000-7f7de759d000 ---p 00000000 00:00 0 
7f7de759d000-7f7de769c000 rw-p 00000000 00:00 0 
7f7de76a4000-7f7de76a9000 rw-p 00000000 00:00 0 
7f7de76a9000-7f7de76b3000 ---p 00000000 00:00 0 
7f7de76b3000-7f7de76b5000 r--s 00007000 08:02 11146480                   /usr/share/java/java-atk-wrapper.jar
7f7de76b5000-7f7de76bd000 rw-s 00000000 08:02 13369883                   /tmp/hsperfdata_jl/1956
7f7de76bd000-7f7de76be000 ---p 00000000 00:00 0 
7f7de76be000-7f7de76bf000 r--p 00000000 00:00 0 
7f7de76bf000-7f7de76c1000 rw-p 00000000 00:00 0 
7f7de76c1000-7f7de76c2000 r--p 00027000 08:02 6558338                    /lib/x86_64-linux-gnu/ld-2.27.so
7f7de76c2000-7f7de76c3000 rw-p 00028000 08:02 6558338                    /lib/x86_64-linux-gnu/ld-2.27.so
7f7de76c3000-7f7de76c4000 rw-p 00000000 00:00 0 
7ffca165a000-7ffca167d000 rw-p 00000000 00:00 0                          [stack]
7ffca17f9000-7ffca17fc000 r--p 00000000 00:00 0                          [vvar]
7ffca17fc000-7ffca17fe000 r-xp 00000000 00:00 0                          [vdso]
ffffffffff600000-ffffffffff601000 r-xp 00000000 00:00 0                  [vsyscall]


VM Arguments:
jvm_args: -XX:TieredStopAtLevel=1 -Xverify:none -Dspring.output.ansi.enabled=always -Dcom.sun.management.jmxremote -Dspring.jmx.enabled=true -Dspring.liveBeansView.mbeanDomain -Dspring.application.admin.enabled=true -javaagent:/home/jl/Downloads/idea-IU-192.5728.98/lib/idea_rt.jar=44571:/home/jl/Downloads/idea-IU-192.5728.98/bin -Dfile.encoding=UTF-8 
java_command: com.qo.InfoApplication
java_class_path (initial): /home/jl/Documents/spyyy/info/target/classes:/home/jl/.m2/repository/org/springframework/boot/spring-boot-starter-tomcat/2.1.6.RELEASE/spring-boot-starter-tomcat-2.1.6.RELEASE.jar:/home/jl/.m2/repository/javax/annotation/javax.annotation-api/1.3.2/javax.annotation-api-1.3.2.jar:/home/jl/.m2/repository/org/apache/tomcat/embed/tomcat-embed-core/9.0.21/tomcat-embed-core-9.0.21.jar:/home/jl/.m2/repository/org/apache/tomcat/embed/tomcat-embed-el/9.0.21/tomcat-embed-el-9.0.21.jar:/home/jl/.m2/repository/org/apache/tomcat/embed/tomcat-embed-websocket/9.0.21/tomcat-embed-websocket-9.0.21.jar:/home/jl/.m2/repository/org/apache/commons/commons-lang3/3.8.1/commons-lang3-3.8.1.jar:/home/jl/.m2/repository/org/springframework/boot/spring-boot-devtools/2.1.6.RELEASE/spring-boot-devtools-2.1.6.RELEASE.jar:/home/jl/.m2/repository/org/springframework/boot/spring-boot/2.1.6.RELEASE/spring-boot-2.1.6.RELEASE.jar:/home/jl/.m2/repository/org/springframework/spring-context/5.1.8.RELEASE/spring-context-5.1.8.RELEASE.jar:/home/jl/.m2/repository/org/springframework/boot/spring-boot-autoconfigure/2.1.6.RELEASE/spring-boot-autoconfigure-2.1.6.RELEASE.jar:/home/jl/.m2/repository/org/springframework/boot/spring-boot-starter/2.1.6.RELEASE/spring-boot-starter-2.1.6.RELEASE.jar:/home/jl/.m2/repository/org/springframework/boot/spring-boot-starter-logging/2.1.6.RELEASE/spring-boot-starter-logging-2.1.6.RELEASE.jar:/home/jl/.m2/repository/ch/qos/logback/logback-classic/1.2.3/logback-classic-1.2.3.jar:/home/jl/.m2/repository/ch/qos/logback/logback-core/1.2.3/logback-core-1.2.3.jar:/home/jl/.m2/repository/org/apache/logging/log4j/log4j-to-slf4j/2.11.2/log4j-to-slf4j-2.11.2.jar:/home/jl/.m2/repository/org/apache/logging/log4j/log4j-api/2.11.2/log4j-api-2.11.2.jar:/home/jl/.m2/repository/org/slf4j/jul-to-slf4j/1.7.26/jul-to-slf4j-1.7.26.jar:/home/jl/.m2/repository/org/yaml/snakeyaml/1.23/snakeyaml-1.23.jar:/home/jl/.m2/repository/org/slf4j/slf4j-api/1.7.26/slf4j-api-1.7.26.jar
Launcher Type: SUN_STANDARD

[Global flags]
     bool BytecodeVerificationLocal                = false                                     {product} {command line}
     bool BytecodeVerificationRemote               = false                                     {product} {command line}
     intx CICompilerCount                          = 4                                         {product} {ergonomic}
     uint ConcGCThreads                            = 2                                         {product} {ergonomic}
     uint G1ConcRefinementThreads                  = 8                                         {product} {ergonomic}
   size_t G1HeapRegionSize                         = 1048576                                   {product} {ergonomic}
    uintx GCDrainStackTargetSize                   = 64                                        {product} {ergonomic}
   size_t InitialHeapSize                          = 130023424                                 {product} {ergonomic}
     bool ManagementServer                         = true                                      {product} {command line}
   size_t MarkStackSize                            = 4194304                                   {product} {ergonomic}
   size_t MaxHeapSize                              = 2061500416                                {product} {ergonomic}
   size_t MaxNewSize                               = 1236271104                                {product} {ergonomic}
   size_t MinHeapDeltaBytes                        = 1048576                                   {product} {ergonomic}
    uintx NonNMethodCodeHeapSize                   = 7549744                                {pd product} {ergonomic}
    uintx NonProfiledCodeHeapSize                  = 244108496                              {pd product} {ergonomic}
    uintx ProfiledCodeHeapSize                     = 0                                      {pd product} {ergonomic}
    uintx ReservedCodeCacheSize                    = 251658240                              {pd product} {ergonomic}
     bool SegmentedCodeCache                       = true                                      {product} {ergonomic}
     intx TieredStopAtLevel                        = 1                                         {product} {command line}
     bool UseCompressedClassPointers               = true                                 {lp64_product} {ergonomic}
     bool UseCompressedOops                        = true                                 {lp64_product} {ergonomic}
     bool UseG1GC                                  = true                                      {product} {ergonomic}

Logging:
Log output configuration:
 #0: stdout all=warning uptime,level,tags
 #1: stderr all=off uptime,level,tags

Environment Variables:
PATH=/home/jl/.local/bin:/usr/local/sbin:/usr/local/bin:/usr/sbin:/usr/bin:/sbin:/bin:/usr/games:/usr/local/games:/snap/bin
USERNAME=jl
SHELL=/bin/bash
DISPLAY=:0

Signal Handlers:
SIGSEGV: [libjvm.so+0xde5f50], sa_mask[0]=11111111011111111101111111111110, sa_flags=SA_RESTART|SA_SIGINFO
SIGBUS: [libjvm.so+0xde5f50], sa_mask[0]=11111111011111111101111111111110, sa_flags=SA_RESTART|SA_SIGINFO
SIGFPE: [libjvm.so+0xde5f50], sa_mask[0]=11111111011111111101111111111110, sa_flags=SA_RESTART|SA_SIGINFO
SIGPIPE: [libjvm.so+0xbba5b0], sa_mask[0]=11111111011111111101111111111110, sa_flags=SA_RESTART|SA_SIGINFO
SIGXFSZ: [libjvm.so+0xbba5b0], sa_mask[0]=11111111011111111101111111111110, sa_flags=SA_RESTART|SA_SIGINFO
SIGILL: [libjvm.so+0xde5f50], sa_mask[0]=11111111011111111101111111111110, sa_flags=SA_RESTART|SA_SIGINFO
SIGUSR2: [libjvm.so+0xbba450], sa_mask[0]=00100000000000000000000000000000, sa_flags=SA_RESTART|SA_SIGINFO
SIGHUP: [libjvm.so+0xbba7b0], sa_mask[0]=11111111011111111101111111111110, sa_flags=SA_RESTART|SA_SIGINFO
SIGINT: [libjvm.so+0xbba7b0], sa_mask[0]=11111111011111111101111111111110, sa_flags=SA_RESTART|SA_SIGINFO
SIGTERM: [libjvm.so+0xbba7b0], sa_mask[0]=11111111011111111101111111111110, sa_flags=SA_RESTART|SA_SIGINFO
SIGQUIT: [libjvm.so+0xbba7b0], sa_mask[0]=11111111011111111101111111111110, sa_flags=SA_RESTART|SA_SIGINFO


---------------  S Y S T E M  ---------------

OS:DISTRIB_ID=Ubuntu
DISTRIB_RELEASE=18.04
DISTRIB_CODENAME=bionic
DISTRIB_DESCRIPTION="Ubuntu 18.04.3 LTS"
uname:Linux 4.15.0-60-generic #67-Ubuntu SMP Thu Aug 22 16:55:30 UTC 2019 x86_64
libc:glibc 2.27 NPTL 2.27 
rlimit: STACK 8192k, CORE 0k, NPROC 30555, NOFILE 1048576, AS infinity, DATA infinity, FSIZE infinity
load average:60.52 43.27 25.47

/proc/meminfo:
MemTotal:        8051620 kB
MemFree:          106780 kB
MemAvailable:      62684 kB
Buffers:             672 kB
Cached:           710684 kB
SwapCached:         1024 kB
Active:          6544236 kB
Inactive:         836508 kB
Active(anon):    6527140 kB
Inactive(anon):   815872 kB
Active(file):      17096 kB
Inactive(file):    20636 kB
Unevictable:         112 kB
Mlocked:             112 kB
SwapTotal:       2097148 kB
SwapFree:              0 kB
Dirty:                 0 kB
Writeback:           132 kB
AnonPages:       6668640 kB
Mapped:            48632 kB
Shmem:            673432 kB
Slab:             270784 kB
SReclaimable:     153628 kB
SUnreclaim:       117156 kB
KernelStack:       33040 kB
PageTables:       137888 kB
NFS_Unstable:          0 kB
Bounce:                0 kB
WritebackTmp:          0 kB
CommitLimit:     6122956 kB
Committed_AS:   22001508 kB
VmallocTotal:   34359738367 kB
VmallocUsed:           0 kB
VmallocChunk:          0 kB
HardwareCorrupted:     0 kB
AnonHugePages:         0 kB
ShmemHugePages:        0 kB
ShmemPmdMapped:        0 kB
CmaTotal:              0 kB
CmaFree:               0 kB
HugePages_Total:       0
HugePages_Free:        0
HugePages_Rsvd:        0
HugePages_Surp:        0
Hugepagesize:       2048 kB
DirectMap4k:      529012 kB
DirectMap2M:     7743488 kB
DirectMap1G:           0 kB


/proc/sys/kernel/threads-max (system-wide limit on the number of threads):
61110


/proc/sys/vm/max_map_count (maximum number of memory map areas a process may have):
65530


/proc/sys/kernel/pid_max (system-wide limit on number of process identifiers):
32768



container (cgroup) information:
container_type: cgroupv1
cpu_cpuset_cpus: 0-7
cpu_memory_nodes: 0
active_processor_count: 8
cpu_quota: -1
cpu_period: 100000
cpu_shares: -1
memory_limit_in_bytes: -1
memory_and_swap_limit_in_bytes: -2
memory_soft_limit_in_bytes: -1
memory_usage_in_bytes: 7555911680
memory_max_usage_in_bytes: 59097088

Steal ticks since vm start: 0
Steal ticks percentage since vm start:  0.000

CPU:total 8 (initial active 8) (4 cores per cpu, 2 threads per core) family 6 model 142 stepping 10, cmov, cx8, fxsr, mmx, sse, sse2, sse3, ssse3, sse4.1, sse4.2, popcnt, avx, avx2, aes, clmul, erms, 3dnowpref, lzcnt, ht, tsc, tscinvbit, bmi1, bmi2, adx, fma
CPU Model and flags from /proc/cpuinfo:
model name	: Intel(R) Core(TM) i7-8550U CPU @ 1.80GHz
flags		: fpu vme de pse tsc msr pae mce cx8 apic sep mtrr pge mca cmov pat pse36 clflush dts acpi mmx fxsr sse sse2 ss ht tm pbe syscall nx pdpe1gb rdtscp lm constant_tsc art arch_perfmon pebs bts rep_good nopl xtopology nonstop_tsc cpuid aperfmperf tsc_known_freq pni pclmulqdq dtes64 monitor ds_cpl vmx est tm2 ssse3 sdbg fma cx16 xtpr pdcm pcid sse4_1 sse4_2 x2apic movbe popcnt tsc_deadline_timer aes xsave avx f16c rdrand lahf_lm abm 3dnowprefetch cpuid_fault epb invpcid_single pti ssbd ibrs ibpb stibp tpr_shadow vnmi flexpriority ept vpid fsgsbase tsc_adjust bmi1 avx2 smep bmi2 erms invpcid mpx rdseed adx smap clflushopt intel_pt xsaveopt xsavec xgetbv1 xsaves dtherm ida arat pln pts hwp hwp_notify hwp_act_window hwp_epp md_clear flush_l1d

Memory: 4k page, physical 8051620k(106196k free), swap 2097148k(0k free)

vm_info: OpenJDK 64-Bit Server VM (11.0.4+11-post-Ubuntu-1ubuntu218.04.3) for linux-amd64 JRE (11.0.4+11-post-Ubuntu-1ubuntu218.04.3), built on Jul 18 2019 18:21:46 by "buildd" with gcc 7.4.0

END.
