#
# There is insufficient memory for the Java Runtime Environment to continue.
# Native memory allocation (mmap) failed to map 363855872 bytes for committing reserved memory.
# Possible reasons:
#   The system is out of physical RAM or swap space
#   The process is running with CompressedOops enabled, and the Java Heap may be blocking the growth of the native heap
# Possible solutions:
#   Reduce memory load on the system
#   Increase physical memory or swap space
#   Check if swap backing store is full
#   Decrease Java heap size (-Xmx/-Xms)
#   Decrease number of Java threads
#   Decrease Java thread stack sizes (-Xss)
#   Set larger code cache with -XX:ReservedCodeCacheSize=
#   JVM is running with Unscaled Compressed Oops mode in which the Java heap is
#     placed in the first 4GB address space. The Java Heap base address is the
#     maximum limit for the native heap growth. Please use -XX:HeapBaseMinAddress
#     to set the Java Heap base and to place the Java Heap above 4GB virtual address.
# This output file may be truncated or incomplete.
#
#  Out of Memory Error (os_linux.cpp:2893), pid=6831, tid=6845
#
# JRE version: OpenJDK Runtime Environment (11.0.4+11) (build 11.0.4+11-post-Ubuntu-1ubuntu218.04.3)
# Java VM: OpenJDK 64-Bit Server VM (11.0.4+11-post-Ubuntu-1ubuntu218.04.3, mixed mode, sharing, tiered, compressed oops, g1 gc, linux-amd64)
# Core dump will be written. Default location: Core dumps may be processed with "/usr/share/apport/apport %p %s %c %d %P" (or dumping to /home/jl/Documents/spyyy/info/core.6831)
#

---------------  S U M M A R Y ------------

Command Line: -XX:TieredStopAtLevel=1 -Xverify:none -Dspring.output.ansi.enabled=always -Dcom.sun.management.jmxremote -Dspring.jmx.enabled=true -Dspring.liveBeansView.mbeanDomain -Dspring.application.admin.enabled=true -javaagent:/home/jl/Downloads/idea-IU-192.5728.98/lib/idea_rt.jar=38269:/home/jl/Downloads/idea-IU-192.5728.98/bin -Dfile.encoding=UTF-8 com.qo.InfoApplication

Host: Intel(R) Core(TM) i7-8550U CPU @ 1.80GHz, 8 cores, 7G, Ubuntu 18.04.3 LTS
Time: Mon Sep  2 14:28:40 2019 EAT elapsed time: 82 seconds (0d 0h 1m 22s)

---------------  T H R E A D  ---------------

Current thread (0x00007f29cc180800):  VMThread "VM Thread" [stack: 0x00007f29a8221000,0x00007f29a8321000] [id=6845]

Stack: [0x00007f29a8221000,0x00007f29a8321000],  sp=0x00007f29a831eff0,  free space=1015k
Native frames: (J=compiled Java code, A=aot compiled Java code, j=interpreted, Vv=VM code, C=native code)
V  [libjvm.so+0xde4547]
V  [libjvm.so+0xde519b]
V  [libjvm.so+0x6511a5]
V  [libjvm.so+0xbbed38]
V  [libjvm.so+0xbb5ebd]
V  [libjvm.so+0x76f53f]
V  [libjvm.so+0x76f7ae]
V  [libjvm.so+0x77b820]
V  [libjvm.so+0x7f6969]
V  [libjvm.so+0x7f75c2]
V  [libjvm.so+0x7f7a29]
V  [libjvm.so+0x72de6f]
V  [libjvm.so+0x732b6a]
V  [libjvm.so+0xdf01e1]
V  [libjvm.so+0xdeeda8]
V  [libjvm.so+0xdec5e6]
V  [libjvm.so+0xdecaf0]
V  [libjvm.so+0xdecf23]
V  [libjvm.so+0xd7aeea]
V  [libjvm.so+0xbc4a5e]

VM_Operation (0x00007f291b1f7b20): G1CollectForAllocation, mode: safepoint, requested by thread 0x00007f295928f000


---------------  P R O C E S S  ---------------

Threads class SMR info:
_java_thread_list=0x00007f28fc000b20, length=39, elements={
0x00007f29cc183800, 0x00007f29cc185800, 0x00007f29cc18c000, 0x00007f29cc18e000,
0x00007f29cc190000, 0x00007f29cc1c5800, 0x00007f29cc4ca800, 0x00007f29cc4cb800,
0x00007f29cc5a2800, 0x00007f2984001000, 0x00007f2984003000, 0x00007f2970001800,
0x00007f2930015800, 0x00007f2970003000, 0x00007f294c300800, 0x00007f2970004000,
0x00007f295884f800, 0x00007f2914002000, 0x00007f2958854000, 0x00007f2958864000,
0x00007f2958949800, 0x00007f295928f000, 0x00007f2959293000, 0x00007f295929f000,
0x00007f29592a3000, 0x00007f29592a4800, 0x00007f29592a6800, 0x00007f29592a8800,
0x00007f29592aa000, 0x00007f29592ac800, 0x00007f29592ae800, 0x00007f29592b0800,
0x00007f29592b2800, 0x00007f29592b4800, 0x00007f29592ba800, 0x00007f29592bd800,
0x00007f29cc015000, 0x00007f2970005800, 0x00007f2970007800
}

Java Threads: ( => current thread )
  0x00007f29cc183800 JavaThread "Reference Handler" daemon [_thread_blocked, id=6847, stack(0x00007f29a811e000,0x00007f29a821f000)]
  0x00007f29cc185800 JavaThread "Finalizer" daemon [_thread_blocked, id=6849, stack(0x00007f29a801d000,0x00007f29a811e000)]
  0x00007f29cc18c000 JavaThread "Signal Dispatcher" daemon [_thread_blocked, id=6851, stack(0x00007f298b52f000,0x00007f298b630000)]
  0x00007f29cc18e000 JavaThread "C1 CompilerThread0" daemon [_thread_blocked, id=6852, stack(0x00007f298b42e000,0x00007f298b52f000)]
  0x00007f29cc190000 JavaThread "Sweeper thread" daemon [_thread_blocked, id=6856, stack(0x00007f298b32d000,0x00007f298b42e000)]
  0x00007f29cc1c5800 JavaThread "Common-Cleaner" daemon [_thread_blocked, id=6860, stack(0x00007f298b22c000,0x00007f298b32d000)]
  0x00007f29cc4ca800 JavaThread "Monitor Ctrl-Break" daemon [_thread_in_native, id=6866, stack(0x00007f298ad03000,0x00007f298ae04000)]
  0x00007f29cc4cb800 JavaThread "Service Thread" daemon [_thread_blocked, id=6867, stack(0x00007f298ac02000,0x00007f298ad03000)]
  0x00007f29cc5a2800 JavaThread "RMI TCP Accept-0" daemon [_thread_in_native, id=6868, stack(0x00007f298a4f3000,0x00007f298a5f4000)]
  0x00007f2984001000 JavaThread "Attach Listener" daemon [_thread_blocked, id=6888, stack(0x00007f29892db000,0x00007f29893dc000)]
  0x00007f2984003000 JavaThread "Attach Listener" daemon [_thread_blocked, id=6889, stack(0x00007f29891da000,0x00007f29892db000)]
  0x00007f2970001800 JavaThread "RMI TCP Connection(idle)" daemon [_thread_blocked, id=6891, stack(0x00007f2988cd9000,0x00007f2988dda000)]
  0x00007f2930015800 JavaThread "RMI Scheduler(0)" daemon [_thread_blocked, id=6892, stack(0x00007f2988bd8000,0x00007f2988cd9000)]
  0x00007f2970003000 JavaThread "RMI TCP Connection(2)-127.0.0.1" daemon [_thread_blocked, id=6904, stack(0x00007f2989de8000,0x00007f2989ee9000)]
  0x00007f294c300800 JavaThread "JMX server connection timeout 26" daemon [_thread_blocked, id=6905, stack(0x00007f2988ad7000,0x00007f2988bd8000)]
  0x00007f2970004000 JavaThread "RMI TCP Connection(idle)" daemon [_thread_blocked, id=6929, stack(0x00007f29886d4000,0x00007f29887d5000)]
  0x00007f295884f800 JavaThread "Catalina-utility-1" [_thread_blocked, id=6932, stack(0x00007f291beff000,0x00007f291c000000)]
  0x00007f2914002000 JavaThread "Catalina-utility-2" [_thread_blocked, id=6933, stack(0x00007f291bbfe000,0x00007f291bcff000)]
  0x00007f2958854000 JavaThread "container-0" [_thread_blocked, id=6934, stack(0x00007f291bafd000,0x00007f291bbfe000)]
  0x00007f2958864000 JavaThread "mysql-cj-abandoned-connection-cleanup" daemon [_thread_blocked, id=6935, stack(0x00007f291b9fc000,0x00007f291bafd000)]
  0x00007f2958949800 JavaThread "HikariPool-1 housekeeper" daemon [_thread_blocked, id=6939, stack(0x00007f291b8fb000,0x00007f291b9fc000)]
  0x00007f295928f000 JavaThread "File Watcher" daemon [_thread_blocked, id=6969, stack(0x00007f291b0f9000,0x00007f291b1fa000)]
  0x00007f2959293000 JavaThread "Live Reload Server" daemon [_thread_in_native, id=6973, stack(0x00007f291a0f7000,0x00007f291a1f8000)]
  0x00007f295929f000 JavaThread "http-nio-8080-BlockPoller" daemon [_thread_blocked, id=6974, stack(0x00007f291a1f8000,0x00007f291a2f9000)]
  0x00007f29592a3000 JavaThread "http-nio-8080-exec-1" daemon [_thread_blocked, id=6975, stack(0x00007f2919ff6000,0x00007f291a0f7000)]
  0x00007f29592a4800 JavaThread "http-nio-8080-exec-2" daemon [_thread_blocked, id=6976, stack(0x00007f2919ef5000,0x00007f2919ff6000)]
  0x00007f29592a6800 JavaThread "http-nio-8080-exec-3" daemon [_thread_blocked, id=6977, stack(0x00007f2919df4000,0x00007f2919ef5000)]
  0x00007f29592a8800 JavaThread "http-nio-8080-exec-4" daemon [_thread_blocked, id=6978, stack(0x00007f2919cf3000,0x00007f2919df4000)]
  0x00007f29592aa000 JavaThread "http-nio-8080-exec-5" daemon [_thread_blocked, id=6979, stack(0x00007f2919bf2000,0x00007f2919cf3000)]
  0x00007f29592ac800 JavaThread "http-nio-8080-exec-6" daemon [_thread_blocked, id=6980, stack(0x00007f2919af1000,0x00007f2919bf2000)]
  0x00007f29592ae800 JavaThread "http-nio-8080-exec-7" daemon [_thread_blocked, id=6981, stack(0x00007f29199f0000,0x00007f2919af1000)]
  0x00007f29592b0800 JavaThread "http-nio-8080-exec-8" daemon [_thread_blocked, id=6982, stack(0x00007f29198ef000,0x00007f29199f0000)]
  0x00007f29592b2800 JavaThread "http-nio-8080-exec-9" daemon [_thread_blocked, id=6983, stack(0x00007f29197ee000,0x00007f29198ef000)]
  0x00007f29592b4800 JavaThread "http-nio-8080-exec-10" daemon [_thread_blocked, id=6984, stack(0x00007f29196ed000,0x00007f29197ee000)]
  0x00007f29592ba800 JavaThread "http-nio-8080-ClientPoller" daemon [_thread_blocked, id=6985, stack(0x00007f29195ec000,0x00007f29196ed000)]
  0x00007f29592bd800 JavaThread "http-nio-8080-Acceptor" daemon [_thread_in_native, id=6986, stack(0x00007f29194eb000,0x00007f29195ec000)]
  0x00007f29cc015000 JavaThread "DestroyJavaVM" [_thread_blocked, id=6832, stack(0x00007f29d424f000,0x00007f29d4350000)]
  0x00007f2970005800 JavaThread "RMI TCP Connection(idle)" daemon [_thread_blocked, id=6991, stack(0x00007f29193ea000,0x00007f29194eb000)]
  0x00007f2970007800 JavaThread "RMI TCP Connection(7)-127.0.0.1" daemon [_thread_in_native, id=6992, stack(0x00007f29192e9000,0x00007f29193ea000)]

Other Threads:
=>0x00007f29cc180800 VMThread "VM Thread" [stack: 0x00007f29a8221000,0x00007f29a8321000] [id=6845]
  0x00007f29cc5a9000 WatcherThread [stack: 0x00007f298a3f3000,0x00007f298a4f3000] [id=6869]
  0x00007f29cc02b000 GCTaskThread "GC Thread#0" [stack: 0x00007f29d0049000,0x00007f29d0149000] [id=6835]
  0x00007f2998001000 GCTaskThread "GC Thread#1" [stack: 0x00007f298a2f1000,0x00007f298a3f1000] [id=6870]
  0x00007f2998002800 GCTaskThread "GC Thread#2" [stack: 0x00007f298a1ef000,0x00007f298a2ef000] [id=6871]
  0x00007f2998005800 GCTaskThread "GC Thread#3" [stack: 0x00007f2989ae8000,0x00007f2989be8000] [id=6882]
  0x00007f2998007000 GCTaskThread "GC Thread#4" [stack: 0x00007f29899e6000,0x00007f2989ae6000] [id=6883]
  0x00007f2998008800 GCTaskThread "GC Thread#5" [stack: 0x00007f29898e4000,0x00007f29899e4000] [id=6884]
  0x00007f299800a000 GCTaskThread "GC Thread#6" [stack: 0x00007f29897e2000,0x00007f29898e2000] [id=6885]
  0x00007f299800c000 GCTaskThread "GC Thread#7" [stack: 0x00007f29896e0000,0x00007f29897e0000] [id=6886]
  0x00007f29cc05c800 ConcurrentGCThread "G1 Main Marker" [stack: 0x00007f29b404e000,0x00007f29b414e000] [id=6838]
  0x00007f29cc05e000 ConcurrentGCThread "G1 Conc#0" [stack: 0x00007f29ab60b000,0x00007f29ab70b000] [id=6840]
  0x00007f29a4001000 ConcurrentGCThread "G1 Conc#1" [stack: 0x00007f29887d7000,0x00007f29888d7000] [id=6910]
  0x00007f29cc0e6800 ConcurrentGCThread "G1 Refine#0" [stack: 0x00007f29a8d01000,0x00007f29a8e01000] [id=6842]
  0x00007f29a0001000 ConcurrentGCThread "G1 Refine#1" [stack: 0x00007f298a0ed000,0x00007f298a1ed000] [id=6872]
  0x00007f2960001000 ConcurrentGCThread "G1 Refine#2" [stack: 0x00007f29895de000,0x00007f29896de000] [id=6887]
  0x00007f29cc0e8800 ConcurrentGCThread "G1 Young RemSet Sampling" [stack: 0x00007f29a8bff000,0x00007f29a8cff000] [id=6844]

Threads with active compile tasks:
C1 CompilerThread06343       1       java.lang.invoke.VarHandleObjects$FieldInstanceReadWrite::set (30 bytes)

VM state:at safepoint (normal execution)

VM Mutex/Monitor currently owned by a thread:  ([mutex/lock_event])
[0x00007f29cc010d60] Threads_lock - owner thread: 0x00007f29cc180800
[0x00007f29cc0114b0] Heap_lock - owner thread: 0x00007f295928f000

Heap address: 0x0000000085200000, size: 1966 MB, Compressed Oops mode: 32-bit
Narrow klass base: 0x0000000800000000, Narrow klass shift: 3
Compressed class space size: 1073741824 Address: 0x0000000840000000

Heap:
 garbage-first heap   total 568320K, used 39306K [0x0000000085200000, 0x0000000100000000)
  region size 1024K, 2 young (2048K), 2 survivors (2048K)
 Metaspace       used 52203K, capacity 53932K, committed 54008K, reserved 1095680K
  class space    used 7235K, capacity 7898K, committed 7928K, reserved 1048576K
Heap Regions: E=young(eden), S=young(survivor), O=old, HS=humongous(starts), HC=humongous(continues), CS=collection set, F=free, A=archive, TAMS=top-at-mark-start (previous, next)
|   0|0x0000000085200000, 0x0000000085300000, 0x0000000085300000|100%|HS|  |TAMS 0x0000000085300000, 0x0000000085200000| Complete 
|   1|0x0000000085300000, 0x0000000085400000, 0x0000000085400000|100%| O|  |TAMS 0x0000000085400000, 0x0000000085300000| Untracked 
|   2|0x0000000085400000, 0x0000000085500000, 0x0000000085500000|100%| O|  |TAMS 0x0000000085500000, 0x0000000085400000| Untracked 
|   3|0x0000000085500000, 0x0000000085600000, 0x0000000085600000|100%| O|  |TAMS 0x0000000085600000, 0x0000000085500000| Untracked 
|   4|0x0000000085600000, 0x0000000085700000, 0x0000000085700000|100%| O|  |TAMS 0x0000000085700000, 0x0000000085600000| Untracked 
|   5|0x0000000085700000, 0x0000000085800000, 0x0000000085800000|100%| O|  |TAMS 0x0000000085800000, 0x0000000085700000| Untracked 
|   6|0x0000000085800000, 0x0000000085900000, 0x0000000085900000|100%| O|  |TAMS 0x0000000085900000, 0x0000000085800000| Untracked 
|   7|0x0000000085900000, 0x0000000085a00000, 0x0000000085a00000|100%| O|  |TAMS 0x0000000085a00000, 0x0000000085900000| Untracked 
|   8|0x0000000085a00000, 0x0000000085b00000, 0x0000000085b00000|100%| O|  |TAMS 0x0000000085b00000, 0x0000000085a00000| Untracked 
|   9|0x0000000085b00000, 0x0000000085c00000, 0x0000000085c00000|100%| O|  |TAMS 0x0000000085c00000, 0x0000000085b00000| Untracked 
|  10|0x0000000085c00000, 0x0000000085d00000, 0x0000000085d00000|100%| O|  |TAMS 0x0000000085d00000, 0x0000000085c00000| Untracked 
|  11|0x0000000085d00000, 0x0000000085e00000, 0x0000000085e00000|100%| O|  |TAMS 0x0000000085d85200, 0x0000000085d00000| Untracked 
|  12|0x0000000085e00000, 0x0000000085f00000, 0x0000000085f00000|100%| O|  |TAMS 0x0000000085e00000, 0x0000000085e00000| Untracked 
|  13|0x0000000085f00000, 0x0000000086000000, 0x0000000086000000|100%| O|  |TAMS 0x0000000085f00000, 0x0000000085f00000| Untracked 
|  14|0x0000000086000000, 0x0000000086100000, 0x0000000086100000|100%| O|  |TAMS 0x0000000086000000, 0x0000000086000000| Untracked 
|  15|0x0000000086100000, 0x0000000086200000, 0x0000000086200000|100%| O|  |TAMS 0x0000000086100000, 0x0000000086100000| Untracked 
|  16|0x0000000086200000, 0x0000000086300000, 0x0000000086300000|100%| O|  |TAMS 0x0000000086200000, 0x0000000086200000| Untracked 
|  17|0x0000000086300000, 0x0000000086400000, 0x0000000086400000|100%| O|  |TAMS 0x0000000086300000, 0x0000000086300000| Untracked 
|  18|0x0000000086400000, 0x0000000086500000, 0x0000000086500000|100%| O|  |TAMS 0x0000000086400000, 0x0000000086400000| Untracked 
|  19|0x0000000086500000, 0x0000000086600000, 0x0000000086600000|100%| O|  |TAMS 0x0000000086500000, 0x0000000086500000| Untracked 
|  20|0x0000000086600000, 0x0000000086700000, 0x0000000086700000|100%| O|  |TAMS 0x0000000086600000, 0x0000000086600000| Untracked 
|  21|0x0000000086700000, 0x0000000086800000, 0x0000000086800000|100%| O|  |TAMS 0x0000000086700000, 0x0000000086700000| Untracked 
|  22|0x0000000086800000, 0x0000000086900000, 0x0000000086900000|100%| O|  |TAMS 0x0000000086800000, 0x0000000086800000| Untracked 
|  23|0x0000000086900000, 0x0000000086a00000, 0x0000000086a00000|100%| O|  |TAMS 0x0000000086900000, 0x0000000086900000| Untracked 
|  24|0x0000000086a00000, 0x0000000086b00000, 0x0000000086b00000|100%| O|  |TAMS 0x0000000086a00000, 0x0000000086a00000| Untracked 
|  25|0x0000000086b00000, 0x0000000086c00000, 0x0000000086c00000|100%| O|  |TAMS 0x0000000086b00000, 0x0000000086b00000| Untracked 
|  26|0x0000000086c00000, 0x0000000086d00000, 0x0000000086d00000|100%| O|  |TAMS 0x0000000086c00000, 0x0000000086c00000| Untracked 
|  27|0x0000000086d00000, 0x0000000086e00000, 0x0000000086e00000|100%| O|  |TAMS 0x0000000086d00000, 0x0000000086d00000| Untracked 
|  28|0x0000000086e00000, 0x0000000086f00000, 0x0000000086f00000|100%| O|  |TAMS 0x0000000086e00000, 0x0000000086e00000| Untracked 
|  29|0x0000000086f00000, 0x0000000087000000, 0x0000000087000000|100%| O|  |TAMS 0x0000000086f00000, 0x0000000086f00000| Untracked 
|  30|0x0000000087000000, 0x0000000087100000, 0x0000000087100000|100%| O|  |TAMS 0x0000000087000000, 0x0000000087000000| Untracked 
|  31|0x0000000087100000, 0x0000000087200000, 0x0000000087200000|100%| O|  |TAMS 0x0000000087100000, 0x0000000087100000| Untracked 
|  32|0x0000000087200000, 0x0000000087300000, 0x0000000087300000|100%| O|  |TAMS 0x0000000087200000, 0x0000000087200000| Untracked 
|  33|0x0000000087300000, 0x0000000087400000, 0x0000000087400000|100%| O|  |TAMS 0x0000000087300000, 0x0000000087300000| Untracked 
|  34|0x0000000087400000, 0x0000000087500000, 0x0000000087500000|100%| O|  |TAMS 0x0000000087400000, 0x0000000087400000| Untracked 
|  35|0x0000000087500000, 0x00000000875c4800, 0x0000000087600000| 76%| O|  |TAMS 0x0000000087500000, 0x0000000087500000| Untracked 
|  36|0x0000000087600000, 0x0000000087600000, 0x0000000087700000|  0%| F|  |TAMS 0x0000000087600000, 0x0000000087600000| Untracked 
|  37|0x0000000087700000, 0x0000000087700000, 0x0000000087800000|  0%| F|  |TAMS 0x0000000087700000, 0x0000000087700000| Untracked 
|  38|0x0000000087800000, 0x0000000087800000, 0x0000000087900000|  0%| F|  |TAMS 0x0000000087800000, 0x0000000087800000| Untracked 
|  39|0x0000000087900000, 0x0000000087900000, 0x0000000087a00000|  0%| F|  |TAMS 0x0000000087900000, 0x0000000087900000| Untracked 
|  40|0x0000000087a00000, 0x0000000087a00000, 0x0000000087b00000|  0%| F|  |TAMS 0x0000000087a00000, 0x0000000087a00000| Untracked 
|  41|0x0000000087b00000, 0x0000000087b00000, 0x0000000087c00000|  0%| F|  |TAMS 0x0000000087b00000, 0x0000000087b00000| Untracked 
|  42|0x0000000087c00000, 0x0000000087c00000, 0x0000000087d00000|  0%| F|  |TAMS 0x0000000087c00000, 0x0000000087c00000| Untracked 
|  43|0x0000000087d00000, 0x0000000087d00000, 0x0000000087e00000|  0%| F|  |TAMS 0x0000000087d00000, 0x0000000087d00000| Untracked 
|  44|0x0000000087e00000, 0x0000000087e00000, 0x0000000087f00000|  0%| F|  |TAMS 0x0000000087e00000, 0x0000000087e00000| Untracked 
|  45|0x0000000087f00000, 0x0000000087f00000, 0x0000000088000000|  0%| F|  |TAMS 0x0000000087f00000, 0x0000000087f00000| Untracked 
|  46|0x0000000088000000, 0x0000000088000000, 0x0000000088100000|  0%| F|  |TAMS 0x0000000088000000, 0x0000000088000000| Untracked 
|  47|0x0000000088100000, 0x0000000088100000, 0x0000000088200000|  0%| F|  |TAMS 0x0000000088100000, 0x0000000088100000| Untracked 
|  48|0x0000000088200000, 0x0000000088200000, 0x0000000088300000|  0%| F|  |TAMS 0x0000000088200000, 0x0000000088200000| Untracked 
|  49|0x0000000088300000, 0x0000000088300000, 0x0000000088400000|  0%| F|  |TAMS 0x0000000088300000, 0x0000000088300000| Untracked 
|  50|0x0000000088400000, 0x0000000088400000, 0x0000000088500000|  0%| F|  |TAMS 0x0000000088400000, 0x0000000088400000| Untracked 
|  51|0x0000000088500000, 0x0000000088500000, 0x0000000088600000|  0%| F|  |TAMS 0x0000000088500000, 0x0000000088500000| Untracked 
|  52|0x0000000088600000, 0x0000000088600000, 0x0000000088700000|  0%| F|  |TAMS 0x0000000088600000, 0x0000000088600000| Untracked 
|  53|0x0000000088700000, 0x0000000088700000, 0x0000000088800000|  0%| F|  |TAMS 0x0000000088700000, 0x0000000088700000| Untracked 
|  54|0x0000000088800000, 0x0000000088800000, 0x0000000088900000|  0%| F|  |TAMS 0x0000000088800000, 0x0000000088800000| Untracked 
|  55|0x0000000088900000, 0x0000000088900000, 0x0000000088a00000|  0%| F|  |TAMS 0x0000000088900000, 0x0000000088900000| Untracked 
|  56|0x0000000088a00000, 0x0000000088a00000, 0x0000000088b00000|  0%| F|  |TAMS 0x0000000088a00000, 0x0000000088a00000| Untracked 
|  57|0x0000000088b00000, 0x0000000088b00000, 0x0000000088c00000|  0%| F|  |TAMS 0x0000000088b00000, 0x0000000088b00000| Untracked 
|  58|0x0000000088c00000, 0x0000000088c00000, 0x0000000088d00000|  0%| F|  |TAMS 0x0000000088c00000, 0x0000000088c00000| Untracked 
|  59|0x0000000088d00000, 0x0000000088d00000, 0x0000000088e00000|  0%| F|  |TAMS 0x0000000088d00000, 0x0000000088d00000| Untracked 
|  60|0x0000000088e00000, 0x0000000088e00000, 0x0000000088f00000|  0%| F|  |TAMS 0x0000000088e00000, 0x0000000088e00000| Untracked 
|  61|0x0000000088f00000, 0x0000000088f00000, 0x0000000089000000|  0%| F|  |TAMS 0x0000000088f00000, 0x0000000088f00000| Untracked 
|  62|0x0000000089000000, 0x0000000089000000, 0x0000000089100000|  0%| F|  |TAMS 0x0000000089000000, 0x0000000089000000| Untracked 
|  63|0x0000000089100000, 0x0000000089100000, 0x0000000089200000|  0%| F|  |TAMS 0x0000000089100000, 0x0000000089100000| Untracked 
|  64|0x0000000089200000, 0x0000000089200000, 0x0000000089300000|  0%| F|  |TAMS 0x0000000089200000, 0x0000000089200000| Untracked 
|  65|0x0000000089300000, 0x0000000089300000, 0x0000000089400000|  0%| F|  |TAMS 0x0000000089300000, 0x0000000089300000| Untracked 
|  66|0x0000000089400000, 0x0000000089400000, 0x0000000089500000|  0%| F|  |TAMS 0x0000000089400000, 0x0000000089400000| Untracked 
|  67|0x0000000089500000, 0x0000000089500000, 0x0000000089600000|  0%| F|  |TAMS 0x0000000089500000, 0x0000000089500000| Untracked 
|  68|0x0000000089600000, 0x0000000089600000, 0x0000000089700000|  0%| F|  |TAMS 0x0000000089600000, 0x0000000089600000| Untracked 
|  69|0x0000000089700000, 0x0000000089700000, 0x0000000089800000|  0%| F|  |TAMS 0x0000000089700000, 0x0000000089700000| Untracked 
|  70|0x0000000089800000, 0x0000000089800000, 0x0000000089900000|  0%| F|  |TAMS 0x0000000089800000, 0x0000000089800000| Untracked 
|  71|0x0000000089900000, 0x0000000089900000, 0x0000000089a00000|  0%| F|  |TAMS 0x0000000089900000, 0x0000000089900000| Untracked 
|  72|0x0000000089a00000, 0x0000000089a00000, 0x0000000089b00000|  0%| F|  |TAMS 0x0000000089a00000, 0x0000000089a00000| Untracked 
|  73|0x0000000089b00000, 0x0000000089b00000, 0x0000000089c00000|  0%| F|  |TAMS 0x0000000089b00000, 0x0000000089b00000| Untracked 
|  74|0x0000000089c00000, 0x0000000089c00000, 0x0000000089d00000|  0%| F|  |TAMS 0x0000000089c00000, 0x0000000089c00000| Untracked 
|  75|0x0000000089d00000, 0x0000000089d00000, 0x0000000089e00000|  0%| F|  |TAMS 0x0000000089d00000, 0x0000000089d00000| Untracked 
|  76|0x0000000089e00000, 0x0000000089e00000, 0x0000000089f00000|  0%| F|  |TAMS 0x0000000089e00000, 0x0000000089e00000| Untracked 
|  77|0x0000000089f00000, 0x0000000089f00000, 0x000000008a000000|  0%| F|  |TAMS 0x0000000089f00000, 0x0000000089f00000| Untracked 
|  78|0x000000008a000000, 0x000000008a000000, 0x000000008a100000|  0%| F|  |TAMS 0x000000008a000000, 0x000000008a000000| Untracked 
|  79|0x000000008a100000, 0x000000008a100000, 0x000000008a200000|  0%| F|  |TAMS 0x000000008a100000, 0x000000008a100000| Untracked 
|  80|0x000000008a200000, 0x000000008a200000, 0x000000008a300000|  0%| F|  |TAMS 0x000000008a200000, 0x000000008a200000| Untracked 
|  81|0x000000008a300000, 0x000000008a300000, 0x000000008a400000|  0%| F|  |TAMS 0x000000008a300000, 0x000000008a300000| Untracked 
|  82|0x000000008a400000, 0x000000008a400000, 0x000000008a500000|  0%| F|  |TAMS 0x000000008a400000, 0x000000008a400000| Untracked 
|  83|0x000000008a500000, 0x000000008a500000, 0x000000008a600000|  0%| F|  |TAMS 0x000000008a500000, 0x000000008a500000| Untracked 
|  84|0x000000008a600000, 0x000000008a600000, 0x000000008a700000|  0%| F|  |TAMS 0x000000008a600000, 0x000000008a600000| Untracked 
|  85|0x000000008a700000, 0x000000008a700000, 0x000000008a800000|  0%| F|  |TAMS 0x000000008a700000, 0x000000008a700000| Untracked 
|  86|0x000000008a800000, 0x000000008a800000, 0x000000008a900000|  0%| F|  |TAMS 0x000000008a800000, 0x000000008a800000| Untracked 
|  87|0x000000008a900000, 0x000000008a900000, 0x000000008aa00000|  0%| F|  |TAMS 0x000000008a900000, 0x000000008a900000| Untracked 
|  88|0x000000008aa00000, 0x000000008aa00000, 0x000000008ab00000|  0%| F|  |TAMS 0x000000008aa00000, 0x000000008aa00000| Untracked 
|  89|0x000000008ab00000, 0x000000008ab00000, 0x000000008ac00000|  0%| F|  |TAMS 0x000000008ab00000, 0x000000008ab00000| Untracked 
|  90|0x000000008ac00000, 0x000000008ac00000, 0x000000008ad00000|  0%| F|  |TAMS 0x000000008ac00000, 0x000000008ac00000| Untracked 
|  91|0x000000008ad00000, 0x000000008ad00000, 0x000000008ae00000|  0%| F|  |TAMS 0x000000008ad00000, 0x000000008ad00000| Untracked 
|  92|0x000000008ae00000, 0x000000008ae00000, 0x000000008af00000|  0%| F|  |TAMS 0x000000008ae00000, 0x000000008ae00000| Untracked 
|  93|0x000000008af00000, 0x000000008af00000, 0x000000008b000000|  0%| F|  |TAMS 0x000000008af00000, 0x000000008af00000| Untracked 
|  94|0x000000008b000000, 0x000000008b000000, 0x000000008b100000|  0%| F|  |TAMS 0x000000008b000000, 0x000000008b000000| Untracked 
|  95|0x000000008b100000, 0x000000008b100000, 0x000000008b200000|  0%| F|  |TAMS 0x000000008b100000, 0x000000008b100000| Untracked 
|  96|0x000000008b200000, 0x000000008b200000, 0x000000008b300000|  0%| F|  |TAMS 0x000000008b200000, 0x000000008b200000| Untracked 
|  97|0x000000008b300000, 0x000000008b300000, 0x000000008b400000|  0%| F|  |TAMS 0x000000008b300000, 0x000000008b300000| Untracked 
|  98|0x000000008b400000, 0x000000008b400000, 0x000000008b500000|  0%| F|  |TAMS 0x000000008b400000, 0x000000008b400000| Untracked 
|  99|0x000000008b500000, 0x000000008b500000, 0x000000008b600000|  0%| F|  |TAMS 0x000000008b500000, 0x000000008b500000| Untracked 
| 100|0x000000008b600000, 0x000000008b600000, 0x000000008b700000|  0%| F|  |TAMS 0x000000008b600000, 0x000000008b600000| Untracked 
| 101|0x000000008b700000, 0x000000008b700000, 0x000000008b800000|  0%| F|  |TAMS 0x000000008b700000, 0x000000008b700000| Untracked 
| 102|0x000000008b800000, 0x000000008b800000, 0x000000008b900000|  0%| F|  |TAMS 0x000000008b800000, 0x000000008b800000| Untracked 
| 103|0x000000008b900000, 0x000000008b900000, 0x000000008ba00000|  0%| F|  |TAMS 0x000000008b900000, 0x000000008b900000| Untracked 
| 104|0x000000008ba00000, 0x000000008ba00000, 0x000000008bb00000|  0%| F|  |TAMS 0x000000008ba00000, 0x000000008ba00000| Untracked 
| 105|0x000000008bb00000, 0x000000008bb00000, 0x000000008bc00000|  0%| F|  |TAMS 0x000000008bb00000, 0x000000008bb00000| Untracked 
| 106|0x000000008bc00000, 0x000000008bc00000, 0x000000008bd00000|  0%| F|  |TAMS 0x000000008bc00000, 0x000000008bc00000| Untracked 
| 107|0x000000008bd00000, 0x000000008bd00000, 0x000000008be00000|  0%| F|  |TAMS 0x000000008bd00000, 0x000000008bd00000| Untracked 
| 108|0x000000008be00000, 0x000000008be00000, 0x000000008bf00000|  0%| F|  |TAMS 0x000000008be00000, 0x000000008be00000| Untracked 
| 109|0x000000008bf00000, 0x000000008bf00000, 0x000000008c000000|  0%| F|  |TAMS 0x000000008bf00000, 0x000000008bf00000| Untracked 
| 110|0x000000008c000000, 0x000000008c000000, 0x000000008c100000|  0%| F|  |TAMS 0x000000008c000000, 0x000000008c000000| Untracked 
| 111|0x000000008c100000, 0x000000008c100000, 0x000000008c200000|  0%| F|  |TAMS 0x000000008c100000, 0x000000008c100000| Untracked 
| 112|0x000000008c200000, 0x000000008c200000, 0x000000008c300000|  0%| F|  |TAMS 0x000000008c200000, 0x000000008c200000| Untracked 
| 113|0x000000008c300000, 0x000000008c300000, 0x000000008c400000|  0%| F|  |TAMS 0x000000008c300000, 0x000000008c300000| Untracked 
| 114|0x000000008c400000, 0x000000008c400000, 0x000000008c500000|  0%| F|  |TAMS 0x000000008c400000, 0x000000008c400000| Untracked 
| 115|0x000000008c500000, 0x000000008c500000, 0x000000008c600000|  0%| F|  |TAMS 0x000000008c500000, 0x000000008c500000| Untracked 
| 116|0x000000008c600000, 0x000000008c600000, 0x000000008c700000|  0%| F|  |TAMS 0x000000008c600000, 0x000000008c600000| Untracked 
| 117|0x000000008c700000, 0x000000008c700000, 0x000000008c800000|  0%| F|  |TAMS 0x000000008c700000, 0x000000008c700000| Untracked 
| 118|0x000000008c800000, 0x000000008c800000, 0x000000008c900000|  0%| F|  |TAMS 0x000000008c800000, 0x000000008c800000| Untracked 
| 119|0x000000008c900000, 0x000000008c900000, 0x000000008ca00000|  0%| F|  |TAMS 0x000000008c900000, 0x000000008c900000| Untracked 
| 120|0x000000008ca00000, 0x000000008ca00000, 0x000000008cb00000|  0%| F|  |TAMS 0x000000008ca00000, 0x000000008ca00000| Untracked 
| 121|0x000000008cb00000, 0x000000008cb00000, 0x000000008cc00000|  0%| F|  |TAMS 0x000000008cb00000, 0x000000008cb00000| Untracked 
| 122|0x000000008cc00000, 0x000000008cc00000, 0x000000008cd00000|  0%| F|  |TAMS 0x000000008cc00000, 0x000000008cc00000| Untracked 
| 123|0x000000008cd00000, 0x000000008cd00000, 0x000000008ce00000|  0%| F|  |TAMS 0x000000008cd00000, 0x000000008cd00000| Untracked 
| 124|0x000000008ce00000, 0x000000008ce00000, 0x000000008cf00000|  0%| F|  |TAMS 0x000000008ce00000, 0x000000008ce00000| Untracked 
| 125|0x000000008cf00000, 0x000000008cf00000, 0x000000008d000000|  0%| F|  |TAMS 0x000000008cf00000, 0x000000008cf00000| Untracked 
| 126|0x000000008d000000, 0x000000008d000000, 0x000000008d100000|  0%| F|  |TAMS 0x000000008d000000, 0x000000008d000000| Untracked 
| 127|0x000000008d100000, 0x000000008d100000, 0x000000008d200000|  0%| F|  |TAMS 0x000000008d100000, 0x000000008d100000| Untracked 
| 128|0x000000008d200000, 0x000000008d200000, 0x000000008d300000|  0%| F|  |TAMS 0x000000008d200000, 0x000000008d200000| Untracked 
| 129|0x000000008d300000, 0x000000008d300000, 0x000000008d400000|  0%| F|  |TAMS 0x000000008d300000, 0x000000008d300000| Untracked 
| 130|0x000000008d400000, 0x000000008d400000, 0x000000008d500000|  0%| F|  |TAMS 0x000000008d400000, 0x000000008d400000| Untracked 
| 131|0x000000008d500000, 0x000000008d500000, 0x000000008d600000|  0%| F|  |TAMS 0x000000008d500000, 0x000000008d500000| Untracked 
| 132|0x000000008d600000, 0x000000008d600000, 0x000000008d700000|  0%| F|  |TAMS 0x000000008d600000, 0x000000008d600000| Untracked 
| 133|0x000000008d700000, 0x000000008d700000, 0x000000008d800000|  0%| F|  |TAMS 0x000000008d700000, 0x000000008d700000| Untracked 
| 134|0x000000008d800000, 0x000000008d800000, 0x000000008d900000|  0%| F|  |TAMS 0x000000008d800000, 0x000000008d800000| Untracked 
| 135|0x000000008d900000, 0x000000008d900000, 0x000000008da00000|  0%| F|  |TAMS 0x000000008d900000, 0x000000008d900000| Untracked 
| 136|0x000000008da00000, 0x000000008da00000, 0x000000008db00000|  0%| F|  |TAMS 0x000000008da00000, 0x000000008da00000| Untracked 
| 137|0x000000008db00000, 0x000000008db00000, 0x000000008dc00000|  0%| F|  |TAMS 0x000000008db00000, 0x000000008db00000| Untracked 
| 138|0x000000008dc00000, 0x000000008dc00000, 0x000000008dd00000|  0%| F|  |TAMS 0x000000008dc00000, 0x000000008dc00000| Untracked 
| 139|0x000000008dd00000, 0x000000008dd00000, 0x000000008de00000|  0%| F|  |TAMS 0x000000008dd00000, 0x000000008dd00000| Untracked 
| 140|0x000000008de00000, 0x000000008de00000, 0x000000008df00000|  0%| F|  |TAMS 0x000000008de00000, 0x000000008de00000| Untracked 
| 141|0x000000008df00000, 0x000000008df00000, 0x000000008e000000|  0%| F|  |TAMS 0x000000008df00000, 0x000000008df00000| Untracked 
| 142|0x000000008e000000, 0x000000008e000000, 0x000000008e100000|  0%| F|  |TAMS 0x000000008e000000, 0x000000008e000000| Untracked 
| 143|0x000000008e100000, 0x000000008e100000, 0x000000008e200000|  0%| F|  |TAMS 0x000000008e100000, 0x000000008e100000| Untracked 
| 144|0x000000008e200000, 0x000000008e200000, 0x000000008e300000|  0%| F|  |TAMS 0x000000008e200000, 0x000000008e200000| Untracked 
| 145|0x000000008e300000, 0x000000008e300000, 0x000000008e400000|  0%| F|  |TAMS 0x000000008e300000, 0x000000008e300000| Untracked 
| 146|0x000000008e400000, 0x000000008e400000, 0x000000008e500000|  0%| F|  |TAMS 0x000000008e400000, 0x000000008e400000| Untracked 
| 147|0x000000008e500000, 0x000000008e500000, 0x000000008e600000|  0%| F|  |TAMS 0x000000008e500000, 0x000000008e500000| Untracked 
| 148|0x000000008e600000, 0x000000008e600000, 0x000000008e700000|  0%| F|  |TAMS 0x000000008e600000, 0x000000008e600000| Untracked 
| 149|0x000000008e700000, 0x000000008e700000, 0x000000008e800000|  0%| F|  |TAMS 0x000000008e700000, 0x000000008e700000| Untracked 
| 150|0x000000008e800000, 0x000000008e800000, 0x000000008e900000|  0%| F|  |TAMS 0x000000008e800000, 0x000000008e800000| Untracked 
| 151|0x000000008e900000, 0x000000008e900000, 0x000000008ea00000|  0%| F|  |TAMS 0x000000008e900000, 0x000000008e900000| Untracked 
| 152|0x000000008ea00000, 0x000000008ea00000, 0x000000008eb00000|  0%| F|  |TAMS 0x000000008ea00000, 0x000000008ea00000| Untracked 
| 153|0x000000008eb00000, 0x000000008eb00000, 0x000000008ec00000|  0%| F|  |TAMS 0x000000008eb00000, 0x000000008eb00000| Untracked 
| 154|0x000000008ec00000, 0x000000008ec00000, 0x000000008ed00000|  0%| F|  |TAMS 0x000000008ec00000, 0x000000008ec00000| Untracked 
| 155|0x000000008ed00000, 0x000000008ed00000, 0x000000008ee00000|  0%| F|  |TAMS 0x000000008ed00000, 0x000000008ed00000| Untracked 
| 156|0x000000008ee00000, 0x000000008ee00000, 0x000000008ef00000|  0%| F|  |TAMS 0x000000008ee00000, 0x000000008ee00000| Untracked 
| 157|0x000000008ef00000, 0x000000008ef00000, 0x000000008f000000|  0%| F|  |TAMS 0x000000008ef00000, 0x000000008ef00000| Untracked 
| 158|0x000000008f000000, 0x000000008f000000, 0x000000008f100000|  0%| F|  |TAMS 0x000000008f000000, 0x000000008f000000| Untracked 
| 159|0x000000008f100000, 0x000000008f100000, 0x000000008f200000|  0%| F|  |TAMS 0x000000008f100000, 0x000000008f100000| Untracked 
| 160|0x000000008f200000, 0x000000008f200000, 0x000000008f300000|  0%| F|  |TAMS 0x000000008f200000, 0x000000008f200000| Untracked 
| 161|0x000000008f300000, 0x000000008f300000, 0x000000008f400000|  0%| F|  |TAMS 0x000000008f300000, 0x000000008f300000| Untracked 
| 162|0x000000008f400000, 0x000000008f400000, 0x000000008f500000|  0%| F|  |TAMS 0x000000008f400000, 0x000000008f400000| Untracked 
| 163|0x000000008f500000, 0x000000008f500000, 0x000000008f600000|  0%| F|  |TAMS 0x000000008f500000, 0x000000008f500000| Untracked 
| 164|0x000000008f600000, 0x000000008f600000, 0x000000008f700000|  0%| F|  |TAMS 0x000000008f600000, 0x000000008f600000| Untracked 
| 165|0x000000008f700000, 0x000000008f700000, 0x000000008f800000|  0%| F|  |TAMS 0x000000008f700000, 0x000000008f700000| Untracked 
| 166|0x000000008f800000, 0x000000008f800000, 0x000000008f900000|  0%| F|  |TAMS 0x000000008f800000, 0x000000008f800000| Untracked 
| 167|0x000000008f900000, 0x000000008f900000, 0x000000008fa00000|  0%| F|  |TAMS 0x000000008f900000, 0x000000008f900000| Untracked 
| 168|0x000000008fa00000, 0x000000008fa00000, 0x000000008fb00000|  0%| F|  |TAMS 0x000000008fa00000, 0x000000008fa00000| Untracked 
| 169|0x000000008fb00000, 0x000000008fb00000, 0x000000008fc00000|  0%| F|  |TAMS 0x000000008fb00000, 0x000000008fb00000| Untracked 
| 170|0x000000008fc00000, 0x000000008fc00000, 0x000000008fd00000|  0%| F|  |TAMS 0x000000008fc00000, 0x000000008fc00000| Untracked 
| 171|0x000000008fd00000, 0x000000008fd00000, 0x000000008fe00000|  0%| F|  |TAMS 0x000000008fd00000, 0x000000008fd00000| Untracked 
| 172|0x000000008fe00000, 0x000000008fe00000, 0x000000008ff00000|  0%| F|  |TAMS 0x000000008fe00000, 0x000000008fe00000| Untracked 
| 173|0x000000008ff00000, 0x000000008ff00000, 0x0000000090000000|  0%| F|  |TAMS 0x000000008ff00000, 0x000000008ff00000| Untracked 
| 174|0x0000000090000000, 0x0000000090000000, 0x0000000090100000|  0%| F|  |TAMS 0x0000000090000000, 0x0000000090000000| Untracked 
| 175|0x0000000090100000, 0x0000000090100000, 0x0000000090200000|  0%| F|  |TAMS 0x0000000090100000, 0x0000000090100000| Untracked 
| 176|0x0000000090200000, 0x0000000090200000, 0x0000000090300000|  0%| F|  |TAMS 0x0000000090200000, 0x0000000090200000| Untracked 
| 177|0x0000000090300000, 0x0000000090300000, 0x0000000090400000|  0%| F|  |TAMS 0x0000000090300000, 0x0000000090300000| Untracked 
| 178|0x0000000090400000, 0x0000000090400000, 0x0000000090500000|  0%| F|  |TAMS 0x0000000090400000, 0x0000000090400000| Untracked 
| 179|0x0000000090500000, 0x0000000090500000, 0x0000000090600000|  0%| F|  |TAMS 0x0000000090500000, 0x0000000090500000| Untracked 
| 180|0x0000000090600000, 0x0000000090600000, 0x0000000090700000|  0%| F|  |TAMS 0x0000000090600000, 0x0000000090600000| Untracked 
| 181|0x0000000090700000, 0x0000000090700000, 0x0000000090800000|  0%| F|  |TAMS 0x0000000090700000, 0x0000000090700000| Untracked 
| 182|0x0000000090800000, 0x0000000090800000, 0x0000000090900000|  0%| F|  |TAMS 0x0000000090800000, 0x0000000090800000| Untracked 
| 183|0x0000000090900000, 0x0000000090900000, 0x0000000090a00000|  0%| F|  |TAMS 0x0000000090900000, 0x0000000090900000| Untracked 
| 184|0x0000000090a00000, 0x0000000090a00000, 0x0000000090b00000|  0%| F|  |TAMS 0x0000000090a00000, 0x0000000090a00000| Untracked 
| 185|0x0000000090b00000, 0x0000000090b00000, 0x0000000090c00000|  0%| F|  |TAMS 0x0000000090b00000, 0x0000000090b00000| Untracked 
| 186|0x0000000090c00000, 0x0000000090c00000, 0x0000000090d00000|  0%| F|  |TAMS 0x0000000090c00000, 0x0000000090c00000| Untracked 
| 187|0x0000000090d00000, 0x0000000090d00000, 0x0000000090e00000|  0%| F|  |TAMS 0x0000000090d00000, 0x0000000090d00000| Untracked 
| 188|0x0000000090e00000, 0x0000000090e00000, 0x0000000090f00000|  0%| F|  |TAMS 0x0000000090e00000, 0x0000000090e00000| Untracked 
| 189|0x0000000090f00000, 0x0000000090f00000, 0x0000000091000000|  0%| F|  |TAMS 0x0000000090f00000, 0x0000000090f00000| Untracked 
| 190|0x0000000091000000, 0x0000000091000000, 0x0000000091100000|  0%| F|  |TAMS 0x0000000091000000, 0x0000000091000000| Untracked 
| 191|0x0000000091100000, 0x0000000091100000, 0x0000000091200000|  0%| F|  |TAMS 0x0000000091100000, 0x0000000091100000| Untracked 
| 192|0x0000000091200000, 0x0000000091200000, 0x0000000091300000|  0%| F|  |TAMS 0x0000000091200000, 0x0000000091200000| Untracked 
| 193|0x0000000091300000, 0x0000000091300000, 0x0000000091400000|  0%| F|  |TAMS 0x0000000091300000, 0x0000000091300000| Untracked 
| 194|0x0000000091400000, 0x0000000091400000, 0x0000000091500000|  0%| F|  |TAMS 0x0000000091400000, 0x0000000091400000| Untracked 
| 195|0x0000000091500000, 0x0000000091500000, 0x0000000091600000|  0%| F|  |TAMS 0x0000000091500000, 0x0000000091500000| Untracked 
| 196|0x0000000091600000, 0x0000000091700000, 0x0000000091700000|100%| S|CS|TAMS 0x0000000091600000, 0x0000000091600000| Complete 
| 197|0x0000000091700000, 0x0000000091800000, 0x0000000091800000|100%| S|CS|TAMS 0x0000000091700000, 0x0000000091700000| Complete 
| 198|0x0000000091800000, 0x0000000091800000, 0x0000000091900000|  0%| F|  |TAMS 0x0000000091800000, 0x0000000091800000| Untracked 
| 199|0x0000000091900000, 0x0000000091900000, 0x0000000091a00000|  0%| F|  |TAMS 0x0000000091900000, 0x0000000091900000| Untracked 
| 200|0x0000000091a00000, 0x0000000091a00000, 0x0000000091b00000|  0%| F|  |TAMS 0x0000000091a00000, 0x0000000091a00000| Untracked 
| 201|0x0000000091b00000, 0x0000000091b00000, 0x0000000091c00000|  0%| F|  |TAMS 0x0000000091b00000, 0x0000000091b00000| Untracked 
| 202|0x0000000091c00000, 0x0000000091c00000, 0x0000000091d00000|  0%| F|  |TAMS 0x0000000091c00000, 0x0000000091c00000| Untracked 
| 203|0x0000000091d00000, 0x0000000091d00000, 0x0000000091e00000|  0%| F|  |TAMS 0x0000000091d00000, 0x0000000091d00000| Untracked 
| 204|0x0000000091e00000, 0x0000000091e00000, 0x0000000091f00000|  0%| F|  |TAMS 0x0000000091e00000, 0x0000000091e00000| Untracked 
| 205|0x0000000091f00000, 0x0000000091f00000, 0x0000000092000000|  0%| F|  |TAMS 0x0000000091f00000, 0x0000000091f00000| Untracked 
|1964|0x00000000ffe00000, 0x00000000ffe34000, 0x00000000fff00000| 20%|OA|  |TAMS 0x00000000ffe34000, 0x00000000ffe00000| Untracked 
|1965|0x00000000fff00000, 0x00000000fff6a000, 0x0000000100000000| 41%|CA|  |TAMS 0x00000000fff6a000, 0x00000000fff00000| Untracked 

Card table byte_map: [0x00007f29af852000,0x00007f29afc29000] _byte_map_base: 0x00007f29af429000

Marking Bits (Prev, Next): (CMBitMap*) 0x00007f29cc053b88, (CMBitMap*) 0x00007f29cc053bc0
 Prev Bits: [0x00007f29ad5c3000, 0x00007f29af47b000)
 Next Bits: [0x00007f29ab70b000, 0x00007f29ad5c3000)

Polling page: 0x00007f29d4373000

Metaspace:

Usage:
  Non-class:     44.96 MB capacity,    43.91 MB ( 98%) used,   870.12 KB (  2%) free+waste,   195.88 KB ( <1%) overhead. 
      Class:      7.71 MB capacity,     7.07 MB ( 92%) used,   565.53 KB (  7%) free+waste,    96.62 KB (  1%) overhead. 
       Both:     52.67 MB capacity,    50.98 MB ( 97%) used,     1.40 MB (  3%) free+waste,   292.50 KB ( <1%) overhead. 

Virtual space:
  Non-class space:       46.00 MB reserved,      45.00 MB ( 98%) committed 
      Class space:        1.00 GB reserved,       7.74 MB ( <1%) committed 
             Both:        1.04 GB reserved,      52.74 MB (  5%) committed 

Chunk freelists:
   Non-Class:  10.00 KB
       Class:  6.00 KB
        Both:  16.00 KB

CodeHeap 'non-profiled nmethods': size=238384Kb used=10921Kb max_used=10921Kb free=227463Kb
 bounds [0x00007f29b508a000, 0x00007f29b5b3a000, 0x00007f29c3956000]
CodeHeap 'non-nmethods': size=7376Kb used=1239Kb max_used=1239Kb free=6137Kb
 bounds [0x00007f29b4956000, 0x00007f29b4bc6000, 0x00007f29b508a000]
 total_blobs=6931 nmethods=6292 adapters=540
 compilation: enabled
              stopped_count=0, restarted_count=0
 full_count=0

Compilation events (10 events):
Event: 26.360 Thread 0x00007f29cc18e000 nmethod 6313 0x00007f29b5b30090 code [0x00007f29b5b30380, 0x00007f29b5b30dd8]
Event: 33.502 Thread 0x00007f29cc18e000 6342       1       java.lang.invoke.VarHandleGuards::guard_LL_V (103 bytes)
Event: 42.764 Thread 0x00007f29cc18e000 nmethod 6342 0x00007f29b5b31690 code [0x00007f29b5b31940, 0x00007f29b5b323a8]
Event: 43.590 Thread 0x00007f29cc18e000 6344       1       java.util.concurrent.locks.AbstractQueuedSynchronizer$Node::compareAndSetWaitStatus (10 bytes)
Event: 53.658 Thread 0x00007f29cc18e000 nmethod 6344 0x00007f29b5b32a90 code [0x00007f29b5b32c60, 0x00007f29b5b32f18]
Event: 53.953 Thread 0x00007f29cc18e000 6352       1       java.lang.Throwable::<init> (50 bytes)
Event: 61.186 Thread 0x00007f29cc18e000 nmethod 6352 0x00007f29b5b33090 code [0x00007f29b5b33280, 0x00007f29b5b33618]
Event: 61.941 Thread 0x00007f29cc18e000 6345       1       java.util.concurrent.ScheduledThreadPoolExecutor$DelayedWorkQueue::setIndex (16 bytes)
Event: 69.859 Thread 0x00007f29cc18e000 nmethod 6345 0x00007f29b5b33710 code [0x00007f29b5b338c0, 0x00007f29b5b33a50]
Event: 70.290 Thread 0x00007f29cc18e000 6343       1       java.lang.invoke.VarHandleObjects$FieldInstanceReadWrite::set (30 bytes)

GC Heap History (10 events):
Event: 5.340 GC heap after
{Heap after GC invocations=10 (full 0):
 garbage-first heap   total 177152K, used 25390K [0x0000000085200000, 0x0000000100000000)
  region size 1024K, 8 young (8192K), 8 survivors (8192K)
 Metaspace       used 44240K, capacity 45612K, committed 46200K, reserved 1089536K
  class space    used 6125K, capacity 6653K, committed 6776K, reserved 1048576K
}
Event: 6.466 GC heap before
{Heap before GC invocations=10 (full 0):
 garbage-first heap   total 177152K, used 118574K [0x0000000085200000, 0x0000000100000000)
  region size 1024K, 99 young (101376K), 8 survivors (8192K)
 Metaspace       used 51408K, capacity 53076K, committed 53496K, reserved 1095680K
  class space    used 7127K, capacity 7792K, committed 7928K, reserved 1048576K
}
Event: 6.486 GC heap after
{Heap after GC invocations=11 (full 0):
 garbage-first heap   total 212992K, used 31112K [0x0000000085200000, 0x0000000100000000)
  region size 1024K, 12 young (12288K), 12 survivors (12288K)
 Metaspace       used 51408K, capacity 53076K, committed 53496K, reserved 1095680K
  class space    used 7127K, capacity 7792K, committed 7928K, reserved 1048576K
}
Event: 35.879 GC heap before
{Heap before GC invocations=11 (full 0):
 garbage-first heap   total 212992K, used 139656K [0x0000000085200000, 0x0000000100000000)
  region size 1024K, 119 young (121856K), 12 survivors (12288K)
 Metaspace       used 52194K, capacity 53932K, committed 54008K, reserved 1095680K
  class space    used 7234K, capacity 7898K, committed 7928K, reserved 1048576K
}
Event: 37.548 GC heap after
{Heap after GC invocations=12 (full 0):
 garbage-first heap   total 212992K, used 33965K [0x0000000085200000, 0x0000000100000000)
  region size 1024K, 9 young (9216K), 9 survivors (9216K)
 Metaspace       used 52194K, capacity 53932K, committed 54008K, reserved 1095680K
  class space    used 7234K, capacity 7898K, committed 7928K, reserved 1048576K
}
Event: 38.949 GC heap before
{Heap before GC invocations=12 (full 0):
 garbage-first heap   total 212992K, used 34989K [0x0000000085200000, 0x0000000100000000)
  region size 1024K, 10 young (10240K), 9 survivors (9216K)
 Metaspace       used 52194K, capacity 53932K, committed 54008K, reserved 1095680K
  class space    used 7234K, capacity 7898K, committed 7928K, reserved 1048576K
}
Event: 39.958 GC heap after
{Heap after GC invocations=13 (full 0):
 garbage-first heap   total 212992K, used 33829K [0x0000000085200000, 0x0000000100000000)
  region size 1024K, 1 young (1024K), 1 survivors (1024K)
 Metaspace       used 52194K, capacity 53932K, committed 54008K, reserved 1095680K
  class space    used 7234K, capacity 7898K, committed 7928K, reserved 1048576K
}
Event: 54.723 GC heap before
{Heap before GC invocations=13 (full 0):
 garbage-first heap   total 212992K, used 43045K [0x0000000085200000, 0x0000000100000000)
  region size 1024K, 10 young (10240K), 1 survivors (1024K)
 Metaspace       used 52195K, capacity 53932K, committed 54008K, reserved 1095680K
  class space    used 7234K, capacity 7898K, committed 7928K, reserved 1048576K
}
Event: 57.641 GC heap after
{Heap after GC invocations=14 (full 0):
 garbage-first heap   total 212992K, used 36822K [0x0000000085200000, 0x0000000100000000)
  region size 1024K, 2 young (2048K), 2 survivors (2048K)
 Metaspace       used 52195K, capacity 53932K, committed 54008K, reserved 1095680K
  class space    used 7234K, capacity 7898K, committed 7928K, reserved 1048576K
}
Event: 75.238 GC heap before
{Heap before GC invocations=14 (full 0):
 garbage-first heap   total 212992K, used 45014K [0x0000000085200000, 0x0000000100000000)
  region size 1024K, 10 young (10240K), 2 survivors (2048K)
 Metaspace       used 52203K, capacity 53932K, committed 54008K, reserved 1095680K
  class space    used 7235K, capacity 7898K, committed 7928K, reserved 1048576K
}

Deoptimization events (4 events):
Event: 2.049 Thread 0x00007f2954002800 DEOPT PACKING pc=0x00007f29b546e21c sp=0x00007f2989fe6b40
Event: 2.049 Thread 0x00007f2954002800 DEOPT UNPACKING pc=0x00007f29b497e83a sp=0x00007f2989fe6068 mode 0
Event: 5.689 Thread 0x00007f2954002800 DEOPT PACKING pc=0x00007f29b5346c9d sp=0x00007f2989fe6ce0
Event: 5.690 Thread 0x00007f2954002800 DEOPT UNPACKING pc=0x00007f29b497e83a sp=0x00007f2989fe6208 mode 3

Classes redefined (0 events):
No events

Internal exceptions (10 events):
Event: 26.225 Thread 0x00007f2970003000 Exception <a 'java/security/PrivilegedActionException'{0x000000008c10f508}> (0x000000008c10f508) thrown at [/build/openjdk-lts-7bqZff/openjdk-lts-11.0.4+11/src/hotspot/share/prims/jvm.cpp, line 1300]
Event: 26.226 Thread 0x00007f2970003000 Exception <a 'java/security/PrivilegedActionException'{0x000000008c117c40}> (0x000000008c117c40) thrown at [/build/openjdk-lts-7bqZff/openjdk-lts-11.0.4+11/src/hotspot/share/prims/jvm.cpp, line 1300]
Event: 26.226 Thread 0x00007f2970003000 Exception <a 'java/security/PrivilegedActionException'{0x000000008c120310}> (0x000000008c120310) thrown at [/build/openjdk-lts-7bqZff/openjdk-lts-11.0.4+11/src/hotspot/share/prims/jvm.cpp, line 1300]
Event: 26.227 Thread 0x00007f2970003000 Exception <a 'java/security/PrivilegedActionException'{0x000000008c128928}> (0x000000008c128928) thrown at [/build/openjdk-lts-7bqZff/openjdk-lts-11.0.4+11/src/hotspot/share/prims/jvm.cpp, line 1300]
Event: 26.228 Thread 0x00007f2970003000 Exception <a 'java/security/PrivilegedActionException'{0x000000008c130fa0}> (0x000000008c130fa0) thrown at [/build/openjdk-lts-7bqZff/openjdk-lts-11.0.4+11/src/hotspot/share/prims/jvm.cpp, line 1300]
Event: 26.229 Thread 0x00007f2970003000 Exception <a 'java/security/PrivilegedActionException'{0x000000008c1396d8}> (0x000000008c1396d8) thrown at [/build/openjdk-lts-7bqZff/openjdk-lts-11.0.4+11/src/hotspot/share/prims/jvm.cpp, line 1300]
Event: 26.230 Thread 0x00007f2970003000 Exception <a 'java/security/PrivilegedActionException'{0x000000008c141fe0}> (0x000000008c141fe0) thrown at [/build/openjdk-lts-7bqZff/openjdk-lts-11.0.4+11/src/hotspot/share/prims/jvm.cpp, line 1300]
Event: 26.231 Thread 0x00007f2970003000 Exception <a 'java/security/PrivilegedActionException'{0x000000008c14a650}> (0x000000008c14a650) thrown at [/build/openjdk-lts-7bqZff/openjdk-lts-11.0.4+11/src/hotspot/share/prims/jvm.cpp, line 1300]
Event: 44.407 Thread 0x00007f2970003000 Exception <a 'java/security/PrivilegedActionException'{0x0000000091b8d658}> (0x0000000091b8d658) thrown at [/build/openjdk-lts-7bqZff/openjdk-lts-11.0.4+11/src/hotspot/share/prims/jvm.cpp, line 1300]
Event: 61.941 Thread 0x00007f2970003000 Exception <a 'java/security/PrivilegedActionException'{0x0000000091c3d390}> (0x0000000091c3d390) thrown at [/build/openjdk-lts-7bqZff/openjdk-lts-11.0.4+11/src/hotspot/share/prims/jvm.cpp, line 1300]

Events (10 events):
Event: 38.103 Executing VM operation: G1CollectForAllocation done
Event: 38.660 Executing VM operation: G1CollectForAllocation
Event: 40.134 Executing VM operation: G1CollectForAllocation done
Event: 54.395 Executing VM operation: G1CollectForAllocation
Event: 58.096 Executing VM operation: G1CollectForAllocation done
Event: 68.025 Executing VM operation: RevokeBias
Event: 69.422 Executing VM operation: RevokeBias done
Event: 69.985 loading class org/apache/catalina/Session
Event: 69.994 loading class org/apache/catalina/Session done
Event: 74.405 Executing VM operation: G1CollectForAllocation


Dynamic libraries:
85200000-92000000 rw-p 00000000 00:00 0 
a7b00000-ffe00000 ---p 00000000 00:00 0 
ffe00000-ffe34000 rw-p 01116000 08:02 14549132                           /usr/lib/jvm/java-11-openjdk-amd64/lib/server/classes.jsa
ffe34000-fff00000 rw-p 00000000 00:00 0 
fff00000-fff6a000 rw-p 010ac000 08:02 14549132                           /usr/lib/jvm/java-11-openjdk-amd64/lib/server/classes.jsa
fff6a000-100000000 rw-p 00000000 00:00 0 
800000000-800002000 rwxp 00001000 08:02 14549132                         /usr/lib/jvm/java-11-openjdk-amd64/lib/server/classes.jsa
800002000-8003bd000 rw-p 00003000 08:02 14549132                         /usr/lib/jvm/java-11-openjdk-amd64/lib/server/classes.jsa
8003bd000-800a98000 r--p 003be000 08:02 14549132                         /usr/lib/jvm/java-11-openjdk-amd64/lib/server/classes.jsa
800a98000-800a99000 rw-p 00a99000 08:02 14549132                         /usr/lib/jvm/java-11-openjdk-amd64/lib/server/classes.jsa
800a99000-8010ab000 r--p 00a9a000 08:02 14549132                         /usr/lib/jvm/java-11-openjdk-amd64/lib/server/classes.jsa
840000000-8407be000 rw-p 00000000 00:00 0 
8407be000-880000000 ---p 00000000 00:00 0 
55983671a000-55983671b000 r-xp 00000000 08:02 10751011                   /usr/lib/jvm/java-11-openjdk-amd64/bin/java
55983691b000-55983691c000 r--p 00001000 08:02 10751011                   /usr/lib/jvm/java-11-openjdk-amd64/bin/java
55983691c000-55983691d000 rw-p 00002000 08:02 10751011                   /usr/lib/jvm/java-11-openjdk-amd64/bin/java
55983851d000-55983853e000 rw-p 00000000 00:00 0                          [heap]
7f28b4000000-7f28b4021000 rw-p 00000000 00:00 0 
7f28b4021000-7f28b8000000 ---p 00000000 00:00 0 
7f28bc000000-7f28bc021000 rw-p 00000000 00:00 0 
7f28bc021000-7f28c0000000 ---p 00000000 00:00 0 
7f28c0000000-7f28c0021000 rw-p 00000000 00:00 0 
7f28c0021000-7f28c4000000 ---p 00000000 00:00 0 
7f28c4000000-7f28c4021000 rw-p 00000000 00:00 0 
7f28c4021000-7f28c8000000 ---p 00000000 00:00 0 
7f28c8000000-7f28c8021000 rw-p 00000000 00:00 0 
7f28c8021000-7f28cc000000 ---p 00000000 00:00 0 
7f28cc000000-7f28cc021000 rw-p 00000000 00:00 0 
7f28cc021000-7f28d0000000 ---p 00000000 00:00 0 
7f28d0000000-7f28d0021000 rw-p 00000000 00:00 0 
7f28d0021000-7f28d4000000 ---p 00000000 00:00 0 
7f28d4000000-7f28d4021000 rw-p 00000000 00:00 0 
7f28d4021000-7f28d8000000 ---p 00000000 00:00 0 
7f28d8000000-7f28d8021000 rw-p 00000000 00:00 0 
7f28d8021000-7f28dc000000 ---p 00000000 00:00 0 
7f28dc000000-7f28dc021000 rw-p 00000000 00:00 0 
7f28dc021000-7f28e0000000 ---p 00000000 00:00 0 
7f28e0000000-7f28e0021000 rw-p 00000000 00:00 0 
7f28e0021000-7f28e4000000 ---p 00000000 00:00 0 
7f28e4000000-7f28e4021000 rw-p 00000000 00:00 0 
7f28e4021000-7f28e8000000 ---p 00000000 00:00 0 
7f28e8000000-7f28e8021000 rw-p 00000000 00:00 0 
7f28e8021000-7f28ec000000 ---p 00000000 00:00 0 
7f28ec000000-7f28ec021000 rw-p 00000000 00:00 0 
7f28ec021000-7f28f0000000 ---p 00000000 00:00 0 
7f28f0000000-7f28f0021000 rw-p 00000000 00:00 0 
7f28f0021000-7f28f4000000 ---p 00000000 00:00 0 
7f28f4000000-7f28f4021000 rw-p 00000000 00:00 0 
7f28f4021000-7f28f8000000 ---p 00000000 00:00 0 
7f28f8000000-7f28f8021000 rw-p 00000000 00:00 0 
7f28f8021000-7f28fc000000 ---p 00000000 00:00 0 
7f28fc000000-7f28fc021000 rw-p 00000000 00:00 0 
7f28fc021000-7f2900000000 ---p 00000000 00:00 0 
7f2900000000-7f2900021000 rw-p 00000000 00:00 0 
7f2900021000-7f2904000000 ---p 00000000 00:00 0 
7f2904000000-7f2904021000 rw-p 00000000 00:00 0 
7f2904021000-7f2908000000 ---p 00000000 00:00 0 
7f2908000000-7f2908021000 rw-p 00000000 00:00 0 
7f2908021000-7f290c000000 ---p 00000000 00:00 0 
7f290c000000-7f290c021000 rw-p 00000000 00:00 0 
7f290c021000-7f2910000000 ---p 00000000 00:00 0 
7f2910000000-7f2910021000 rw-p 00000000 00:00 0 
7f2910021000-7f2914000000 ---p 00000000 00:00 0 
7f2914000000-7f2914021000 rw-p 00000000 00:00 0 
7f2914021000-7f2918000000 ---p 00000000 00:00 0 
7f29191e8000-7f29191ec000 ---p 00000000 00:00 0 
7f29191ec000-7f29192e9000 rw-p 00000000 00:00 0 
7f29192e9000-7f29192ed000 ---p 00000000 00:00 0 
7f29192ed000-7f29193ea000 rw-p 00000000 00:00 0 
7f29193ea000-7f29193ee000 ---p 00000000 00:00 0 
7f29193ee000-7f29194eb000 rw-p 00000000 00:00 0 
7f29194eb000-7f29194ef000 ---p 00000000 00:00 0 
7f29194ef000-7f29195ec000 rw-p 00000000 00:00 0 
7f29195ec000-7f29195f0000 ---p 00000000 00:00 0 
7f29195f0000-7f29196ed000 rw-p 00000000 00:00 0 
7f29196ed000-7f29196f1000 ---p 00000000 00:00 0 
7f29196f1000-7f29197ee000 rw-p 00000000 00:00 0 
7f29197ee000-7f29197f2000 ---p 00000000 00:00 0 
7f29197f2000-7f29198ef000 rw-p 00000000 00:00 0 
7f29198ef000-7f29198f3000 ---p 00000000 00:00 0 
7f29198f3000-7f29199f0000 rw-p 00000000 00:00 0 
7f29199f0000-7f29199f4000 ---p 00000000 00:00 0 
7f29199f4000-7f2919af1000 rw-p 00000000 00:00 0 
7f2919af1000-7f2919af5000 ---p 00000000 00:00 0 
7f2919af5000-7f2919bf2000 rw-p 00000000 00:00 0 
7f2919bf2000-7f2919bf6000 ---p 00000000 00:00 0 
7f2919bf6000-7f2919cf3000 rw-p 00000000 00:00 0 
7f2919cf3000-7f2919cf7000 ---p 00000000 00:00 0 
7f2919cf7000-7f2919df4000 rw-p 00000000 00:00 0 
7f2919df4000-7f2919df8000 ---p 00000000 00:00 0 
7f2919df8000-7f2919ef5000 rw-p 00000000 00:00 0 
7f2919ef5000-7f2919ef9000 ---p 00000000 00:00 0 
7f2919ef9000-7f2919ff6000 rw-p 00000000 00:00 0 
7f2919ff6000-7f2919ffa000 ---p 00000000 00:00 0 
7f2919ffa000-7f291a0f7000 rw-p 00000000 00:00 0 
7f291a0f7000-7f291a0fb000 ---p 00000000 00:00 0 
7f291a0fb000-7f291a1f8000 rw-p 00000000 00:00 0 
7f291a1f8000-7f291a1fc000 ---p 00000000 00:00 0 
7f291a1fc000-7f291a3f9000 rw-p 00000000 00:00 0 
7f291a3f9000-7f291a4f9000 ---p 00000000 00:00 0 
7f291a4f9000-7f291a6f9000 rw-p 00000000 00:00 0 
7f291a6f9000-7f291a8f9000 rw-p 00000000 00:00 0 
7f291a8f9000-7f291aaf9000 rw-p 00000000 00:00 0 
7f291aaf9000-7f291acf9000 rw-p 00000000 00:00 0 
7f291acf9000-7f291aef9000 rw-p 00000000 00:00 0 
7f291aef9000-7f291b0f9000 rw-p 00000000 00:00 0 
7f291b0f9000-7f291b0fd000 ---p 00000000 00:00 0 
7f291b0fd000-7f291b3fa000 rw-p 00000000 00:00 0 
7f291b3fa000-7f291b5fa000 rw-p 00000000 00:00 0 
7f291b5fa000-7f291b5fe000 ---p 00000000 00:00 0 
7f291b5fe000-7f291b8fb000 rw-p 00000000 00:00 0 
7f291b8fb000-7f291b8ff000 ---p 00000000 00:00 0 
7f291b8ff000-7f291b9fc000 rw-p 00000000 00:00 0 
7f291b9fc000-7f291ba00000 ---p 00000000 00:00 0 
7f291ba00000-7f291bafd000 rw-p 00000000 00:00 0 
7f291bafd000-7f291bb01000 ---p 00000000 00:00 0 
7f291bb01000-7f291bbfe000 rw-p 00000000 00:00 0 
7f291bbfe000-7f291bc02000 ---p 00000000 00:00 0 
7f291bc02000-7f291beff000 rw-p 00000000 00:00 0 
7f291beff000-7f291bf03000 ---p 00000000 00:00 0 
7f291bf03000-7f291c000000 rw-p 00000000 00:00 0 
7f291c000000-7f291c021000 rw-p 00000000 00:00 0 
7f291c021000-7f2920000000 ---p 00000000 00:00 0 
7f2920000000-7f2920021000 rw-p 00000000 00:00 0 
7f2920021000-7f2924000000 ---p 00000000 00:00 0 
7f2924000000-7f2924021000 rw-p 00000000 00:00 0 
7f2924021000-7f2928000000 ---p 00000000 00:00 0 
7f2928000000-7f2928038000 rw-p 00000000 00:00 0 
7f2928038000-7f292c000000 ---p 00000000 00:00 0 
7f292c000000-7f292c026000 rw-p 00000000 00:00 0 
7f292c026000-7f2930000000 ---p 00000000 00:00 0 
7f2930000000-7f29300e4000 rw-p 00000000 00:00 0 
7f29300e4000-7f2934000000 ---p 00000000 00:00 0 
7f2934000000-7f2934021000 rw-p 00000000 00:00 0 
7f2934021000-7f2938000000 ---p 00000000 00:00 0 
7f2938000000-7f2938021000 rw-p 00000000 00:00 0 
7f2938021000-7f293c000000 ---p 00000000 00:00 0 
7f293c000000-7f293c021000 rw-p 00000000 00:00 0 
7f293c021000-7f2940000000 ---p 00000000 00:00 0 
7f2940000000-7f2940021000 rw-p 00000000 00:00 0 
7f2940021000-7f2944000000 ---p 00000000 00:00 0 
7f2944000000-7f2944021000 rw-p 00000000 00:00 0 
7f2944021000-7f2948000000 ---p 00000000 00:00 0 
7f2948000000-7f2948021000 rw-p 00000000 00:00 0 
7f2948021000-7f294c000000 ---p 00000000 00:00 0 
7f294c000000-7f294c30f000 rw-p 00000000 00:00 0 
7f294c30f000-7f2950000000 ---p 00000000 00:00 0 
7f2950000000-7f2950021000 rw-p 00000000 00:00 0 
7f2950021000-7f2954000000 ---p 00000000 00:00 0 
7f2954000000-7f2954021000 rw-p 00000000 00:00 0 
7f2954021000-7f2958000000 ---p 00000000 00:00 0 
7f2958000000-7f29592cc000 rw-p 00000000 00:00 0 
7f29592cc000-7f295c000000 ---p 00000000 00:00 0 
7f295c000000-7f295c021000 rw-p 00000000 00:00 0 
7f295c021000-7f2960000000 ---p 00000000 00:00 0 
7f2960000000-7f2960021000 rw-p 00000000 00:00 0 
7f2960021000-7f2964000000 ---p 00000000 00:00 0 
7f2964000000-7f2964021000 rw-p 00000000 00:00 0 
7f2964021000-7f2968000000 ---p 00000000 00:00 0 
7f2968000000-7f2968021000 rw-p 00000000 00:00 0 
7f2968021000-7f296c000000 ---p 00000000 00:00 0 
7f296c000000-7f296c021000 rw-p 00000000 00:00 0 
7f296c021000-7f2970000000 ---p 00000000 00:00 0 
7f2970000000-7f2970021000 rw-p 00000000 00:00 0 
7f2970021000-7f2974000000 ---p 00000000 00:00 0 
7f2974000000-7f2974021000 rw-p 00000000 00:00 0 
7f2974021000-7f2978000000 ---p 00000000 00:00 0 
7f2978000000-7f2978021000 rw-p 00000000 00:00 0 
7f2978021000-7f297c000000 ---p 00000000 00:00 0 
7f297c000000-7f297c49c000 rw-p 00000000 00:00 0 
7f297c49c000-7f2980000000 ---p 00000000 00:00 0 
7f2980000000-7f2980021000 rw-p 00000000 00:00 0 
7f2980021000-7f2984000000 ---p 00000000 00:00 0 
7f2984000000-7f2984021000 rw-p 00000000 00:00 0 
7f2984021000-7f2988000000 ---p 00000000 00:00 0 
7f29880d4000-7f29882d4000 rw-p 00000000 00:00 0 
7f29882d4000-7f29884d4000 rw-p 00000000 00:00 0 
7f29884d4000-7f29886d4000 rw-p 00000000 00:00 0 
7f29886d4000-7f29886d8000 ---p 00000000 00:00 0 
7f29886d8000-7f29887d5000 rw-p 00000000 00:00 0 
7f29887d5000-7f29887d6000 ---p 00000000 00:00 0 
7f29887d6000-7f2988ad7000 rw-p 00000000 00:00 0 
7f2988ad7000-7f2988adb000 ---p 00000000 00:00 0 
7f2988adb000-7f2988bd8000 rw-p 00000000 00:00 0 
7f2988bd8000-7f2988bdc000 ---p 00000000 00:00 0 
7f2988bdc000-7f2988cd9000 rw-p 00000000 00:00 0 
7f2988cd9000-7f2988cdd000 ---p 00000000 00:00 0 
7f2988cdd000-7f2988fda000 rw-p 00000000 00:00 0 
7f2988fda000-7f29891da000 rw-p 00000000 00:00 0 
7f29891da000-7f29891de000 ---p 00000000 00:00 0 
7f29891de000-7f29892db000 rw-p 00000000 00:00 0 
7f29892db000-7f29892df000 ---p 00000000 00:00 0 
7f29892df000-7f29895dc000 rw-p 00000000 00:00 0 
7f29895dc000-7f29895dd000 ---p 00000000 00:00 0 
7f29895dd000-7f29896de000 rw-p 00000000 00:00 0 
7f29896de000-7f29896df000 ---p 00000000 00:00 0 
7f29896df000-7f29897e0000 rw-p 00000000 00:00 0 
7f29897e0000-7f29897e1000 ---p 00000000 00:00 0 
7f29897e1000-7f29898e2000 rw-p 00000000 00:00 0 
7f29898e2000-7f29898e3000 ---p 00000000 00:00 0 
7f29898e3000-7f29899e4000 rw-p 00000000 00:00 0 
7f29899e4000-7f29899e5000 ---p 00000000 00:00 0 
7f29899e5000-7f2989ae6000 rw-p 00000000 00:00 0 
7f2989ae6000-7f2989ae7000 ---p 00000000 00:00 0 
7f2989ae7000-7f2989de8000 rw-p 00000000 00:00 0 
7f2989de8000-7f2989dec000 ---p 00000000 00:00 0 
7f2989dec000-7f2989ee9000 rw-p 00000000 00:00 0 
7f2989ee9000-7f2989eed000 ---p 00000000 00:00 0 
7f2989eed000-7f2989fea000 rw-p 00000000 00:00 0 
7f2989fea000-7f2989fee000 ---p 00000000 00:00 0 
7f2989fee000-7f298a0eb000 rw-p 00000000 00:00 0 
7f298a0eb000-7f298a0ec000 ---p 00000000 00:00 0 
7f298a0ec000-7f298a1ed000 rw-p 00000000 00:00 0 
7f298a1ed000-7f298a1ee000 ---p 00000000 00:00 0 
7f298a1ee000-7f298a2ef000 rw-p 00000000 00:00 0 
7f298a2ef000-7f298a2f0000 ---p 00000000 00:00 0 
7f298a2f0000-7f298a3f1000 rw-p 00000000 00:00 0 
7f298a3f1000-7f298a3f2000 ---p 00000000 00:00 0 
7f298a3f2000-7f298a4f3000 rw-p 00000000 00:00 0 
7f298a4f3000-7f298a4f7000 ---p 00000000 00:00 0 
7f298a4f7000-7f298a5f4000 rw-p 00000000 00:00 0 
7f298a5f4000-7f298a5f9000 r-xp 00000000 08:02 14549094                   /usr/lib/jvm/java-11-openjdk-amd64/lib/libmanagement_ext.so
7f298a5f9000-7f298a7f8000 ---p 00005000 08:02 14549094                   /usr/lib/jvm/java-11-openjdk-amd64/lib/libmanagement_ext.so
7f298a7f8000-7f298a7f9000 r--p 00004000 08:02 14549094                   /usr/lib/jvm/java-11-openjdk-amd64/lib/libmanagement_ext.so
7f298a7f9000-7f298a7fa000 rw-p 00005000 08:02 14549094                   /usr/lib/jvm/java-11-openjdk-amd64/lib/libmanagement_ext.so
7f298a7fa000-7f298a7fe000 r-xp 00000000 08:02 14549092                   /usr/lib/jvm/java-11-openjdk-amd64/lib/libmanagement.so
7f298a7fe000-7f298a9fd000 ---p 00004000 08:02 14549092                   /usr/lib/jvm/java-11-openjdk-amd64/lib/libmanagement.so
7f298a9fd000-7f298a9fe000 r--p 00003000 08:02 14549092                   /usr/lib/jvm/java-11-openjdk-amd64/lib/libmanagement.so
7f298a9fe000-7f298a9ff000 rw-p 00004000 08:02 14549092                   /usr/lib/jvm/java-11-openjdk-amd64/lib/libmanagement.so
7f298a9ff000-7f298aa01000 r-xp 00000000 08:02 14549077                   /usr/lib/jvm/java-11-openjdk-amd64/lib/libextnet.so
7f298aa01000-7f298ac00000 ---p 00002000 08:02 14549077                   /usr/lib/jvm/java-11-openjdk-amd64/lib/libextnet.so
7f298ac00000-7f298ac01000 r--p 00001000 08:02 14549077                   /usr/lib/jvm/java-11-openjdk-amd64/lib/libextnet.so
7f298ac01000-7f298ac02000 rw-p 00002000 08:02 14549077                   /usr/lib/jvm/java-11-openjdk-amd64/lib/libextnet.so
7f298ac02000-7f298ac06000 ---p 00000000 00:00 0 
7f298ac06000-7f298ad03000 rw-p 00000000 00:00 0 
7f298ad03000-7f298ad07000 ---p 00000000 00:00 0 
7f298ad07000-7f298ae04000 rw-p 00000000 00:00 0 
7f298ae04000-7f298ae1a000 r-xp 00000000 08:02 14549096                   /usr/lib/jvm/java-11-openjdk-amd64/lib/libnet.so
7f298ae1a000-7f298b019000 ---p 00016000 08:02 14549096                   /usr/lib/jvm/java-11-openjdk-amd64/lib/libnet.so
7f298b019000-7f298b01a000 r--p 00015000 08:02 14549096                   /usr/lib/jvm/java-11-openjdk-amd64/lib/libnet.so
7f298b01a000-7f298b01b000 rw-p 00016000 08:02 14549096                   /usr/lib/jvm/java-11-openjdk-amd64/lib/libnet.so
7f298b01b000-7f298b02b000 r-xp 00000000 08:02 14549097                   /usr/lib/jvm/java-11-openjdk-amd64/lib/libnio.so
7f298b02b000-7f298b22a000 ---p 00010000 08:02 14549097                   /usr/lib/jvm/java-11-openjdk-amd64/lib/libnio.so
7f298b22a000-7f298b22b000 r--p 0000f000 08:02 14549097                   /usr/lib/jvm/java-11-openjdk-amd64/lib/libnio.so
7f298b22b000-7f298b22c000 rw-p 00010000 08:02 14549097                   /usr/lib/jvm/java-11-openjdk-amd64/lib/libnio.so
7f298b22c000-7f298b230000 ---p 00000000 00:00 0 
7f298b230000-7f298b32d000 rw-p 00000000 00:00 0 
7f298b32d000-7f298b331000 ---p 00000000 00:00 0 
7f298b331000-7f298b42e000 rw-p 00000000 00:00 0 
7f298b42e000-7f298b432000 ---p 00000000 00:00 0 
7f298b432000-7f298b52f000 rw-p 00000000 00:00 0 
7f298b52f000-7f298b533000 ---p 00000000 00:00 0 
7f298b533000-7f298b630000 rw-p 00000000 00:00 0 
7f298b630000-7f298c000000 r--p 00000000 08:02 10754679                   /usr/lib/locale/locale-archive
7f298c000000-7f298c021000 rw-p 00000000 00:00 0 
7f298c021000-7f2990000000 ---p 00000000 00:00 0 
7f2990000000-7f2990021000 rw-p 00000000 00:00 0 
7f2990021000-7f2994000000 ---p 00000000 00:00 0 
7f2994000000-7f2994021000 rw-p 00000000 00:00 0 
7f2994021000-7f2998000000 ---p 00000000 00:00 0 
7f2998000000-7f2998174000 rw-p 00000000 00:00 0 
7f2998174000-7f299c000000 ---p 00000000 00:00 0 
7f299c000000-7f299c021000 rw-p 00000000 00:00 0 
7f299c021000-7f29a0000000 ---p 00000000 00:00 0 
7f29a0000000-7f29a0021000 rw-p 00000000 00:00 0 
7f29a0021000-7f29a4000000 ---p 00000000 00:00 0 
7f29a4000000-7f29a4021000 rw-p 00000000 00:00 0 
7f29a4021000-7f29a8000000 ---p 00000000 00:00 0 
7f29a801d000-7f29a8021000 ---p 00000000 00:00 0 
7f29a8021000-7f29a811e000 rw-p 00000000 00:00 0 
7f29a811e000-7f29a8122000 ---p 00000000 00:00 0 
7f29a8122000-7f29a821f000 rw-p 00000000 00:00 0 
7f29a821f000-7f29a8220000 ---p 00000000 00:00 0 
7f29a8220000-7f29a8bfd000 rw-p 00000000 00:00 0 
7f29a8bfd000-7f29a8bfe000 ---p 00000000 00:00 0 
7f29a8bfe000-7f29a8cff000 rw-p 00000000 00:00 0 
7f29a8cff000-7f29a8d00000 ---p 00000000 00:00 0 
7f29a8d00000-7f29ab609000 rw-p 00000000 00:00 0 
7f29ab609000-7f29ab60a000 ---p 00000000 00:00 0 
7f29ab60a000-7f29aba43000 rw-p 00000000 00:00 0 
7f29aba43000-7f29ad5bb000 ---p 00000000 00:00 0 
7f29ad5bb000-7f29ad8fb000 rw-p 00000000 00:00 0 
7f29ad8fb000-7f29af473000 ---p 00000000 00:00 0 
7f29af473000-7f29af4e2000 rw-p 00000000 00:00 0 
7f29af4e2000-7f29af851000 ---p 00000000 00:00 0 
7f29af851000-7f29af8b9000 rw-p 00000000 00:00 0 
7f29af8b9000-7f29afc28000 ---p 00000000 00:00 0 
7f29afc28000-7f29afc90000 rw-p 00000000 00:00 0 
7f29afc90000-7f29affff000 ---p 00000000 00:00 0 
7f29affff000-7f29b0000000 rw-p 00000000 00:00 0 
7f29b0000000-7f29b0021000 rw-p 00000000 00:00 0 
7f29b0021000-7f29b4000000 ---p 00000000 00:00 0 
7f29b404c000-7f29b404d000 ---p 00000000 00:00 0 
7f29b404d000-7f29b4956000 rw-p 00000000 00:00 0 
7f29b4956000-7f29b4bc6000 rwxp 00000000 00:00 0 
7f29b4bc6000-7f29b508a000 ---p 00000000 00:00 0 
7f29b508a000-7f29b5b3a000 rwxp 00000000 00:00 0 
7f29b5b3a000-7f29c3956000 ---p 00000000 00:00 0 
7f29c3956000-7f29cc000000 r--s 00000000 08:02 14549106                   /usr/lib/jvm/java-11-openjdk-amd64/lib/modules
7f29cc000000-7f29cc780000 rw-p 00000000 00:00 0 
7f29cc780000-7f29d0000000 ---p 00000000 00:00 0 
7f29d0047000-7f29d0048000 ---p 00000000 00:00 0 
7f29d0048000-7f29d015f000 rw-p 00000000 00:00 0 
7f29d015f000-7f29d031b000 ---p 00000000 00:00 0 
7f29d031b000-7f29d0320000 r-xp 00000000 08:02 14549088                   /usr/lib/jvm/java-11-openjdk-amd64/lib/libjimage.so
7f29d0320000-7f29d051f000 ---p 00005000 08:02 14549088                   /usr/lib/jvm/java-11-openjdk-amd64/lib/libjimage.so
7f29d051f000-7f29d0520000 r--p 00004000 08:02 14549088                   /usr/lib/jvm/java-11-openjdk-amd64/lib/libjimage.so
7f29d0520000-7f29d0521000 rw-p 00005000 08:02 14549088                   /usr/lib/jvm/java-11-openjdk-amd64/lib/libjimage.so
7f29d0521000-7f29d0528000 r-xp 00000000 08:02 14549105                   /usr/lib/jvm/java-11-openjdk-amd64/lib/libzip.so
7f29d0528000-7f29d0727000 ---p 00007000 08:02 14549105                   /usr/lib/jvm/java-11-openjdk-amd64/lib/libzip.so
7f29d0727000-7f29d0728000 r--p 00006000 08:02 14549105                   /usr/lib/jvm/java-11-openjdk-amd64/lib/libzip.so
7f29d0728000-7f29d0729000 rw-p 00007000 08:02 14549105                   /usr/lib/jvm/java-11-openjdk-amd64/lib/libzip.so
7f29d0729000-7f29d0734000 r-xp 00000000 08:02 6558456                    /lib/x86_64-linux-gnu/libnss_files-2.27.so
7f29d0734000-7f29d0933000 ---p 0000b000 08:02 6558456                    /lib/x86_64-linux-gnu/libnss_files-2.27.so
7f29d0933000-7f29d0934000 r--p 0000a000 08:02 6558456                    /lib/x86_64-linux-gnu/libnss_files-2.27.so
7f29d0934000-7f29d0935000 rw-p 0000b000 08:02 6558456                    /lib/x86_64-linux-gnu/libnss_files-2.27.so
7f29d0935000-7f29d093b000 rw-p 00000000 00:00 0 
7f29d093b000-7f29d0952000 r-xp 00000000 08:02 6558450                    /lib/x86_64-linux-gnu/libnsl-2.27.so
7f29d0952000-7f29d0b51000 ---p 00017000 08:02 6558450                    /lib/x86_64-linux-gnu/libnsl-2.27.so
7f29d0b51000-7f29d0b52000 r--p 00016000 08:02 6558450                    /lib/x86_64-linux-gnu/libnsl-2.27.so
7f29d0b52000-7f29d0b53000 rw-p 00017000 08:02 6558450                    /lib/x86_64-linux-gnu/libnsl-2.27.so
7f29d0b53000-7f29d0b55000 rw-p 00000000 00:00 0 
7f29d0b55000-7f29d0b60000 r-xp 00000000 08:02 6558467                    /lib/x86_64-linux-gnu/libnss_nis-2.27.so
7f29d0b60000-7f29d0d5f000 ---p 0000b000 08:02 6558467                    /lib/x86_64-linux-gnu/libnss_nis-2.27.so
7f29d0d5f000-7f29d0d60000 r--p 0000a000 08:02 6558467                    /lib/x86_64-linux-gnu/libnss_nis-2.27.so
7f29d0d60000-7f29d0d61000 rw-p 0000b000 08:02 6558467                    /lib/x86_64-linux-gnu/libnss_nis-2.27.so
7f29d0d61000-7f29d0d69000 r-xp 00000000 08:02 6558452                    /lib/x86_64-linux-gnu/libnss_compat-2.27.so
7f29d0d69000-7f29d0f69000 ---p 00008000 08:02 6558452                    /lib/x86_64-linux-gnu/libnss_compat-2.27.so
7f29d0f69000-7f29d0f6a000 r--p 00008000 08:02 6558452                    /lib/x86_64-linux-gnu/libnss_compat-2.27.so
7f29d0f6a000-7f29d0f6b000 rw-p 00009000 08:02 6558452                    /lib/x86_64-linux-gnu/libnss_compat-2.27.so
7f29d0f6b000-7f29d0f75000 r-xp 00000000 08:02 14549079                   /usr/lib/jvm/java-11-openjdk-amd64/lib/libinstrument.so
7f29d0f75000-7f29d1174000 ---p 0000a000 08:02 14549079                   /usr/lib/jvm/java-11-openjdk-amd64/lib/libinstrument.so
7f29d1174000-7f29d1175000 r--p 00009000 08:02 14549079                   /usr/lib/jvm/java-11-openjdk-amd64/lib/libinstrument.so
7f29d1175000-7f29d1176000 rw-p 0000a000 08:02 14549079                   /usr/lib/jvm/java-11-openjdk-amd64/lib/libinstrument.so
7f29d1176000-7f29d119f000 r-xp 00000000 08:02 14549084                   /usr/lib/jvm/java-11-openjdk-amd64/lib/libjava.so
7f29d119f000-7f29d139e000 ---p 00029000 08:02 14549084                   /usr/lib/jvm/java-11-openjdk-amd64/lib/libjava.so
7f29d139e000-7f29d139f000 r--p 00028000 08:02 14549084                   /usr/lib/jvm/java-11-openjdk-amd64/lib/libjava.so
7f29d139f000-7f29d13a1000 rw-p 00029000 08:02 14549084                   /usr/lib/jvm/java-11-openjdk-amd64/lib/libjava.so
7f29d13a1000-7f29d13ae000 r-xp 00000000 08:02 14549104                   /usr/lib/jvm/java-11-openjdk-amd64/lib/libverify.so
7f29d13ae000-7f29d15ad000 ---p 0000d000 08:02 14549104                   /usr/lib/jvm/java-11-openjdk-amd64/lib/libverify.so
7f29d15ad000-7f29d15af000 r--p 0000c000 08:02 14549104                   /usr/lib/jvm/java-11-openjdk-amd64/lib/libverify.so
7f29d15af000-7f29d15b0000 rw-p 0000e000 08:02 14549104                   /usr/lib/jvm/java-11-openjdk-amd64/lib/libverify.so
7f29d15b0000-7f29d15b7000 r-xp 00000000 08:02 6558507                    /lib/x86_64-linux-gnu/librt-2.27.so
7f29d15b7000-7f29d17b6000 ---p 00007000 08:02 6558507                    /lib/x86_64-linux-gnu/librt-2.27.so
7f29d17b6000-7f29d17b7000 r--p 00006000 08:02 6558507                    /lib/x86_64-linux-gnu/librt-2.27.so
7f29d17b7000-7f29d17b8000 rw-p 00007000 08:02 6558507                    /lib/x86_64-linux-gnu/librt-2.27.so
7f29d17b8000-7f29d17cf000 r-xp 00000000 08:02 6555672                    /lib/x86_64-linux-gnu/libgcc_s.so.1
7f29d17cf000-7f29d19ce000 ---p 00017000 08:02 6555672                    /lib/x86_64-linux-gnu/libgcc_s.so.1
7f29d19ce000-7f29d19cf000 r--p 00016000 08:02 6555672                    /lib/x86_64-linux-gnu/libgcc_s.so.1
7f29d19cf000-7f29d19d0000 rw-p 00017000 08:02 6555672                    /lib/x86_64-linux-gnu/libgcc_s.so.1
7f29d19d0000-7f29d1b6d000 r-xp 00000000 08:02 6558429                    /lib/x86_64-linux-gnu/libm-2.27.so
7f29d1b6d000-7f29d1d6c000 ---p 0019d000 08:02 6558429                    /lib/x86_64-linux-gnu/libm-2.27.so
7f29d1d6c000-7f29d1d6d000 r--p 0019c000 08:02 6558429                    /lib/x86_64-linux-gnu/libm-2.27.so
7f29d1d6d000-7f29d1d6e000 rw-p 0019d000 08:02 6558429                    /lib/x86_64-linux-gnu/libm-2.27.so
7f29d1d6e000-7f29d1ee7000 r-xp 00000000 08:02 10760711                   /usr/lib/x86_64-linux-gnu/libstdc++.so.6.0.25
7f29d1ee7000-7f29d20e7000 ---p 00179000 08:02 10760711                   /usr/lib/x86_64-linux-gnu/libstdc++.so.6.0.25
7f29d20e7000-7f29d20f1000 r--p 00179000 08:02 10760711                   /usr/lib/x86_64-linux-gnu/libstdc++.so.6.0.25
7f29d20f1000-7f29d20f3000 rw-p 00183000 08:02 10760711                   /usr/lib/x86_64-linux-gnu/libstdc++.so.6.0.25
7f29d20f3000-7f29d20f7000 rw-p 00000000 00:00 0 
7f29d20f7000-7f29d31c3000 r-xp 00000000 08:02 14549109                   /usr/lib/jvm/java-11-openjdk-amd64/lib/server/libjvm.so
7f29d31c3000-7f29d33c2000 ---p 010cc000 08:02 14549109                   /usr/lib/jvm/java-11-openjdk-amd64/lib/server/libjvm.so
7f29d33c2000-7f29d347f000 r--p 010cb000 08:02 14549109                   /usr/lib/jvm/java-11-openjdk-amd64/lib/server/libjvm.so
7f29d347f000-7f29d34b8000 rw-p 01188000 08:02 14549109                   /usr/lib/jvm/java-11-openjdk-amd64/lib/server/libjvm.so
7f29d34b8000-7f29d350e000 rw-p 00000000 00:00 0 
7f29d350e000-7f29d3528000 r-xp 00000000 08:02 6558499                    /lib/x86_64-linux-gnu/libpthread-2.27.so
7f29d3528000-7f29d3727000 ---p 0001a000 08:02 6558499                    /lib/x86_64-linux-gnu/libpthread-2.27.so
7f29d3727000-7f29d3728000 r--p 00019000 08:02 6558499                    /lib/x86_64-linux-gnu/libpthread-2.27.so
7f29d3728000-7f29d3729000 rw-p 0001a000 08:02 6558499                    /lib/x86_64-linux-gnu/libpthread-2.27.so
7f29d3729000-7f29d372d000 rw-p 00000000 00:00 0 
7f29d372d000-7f29d3730000 r-xp 00000000 08:02 6558389                    /lib/x86_64-linux-gnu/libdl-2.27.so
7f29d3730000-7f29d392f000 ---p 00003000 08:02 6558389                    /lib/x86_64-linux-gnu/libdl-2.27.so
7f29d392f000-7f29d3930000 r--p 00002000 08:02 6558389                    /lib/x86_64-linux-gnu/libdl-2.27.so
7f29d3930000-7f29d3931000 rw-p 00003000 08:02 6558389                    /lib/x86_64-linux-gnu/libdl-2.27.so
7f29d3931000-7f29d394d000 r-xp 00000000 08:02 6558538                    /lib/x86_64-linux-gnu/libz.so.1.2.11
7f29d394d000-7f29d3b4c000 ---p 0001c000 08:02 6558538                    /lib/x86_64-linux-gnu/libz.so.1.2.11
7f29d3b4c000-7f29d3b4d000 r--p 0001b000 08:02 6558538                    /lib/x86_64-linux-gnu/libz.so.1.2.11
7f29d3b4d000-7f29d3b4e000 rw-p 0001c000 08:02 6558538                    /lib/x86_64-linux-gnu/libz.so.1.2.11
7f29d3b4e000-7f29d3d35000 r-xp 00000000 08:02 6558366                    /lib/x86_64-linux-gnu/libc-2.27.so
7f29d3d35000-7f29d3f35000 ---p 001e7000 08:02 6558366                    /lib/x86_64-linux-gnu/libc-2.27.so
7f29d3f35000-7f29d3f39000 r--p 001e7000 08:02 6558366                    /lib/x86_64-linux-gnu/libc-2.27.so
7f29d3f39000-7f29d3f3b000 rw-p 001eb000 08:02 6558366                    /lib/x86_64-linux-gnu/libc-2.27.so
7f29d3f3b000-7f29d3f3f000 rw-p 00000000 00:00 0 
7f29d3f3f000-7f29d3f4f000 r-xp 00000000 08:02 14549068                   /usr/lib/jvm/java-11-openjdk-amd64/lib/jli/libjli.so
7f29d3f4f000-7f29d414e000 ---p 00010000 08:02 14549068                   /usr/lib/jvm/java-11-openjdk-amd64/lib/jli/libjli.so
7f29d414e000-7f29d414f000 r--p 0000f000 08:02 14549068                   /usr/lib/jvm/java-11-openjdk-amd64/lib/jli/libjli.so
7f29d414f000-7f29d4150000 rw-p 00010000 08:02 14549068                   /usr/lib/jvm/java-11-openjdk-amd64/lib/jli/libjli.so
7f29d4150000-7f29d4177000 r-xp 00000000 08:02 6558338                    /lib/x86_64-linux-gnu/ld-2.27.so
7f29d41d0000-7f29d424f000 rw-p 00000000 00:00 0 
7f29d424f000-7f29d4253000 ---p 00000000 00:00 0 
7f29d4253000-7f29d4352000 rw-p 00000000 00:00 0 
7f29d435a000-7f29d435f000 rw-p 00000000 00:00 0 
7f29d435f000-7f29d4369000 ---p 00000000 00:00 0 
7f29d4369000-7f29d436b000 r--s 00007000 08:02 11146480                   /usr/share/java/java-atk-wrapper.jar
7f29d436b000-7f29d4373000 rw-s 00000000 08:02 13369883                   /tmp/hsperfdata_jl/6831
7f29d4373000-7f29d4374000 ---p 00000000 00:00 0 
7f29d4374000-7f29d4375000 r--p 00000000 00:00 0 
7f29d4375000-7f29d4377000 rw-p 00000000 00:00 0 
7f29d4377000-7f29d4378000 r--p 00027000 08:02 6558338                    /lib/x86_64-linux-gnu/ld-2.27.so
7f29d4378000-7f29d4379000 rw-p 00028000 08:02 6558338                    /lib/x86_64-linux-gnu/ld-2.27.so
7f29d4379000-7f29d437a000 rw-p 00000000 00:00 0 
7fff68476000-7fff68499000 rw-p 00000000 00:00 0                          [stack]
7fff68546000-7fff68549000 r--p 00000000 00:00 0                          [vvar]
7fff68549000-7fff6854b000 r-xp 00000000 00:00 0                          [vdso]
ffffffffff600000-ffffffffff601000 r-xp 00000000 00:00 0                  [vsyscall]


VM Arguments:
jvm_args: -XX:TieredStopAtLevel=1 -Xverify:none -Dspring.output.ansi.enabled=always -Dcom.sun.management.jmxremote -Dspring.jmx.enabled=true -Dspring.liveBeansView.mbeanDomain -Dspring.application.admin.enabled=true -javaagent:/home/jl/Downloads/idea-IU-192.5728.98/lib/idea_rt.jar=38269:/home/jl/Downloads/idea-IU-192.5728.98/bin -Dfile.encoding=UTF-8 
java_command: com.qo.InfoApplication
java_class_path (initial): /home/jl/Documents/spyyy/info/target/classes:/home/jl/.m2/repository/org/springframework/boot/spring-boot-starter-tomcat/2.1.6.RELEASE/spring-boot-starter-tomcat-2.1.6.RELEASE.jar:/home/jl/.m2/repository/javax/annotation/javax.annotation-api/1.3.2/javax.annotation-api-1.3.2.jar:/home/jl/.m2/repository/org/apache/tomcat/embed/tomcat-embed-core/9.0.21/tomcat-embed-core-9.0.21.jar:/home/jl/.m2/repository/org/apache/tomcat/embed/tomcat-embed-el/9.0.21/tomcat-embed-el-9.0.21.jar:/home/jl/.m2/repository/org/apache/tomcat/embed/tomcat-embed-websocket/9.0.21/tomcat-embed-websocket-9.0.21.jar:/home/jl/.m2/repository/org/apache/commons/commons-lang3/3.8.1/commons-lang3-3.8.1.jar:/home/jl/.m2/repository/org/springframework/boot/spring-boot-devtools/2.1.6.RELEASE/spring-boot-devtools-2.1.6.RELEASE.jar:/home/jl/.m2/repository/org/springframework/boot/spring-boot/2.1.6.RELEASE/spring-boot-2.1.6.RELEASE.jar:/home/jl/.m2/repository/org/springframework/spring-context/5.1.8.RELEASE/spring-context-5.1.8.RELEASE.jar:/home/jl/.m2/repository/org/springframework/boot/spring-boot-autoconfigure/2.1.6.RELEASE/spring-boot-autoconfigure-2.1.6.RELEASE.jar:/home/jl/.m2/repository/org/springframework/boot/spring-boot-starter/2.1.6.RELEASE/spring-boot-starter-2.1.6.RELEASE.jar:/home/jl/.m2/repository/org/springframework/boot/spring-boot-starter-logging/2.1.6.RELEASE/spring-boot-starter-logging-2.1.6.RELEASE.jar:/home/jl/.m2/repository/ch/qos/logback/logback-classic/1.2.3/logback-classic-1.2.3.jar:/home/jl/.m2/repository/ch/qos/logback/logback-core/1.2.3/logback-core-1.2.3.jar:/home/jl/.m2/repository/org/apache/logging/log4j/log4j-to-slf4j/2.11.2/log4j-to-slf4j-2.11.2.jar:/home/jl/.m2/repository/org/apache/logging/log4j/log4j-api/2.11.2/log4j-api-2.11.2.jar:/home/jl/.m2/repository/org/slf4j/jul-to-slf4j/1.7.26/jul-to-slf4j-1.7.26.jar:/home/jl/.m2/repository/org/yaml/snakeyaml/1.23/snakeyaml-1.23.jar:/home/jl/.m2/repository/org/slf4j/slf4j-api/1.7.26/slf4j-api-1.7.26.jar
Launcher Type: SUN_STANDARD

[Global flags]
     bool BytecodeVerificationLocal                = false                                     {product} {command line}
     bool BytecodeVerificationRemote               = false                                     {product} {command line}
     intx CICompilerCount                          = 4                                         {product} {ergonomic}
     uint ConcGCThreads                            = 2                                         {product} {ergonomic}
     uint G1ConcRefinementThreads                  = 8                                         {product} {ergonomic}
   size_t G1HeapRegionSize                         = 1048576                                   {product} {ergonomic}
    uintx GCDrainStackTargetSize                   = 64                                        {product} {ergonomic}
   size_t InitialHeapSize                          = 130023424                                 {product} {ergonomic}
     bool ManagementServer                         = true                                      {product} {command line}
   size_t MarkStackSize                            = 4194304                                   {product} {ergonomic}
   size_t MaxHeapSize                              = 2061500416                                {product} {ergonomic}
   size_t MaxNewSize                               = 1236271104                                {product} {ergonomic}
   size_t MinHeapDeltaBytes                        = 1048576                                   {product} {ergonomic}
    uintx NonNMethodCodeHeapSize                   = 7549744                                {pd product} {ergonomic}
    uintx NonProfiledCodeHeapSize                  = 244108496                              {pd product} {ergonomic}
    uintx ProfiledCodeHeapSize                     = 0                                      {pd product} {ergonomic}
    uintx ReservedCodeCacheSize                    = 251658240                              {pd product} {ergonomic}
     bool SegmentedCodeCache                       = true                                      {product} {ergonomic}
     intx TieredStopAtLevel                        = 1                                         {product} {command line}
     bool UseCompressedClassPointers               = true                                 {lp64_product} {ergonomic}
     bool UseCompressedOops                        = true                                 {lp64_product} {ergonomic}
     bool UseG1GC                                  = true                                      {product} {ergonomic}

Logging:
Log output configuration:
 #0: stdout all=warning uptime,level,tags
 #1: stderr all=off uptime,level,tags

Environment Variables:
PATH=/home/jl/.local/bin:/usr/local/sbin:/usr/local/bin:/usr/sbin:/usr/bin:/sbin:/bin:/usr/games:/usr/local/games:/snap/bin
USERNAME=jl
SHELL=/bin/bash
DISPLAY=:0

Signal Handlers:
SIGSEGV: [libjvm.so+0xde5f50], sa_mask[0]=11111111011111111101111111111110, sa_flags=SA_RESTART|SA_SIGINFO
SIGBUS: [libjvm.so+0xde5f50], sa_mask[0]=11111111011111111101111111111110, sa_flags=SA_RESTART|SA_SIGINFO
SIGFPE: [libjvm.so+0xde5f50], sa_mask[0]=11111111011111111101111111111110, sa_flags=SA_RESTART|SA_SIGINFO
SIGPIPE: [libjvm.so+0xbba5b0], sa_mask[0]=11111111011111111101111111111110, sa_flags=SA_RESTART|SA_SIGINFO
SIGXFSZ: [libjvm.so+0xbba5b0], sa_mask[0]=11111111011111111101111111111110, sa_flags=SA_RESTART|SA_SIGINFO
SIGILL: [libjvm.so+0xde5f50], sa_mask[0]=11111111011111111101111111111110, sa_flags=SA_RESTART|SA_SIGINFO
SIGUSR2: [libjvm.so+0xbba450], sa_mask[0]=00100000000000000000000000000000, sa_flags=SA_RESTART|SA_SIGINFO
SIGHUP: [libjvm.so+0xbba7b0], sa_mask[0]=11111111011111111101111111111110, sa_flags=SA_RESTART|SA_SIGINFO
SIGINT: [libjvm.so+0xbba7b0], sa_mask[0]=11111111011111111101111111111110, sa_flags=SA_RESTART|SA_SIGINFO
SIGTERM: [libjvm.so+0xbba7b0], sa_mask[0]=11111111011111111101111111111110, sa_flags=SA_RESTART|SA_SIGINFO
SIGQUIT: [libjvm.so+0xbba7b0], sa_mask[0]=11111111011111111101111111111110, sa_flags=SA_RESTART|SA_SIGINFO


---------------  S Y S T E M  ---------------

OS:DISTRIB_ID=Ubuntu
DISTRIB_RELEASE=18.04
DISTRIB_CODENAME=bionic
DISTRIB_DESCRIPTION="Ubuntu 18.04.3 LTS"
uname:Linux 4.15.0-60-generic #67-Ubuntu SMP Thu Aug 22 16:55:30 UTC 2019 x86_64
libc:glibc 2.27 NPTL 2.27 
rlimit: STACK 8192k, CORE 0k, NPROC 30555, NOFILE 1048576, AS infinity, DATA infinity, FSIZE infinity
load average:29.26 29.03 23.11

/proc/meminfo:
MemTotal:        8051620 kB
MemFree:          128072 kB
MemAvailable:      77552 kB
Buffers:             540 kB
Cached:           728604 kB
SwapCached:         1168 kB
Active:          6421952 kB
Inactive:         933688 kB
Active(anon):    6413112 kB
Inactive(anon):   916228 kB
Active(file):       8840 kB
Inactive(file):    17460 kB
Unevictable:         112 kB
Mlocked:             112 kB
SwapTotal:       2097148 kB
SwapFree:              0 kB
Dirty:               396 kB
Writeback:            12 kB
AnonPages:       6627008 kB
Mapped:            42512 kB
Shmem:            702316 kB
Slab:             269612 kB
SReclaimable:     152212 kB
SUnreclaim:       117400 kB
KernelStack:       34576 kB
PageTables:       137612 kB
NFS_Unstable:          0 kB
Bounce:                0 kB
WritebackTmp:          0 kB
CommitLimit:     6122956 kB
Committed_AS:   21968388 kB
VmallocTotal:   34359738367 kB
VmallocUsed:           0 kB
VmallocChunk:          0 kB
HardwareCorrupted:     0 kB
AnonHugePages:         0 kB
ShmemHugePages:        0 kB
ShmemPmdMapped:        0 kB
CmaTotal:              0 kB
CmaFree:               0 kB
HugePages_Total:       0
HugePages_Free:        0
HugePages_Rsvd:        0
HugePages_Surp:        0
Hugepagesize:       2048 kB
DirectMap4k:      531060 kB
DirectMap2M:     7741440 kB
DirectMap1G:           0 kB


/proc/sys/kernel/threads-max (system-wide limit on the number of threads):
61110


/proc/sys/vm/max_map_count (maximum number of memory map areas a process may have):
65530


/proc/sys/kernel/pid_max (system-wide limit on number of process identifiers):
32768



container (cgroup) information:
container_type: cgroupv1
cpu_cpuset_cpus: 0-7
cpu_memory_nodes: 0
active_processor_count: 8
cpu_quota: -1
cpu_period: 100000
cpu_shares: -1
memory_limit_in_bytes: -1
memory_and_swap_limit_in_bytes: -2
memory_soft_limit_in_bytes: -1
memory_usage_in_bytes: 7542403072
memory_max_usage_in_bytes: 75997184

Steal ticks since vm start: 0
Steal ticks percentage since vm start:  0.000

CPU:total 8 (initial active 8) (4 cores per cpu, 2 threads per core) family 6 model 142 stepping 10, cmov, cx8, fxsr, mmx, sse, sse2, sse3, ssse3, sse4.1, sse4.2, popcnt, avx, avx2, aes, clmul, erms, 3dnowpref, lzcnt, ht, tsc, tscinvbit, bmi1, bmi2, adx, fma
CPU Model and flags from /proc/cpuinfo:
model name	: Intel(R) Core(TM) i7-8550U CPU @ 1.80GHz
flags		: fpu vme de pse tsc msr pae mce cx8 apic sep mtrr pge mca cmov pat pse36 clflush dts acpi mmx fxsr sse sse2 ss ht tm pbe syscall nx pdpe1gb rdtscp lm constant_tsc art arch_perfmon pebs bts rep_good nopl xtopology nonstop_tsc cpuid aperfmperf tsc_known_freq pni pclmulqdq dtes64 monitor ds_cpl vmx est tm2 ssse3 sdbg fma cx16 xtpr pdcm pcid sse4_1 sse4_2 x2apic movbe popcnt tsc_deadline_timer aes xsave avx f16c rdrand lahf_lm abm 3dnowprefetch cpuid_fault epb invpcid_single pti ssbd ibrs ibpb stibp tpr_shadow vnmi flexpriority ept vpid fsgsbase tsc_adjust bmi1 avx2 smep bmi2 erms invpcid mpx rdseed adx smap clflushopt intel_pt xsaveopt xsavec xgetbv1 xsaves dtherm ida arat pln pts hwp hwp_notify hwp_act_window hwp_epp md_clear flush_l1d

Memory: 4k page, physical 8051620k(123304k free), swap 2097148k(0k free)

vm_info: OpenJDK 64-Bit Server VM (11.0.4+11-post-Ubuntu-1ubuntu218.04.3) for linux-amd64 JRE (11.0.4+11-post-Ubuntu-1ubuntu218.04.3), built on Jul 18 2019 18:21:46 by "buildd" with gcc 7.4.0

END.
